#
# There is insufficient memory for the Java Runtime Environment to continue.
# Native memory allocation (malloc) failed to allocate 408336 bytes for Chunk::new
# Possible reasons:
#   The system is out of physical RAM or swap space
#   In 32 bit mode, the process size limit was hit
# Possible solutions:
#   Reduce memory load on the system
#   Increase physical memory or swap space
#   Check if swap backing store is full
#   Use 64 bit Java on a 64 bit OS
#   Decrease Java heap size (-Xmx/-Xms)
#   Decrease number of Java threads
#   Decrease Java thread stack sizes (-Xss)
#   Set larger code cache with -XX:ReservedCodeCacheSize=
# This output file may be truncated or incomplete.
#
#  Out of Memory Error (allocation.cpp:390), pid=6291, tid=0x00002b4216149700
#
# JRE version: OpenJDK Runtime Environment (8.0_152-b12) (build 1.8.0_152-release-1056-b12)
# Java VM: OpenJDK 64-Bit Server VM (25.152-b12 mixed mode linux-amd64 compressed oops)
# Failed to write core dump. Core dumps have been disabled. To enable core dumping, try "ulimit -c unlimited" before starting Java again
#

---------------  T H R E A D  ---------------

Current thread (0x00002b413020a000):  JavaThread "C2 CompilerThread1" daemon [_thread_in_native, id=6307, stack(0x00002b4216049000,0x00002b421614a000)]

Stack: [0x00002b4216049000,0x00002b421614a000],  sp=0x00002b4216143d80,  free space=1003k
Native frames: (J=compiled Java code, j=interpreted, Vv=VM code, C=native code)
V  [libjvm.so+0xa3a68e]  VMError::report_and_die()+0x14e
V  [libjvm.so+0x4dc9b9]  report_vm_out_of_memory(char const*, int, unsigned long, VMErrorType, char const*)+0x99
V  [libjvm.so+0x2d7606]  _ZN5ChunknwEmN17AllocFailStrategy13AllocFailEnumEm.clone.0+0x156
V  [libjvm.so+0x2d7df1]  Arena::grow(unsigned long, AllocFailStrategy::AllocFailEnum)+0x41
V  [libjvm.so+0x54b530]  PhaseIdealLoop::Dominators()+0x90
V  [libjvm.so+0x7b26c6]  PhaseIdealLoop::build_and_optimize(bool, bool)+0x466
V  [libjvm.so+0x489026]  Compile::Optimize()+0xbe6
V  [libjvm.so+0x48b095]  Compile::Compile(ciEnv*, C2Compiler*, ciMethod*, int, bool, bool, bool)+0x1185
V  [libjvm.so+0x3e2f7c]  C2Compiler::compile_method(ciEnv*, ciMethod*, int)+0x20c
V  [libjvm.so+0x490456]  CompileBroker::invoke_compiler_on_method(CompileTask*)+0xd16
V  [libjvm.so+0x494677]  CompileBroker::compiler_thread_loop()+0x657
V  [libjvm.so+0x9ee441]  JavaThread::thread_main_inner()+0xf1
V  [libjvm.so+0x9ee628]  JavaThread::run()+0x1b8
V  [libjvm.so+0x8abbd2]  java_start(Thread*)+0x122
C  [libpthread.so.0+0x7aa1]


Current CompileTask:
C2:   8166  508       4       javassist.bytecode.ClassFile::read (301 bytes)


---------------  P R O C E S S  ---------------

Java Threads: ( => current thread )
  0x00002b4130211800 JavaThread "Service Thread" daemon [_thread_blocked, id=6310, stack(0x00002b45ce2b5000,0x00002b45ce3b6000)]
  0x00002b413020e000 JavaThread "C1 CompilerThread3" daemon [_thread_blocked, id=6309, stack(0x00002b424a14e000,0x00002b424a24f000)]
  0x00002b413020c000 JavaThread "C2 CompilerThread2" daemon [_thread_in_native, id=6308, stack(0x00002b452e1ad000,0x00002b452e2ae000)]
=>0x00002b413020a000 JavaThread "C2 CompilerThread1" daemon [_thread_in_native, id=6307, stack(0x00002b4216049000,0x00002b421614a000)]
  0x00002b4130207000 JavaThread "C2 CompilerThread0" daemon [_thread_in_native, id=6306, stack(0x00002b41fa147000,0x00002b41fa248000)]
  0x00002b4130205000 JavaThread "Signal Dispatcher" daemon [_thread_blocked, id=6305, stack(0x00002b41fa046000,0x00002b41fa147000)]
  0x00002b41301d2000 JavaThread "Finalizer" daemon [_thread_blocked, id=6304, stack(0x00002b41e1f44000,0x00002b41e2045000)]
  0x00002b41301cd800 JavaThread "Reference Handler" daemon [_thread_blocked, id=6303, stack(0x00002b4199e3b000,0x00002b4199f3c000)]
  0x00002b4130008800 JavaThread "main" [_thread_in_native, id=6293, stack(0x00002b412d82a000,0x00002b412d92b000)]

Other Threads:
  0x00002b41301c5800 VMThread [stack: 0x00002b4181d39000,0x00002b4181e3a000] [id=6302]
  0x00002b4130214000 WatcherThread [stack: 0x00002b46163b9000,0x00002b46164ba000] [id=6311]

VM state:not at safepoint (normal execution)

VM Mutex/Monitor currently owned by a thread: None

Heap:
 PSYoungGen      total 188416K, used 130653K [0x00000000d5580000, 0x00000000ec580000, 0x0000000100000000)
  eden space 161792K, 64% used [0x00000000d5580000,0x00000000dbb36560,0x00000000df380000)
  from space 26624K, 99% used [0x00000000df380000,0x00000000e0d61260,0x00000000e0d80000)
  to   space 26624K, 0% used [0x00000000eab80000,0x00000000eab80000,0x00000000ec580000)
 ParOldGen       total 430080K, used 8K [0x0000000080000000, 0x000000009a400000, 0x00000000d5580000)
  object space 430080K, 0% used [0x0000000080000000,0x0000000080002000,0x000000009a400000)
 Metaspace       used 4816K, capacity 5836K, committed 6016K, reserved 1056768K
  class space    used 534K, capacity 584K, committed 640K, reserved 1048576K

Card table byte_map: [0x00002b41433c0000,0x00002b41437c1000] byte_map_base: 0x00002b4142fc0000

Marking Bits: (ParMarkBitMap*) 0x00002b412d7f8d00
 Begin Bits: [0x00002b4154000000, 0x00002b4156000000)
 End Bits:   [0x00002b4156000000, 0x00002b4158000000)

Polling page: 0x00002b412dd6c000

CodeCache: size=245760Kb used=2844Kb max_used=2844Kb free=242915Kb
 bounds [0x00002b4134000000, 0x00002b41342d0000, 0x00002b4143000000]
 total_blobs=864 nmethods=609 adapters=171
 compilation: enabled

Compilation events (10 events):
Event: 7.858 Thread 0x00002b413020e000  613  s    3       java.io.BufferedInputStream::read (113 bytes)
Event: 7.859 Thread 0x00002b413020e000 nmethod 613 0x00002b41342b9fd0 code [0x00002b41342ba1c0, 0x00002b41342bab38]
Event: 8.056 Thread 0x00002b413020e000  616       3       java.lang.Exception::<init> (7 bytes)
Event: 8.061 Thread 0x00002b413020e000 nmethod 616 0x00002b41342b9c50 code [0x00002b41342b9dc0, 0x00002b41342b9f48]
Event: 8.061 Thread 0x00002b413020e000  617       3       java.lang.Throwable::<init> (39 bytes)
Event: 8.062 Thread 0x00002b413020e000 nmethod 617 0x00002b41342b93d0 code [0x00002b41342b9560, 0x00002b41342b9b08]
Event: 8.081 Thread 0x00002b413020e000  618       3       java.lang.Throwable::<init> (34 bytes)
Event: 8.097 Thread 0x00002b413020e000 nmethod 618 0x00002b41342c9fd0 code [0x00002b41342ca160, 0x00002b41342ca6e8]
Event: 8.097 Thread 0x00002b413020e000  619       3       java.lang.Exception::<init> (6 bytes)
Event: 8.109 Thread 0x00002b413020e000 nmethod 619 0x00002b41342ca850 code [0x00002b41342ca9e0, 0x00002b41342cafc8]

GC Heap History (2 events):
Event: 6.481 GC heap before
{Heap before GC invocations=1 (full 0):
 PSYoungGen      total 188416K, used 161792K [0x00000000d5580000, 0x00000000e2780000, 0x0000000100000000)
  eden space 161792K, 100% used [0x00000000d5580000,0x00000000df380000,0x00000000df380000)
  from space 26624K, 0% used [0x00000000e0d80000,0x00000000e0d80000,0x00000000e2780000)
  to   space 26624K, 0% used [0x00000000df380000,0x00000000df380000,0x00000000e0d80000)
 ParOldGen       total 430080K, used 0K [0x0000000080000000, 0x000000009a400000, 0x00000000d5580000)
  object space 430080K, 0% used [0x0000000080000000,0x0000000080000000,0x000000009a400000)
 Metaspace       used 4806K, capacity 5836K, committed 6016K, reserved 1056768K
  class space    used 534K, capacity 584K, committed 640K, reserved 1048576K
Event: 6.565 GC heap after
Heap after GC invocations=1 (full 0):
 PSYoungGen      total 188416K, used 26500K [0x00000000d5580000, 0x00000000ec580000, 0x0000000100000000)
  eden space 161792K, 0% used [0x00000000d5580000,0x00000000d5580000,0x00000000df380000)
  from space 26624K, 99% used [0x00000000df380000,0x00000000e0d61260,0x00000000e0d80000)
  to   space 26624K, 0% used [0x00000000eab80000,0x00000000eab80000,0x00000000ec580000)
 ParOldGen       total 430080K, used 8K [0x0000000080000000, 0x000000009a400000, 0x00000000d5580000)
  object space 430080K, 0% used [0x0000000080000000,0x0000000080002000,0x000000009a400000)
 Metaspace       used 4806K, capacity 5836K, committed 6016K, reserved 1056768K
  class space    used 534K, capacity 584K, committed 640K, reserved 1048576K
}

Deoptimization events (10 events):
Event: 7.768 Thread 0x00002b4130008800 Uncommon trap: reason=unstable_if action=reinterpret pc=0x00002b41342a5f08 method=java.util.zip.ZipCoder.decoder()Ljava/nio/charset/CharsetDecoder; @ 4
Event: 7.769 Thread 0x00002b4130008800 Uncommon trap: reason=class_check action=maybe_recompile pc=0x00002b4134297ef0 method=java.io.BufferedInputStream.fill()V @ 214
Event: 7.769 Thread 0x00002b4130008800 Uncommon trap: reason=class_check action=maybe_recompile pc=0x00002b4134297ef0 method=java.io.BufferedInputStream.fill()V @ 214
Event: 7.769 Thread 0x00002b4130008800 Uncommon trap: reason=class_check action=maybe_recompile pc=0x00002b4134297ef0 method=java.io.BufferedInputStream.fill()V @ 214
Event: 7.774 Thread 0x00002b4130008800 Uncommon trap: reason=class_check action=maybe_recompile pc=0x00002b4134297ef0 method=java.io.BufferedInputStream.fill()V @ 214
Event: 7.803 Thread 0x00002b4130008800 Uncommon trap: reason=class_check action=maybe_recompile pc=0x00002b41341ebc20 method=java.io.BufferedInputStream.read([BII)I @ 101
Event: 7.814 Thread 0x00002b4130008800 Uncommon trap: reason=class_check action=maybe_recompile pc=0x00002b41341ebc20 method=java.io.BufferedInputStream.read([BII)I @ 101
Event: 7.819 Thread 0x00002b4130008800 Uncommon trap: reason=class_check action=maybe_recompile pc=0x00002b41341ebc20 method=java.io.BufferedInputStream.read([BII)I @ 101
Event: 7.852 Thread 0x00002b4130008800 Uncommon trap: reason=class_check action=maybe_recompile pc=0x00002b41341ebc20 method=java.io.BufferedInputStream.read([BII)I @ 101
Event: 7.858 Thread 0x00002b4130008800 Uncommon trap: reason=class_check action=maybe_recompile pc=0x00002b41341efbe4 method=java.io.BufferedInputStream.read([BII)I @ 101

Classes redefined (0 events):
No events

Internal exceptions (9 events):
Event: 0.511 Thread 0x00002b4130008800 Exception <a 'java/lang/NoSuchMethodError': Method sun.misc.Unsafe.defineClass(Ljava/lang/String;[BII)Ljava/lang/Class; name or signature does not match> (0x00000000d5587ca8) thrown at [/jonnyzzz/hotspot/src/share/vm/prims/jni.cpp, line 4011]
Event: 0.511 Thread 0x00002b4130008800 Exception <a 'java/lang/NoSuchMethodError': Method sun.misc.Unsafe.prefetchRead(Ljava/lang/Object;J)V name or signature does not match> (0x00000000d5587f90) thrown at [/jonnyzzz/hotspot/src/share/vm/prims/jni.cpp, line 4011]
Event: 1.403 Thread 0x00002b4130008800 Exception <a 'java/security/PrivilegedActionException'> (0x00000000d56c9728) thrown at [/jonnyzzz/hotspot/src/share/vm/prims/jvm.cpp, line 1390]
Event: 1.403 Thread 0x00002b4130008800 Exception <a 'java/security/PrivilegedActionException'> (0x00000000d56c9938) thrown at [/jonnyzzz/hotspot/src/share/vm/prims/jvm.cpp, line 1390]
Event: 1.403 Thread 0x00002b4130008800 Exception <a 'java/security/PrivilegedActionException'> (0x00000000d56cb858) thrown at [/jonnyzzz/hotspot/src/share/vm/prims/jvm.cpp, line 1390]
Event: 1.403 Thread 0x00002b4130008800 Exception <a 'java/security/PrivilegedActionException'> (0x00000000d56cba68) thrown at [/jonnyzzz/hotspot/src/share/vm/prims/jvm.cpp, line 1390]
Event: 1.404 Thread 0x00002b4130008800 Exception <a 'java/security/PrivilegedActionException'> (0x00000000d56cc508) thrown at [/jonnyzzz/hotspot/src/share/vm/prims/jvm.cpp, line 1390]
Event: 1.404 Thread 0x00002b4130008800 Exception <a 'java/security/PrivilegedActionException'> (0x00000000d56cc718) thrown at [/jonnyzzz/hotspot/src/share/vm/prims/jvm.cpp, line 1390]
Event: 7.768 Thread 0x00002b4130008800 Implicit null exception at 0x00002b41342a587b to 0x00002b41342a5edd

Events (10 events):
Event: 7.824 Thread 0x00002b4130008800 Uncommon trap: trap_request=0xffffffde fr.pc=0x00002b41341ebc20
Event: 7.824 Executing VM operation: RevokeBias
Event: 7.834 Executing VM operation: RevokeBias done
Event: 7.852 Thread 0x00002b4130008800 DEOPT PACKING pc=0x00002b41341ebc20 sp=0x00002b412d928950
Event: 7.852 Thread 0x00002b4130008800 DEOPT UNPACKING pc=0x00002b413404547a sp=0x00002b412d9288c0 mode 2
Event: 7.853 Thread 0x00002b4130008800 Uncommon trap: trap_request=0xffffffde fr.pc=0x00002b41341efbe4
Event: 7.853 Executing VM operation: RevokeBias
Event: 7.853 Executing VM operation: RevokeBias done
Event: 7.858 Thread 0x00002b4130008800 DEOPT PACKING pc=0x00002b41341efbe4 sp=0x00002b412d928940
Event: 7.858 Thread 0x00002b4130008800 DEOPT UNPACKING pc=0x00002b413404547a sp=0x00002b412d928900 mode 2


Dynamic libraries:
003ff000-00400000 rw-p 00000000 00:22 130559                             /home/yutong/miniconda3/envs/evc_gatk3/bin/java
00400000-00401000 r-xp 00001000 00:22 130559                             /home/yutong/miniconda3/envs/evc_gatk3/bin/java
00600000-00601000 rw-p 00001000 00:22 130559                             /home/yutong/miniconda3/envs/evc_gatk3/bin/java
00f11000-00f32000 rw-p 00000000 00:00 0                                  [heap]
80000000-9a400000 rw-p 00000000 00:00 0 
9a400000-d5580000 ---p 00000000 00:00 0 
d5580000-ec580000 rw-p 00000000 00:00 0 
ec580000-100000000 ---p 00000000 00:00 0 
100000000-1000a0000 rw-p 00000000 00:00 0 
1000a0000-140000000 ---p 00000000 00:00 0 
399ce00000-399ce20000 r-xp 00000000 08:01 6234514                        /lib64/ld-2.12.so
399d020000-399d021000 r--p 00020000 08:01 6234514                        /lib64/ld-2.12.so
399d021000-399d022000 rw-p 00021000 08:01 6234514                        /lib64/ld-2.12.so
399d022000-399d023000 rw-p 00000000 00:00 0 
399d200000-399d38a000 r-xp 00000000 08:01 6234515                        /lib64/libc-2.12.so
399d38a000-399d58a000 ---p 0018a000 08:01 6234515                        /lib64/libc-2.12.so
399d58a000-399d58e000 r--p 0018a000 08:01 6234515                        /lib64/libc-2.12.so
399d58e000-399d590000 rw-p 0018e000 08:01 6234515                        /lib64/libc-2.12.so
399d590000-399d594000 rw-p 00000000 00:00 0 
399d600000-399d683000 r-xp 00000000 08:01 6234542                        /lib64/libm-2.12.so
399d683000-399d882000 ---p 00083000 08:01 6234542                        /lib64/libm-2.12.so
399d882000-399d883000 r--p 00082000 08:01 6234542                        /lib64/libm-2.12.so
399d883000-399d884000 rw-p 00083000 08:01 6234542                        /lib64/libm-2.12.so
399da00000-399da02000 r-xp 00000000 08:01 6234182                        /lib64/libdl-2.12.so
399da02000-399dc02000 ---p 00002000 08:01 6234182                        /lib64/libdl-2.12.so
399dc02000-399dc03000 r--p 00002000 08:01 6234182                        /lib64/libdl-2.12.so
399dc03000-399dc04000 rw-p 00003000 08:01 6234182                        /lib64/libdl-2.12.so
399de00000-399de17000 r-xp 00000000 08:01 6234520                        /lib64/libpthread-2.12.so
399de17000-399e017000 ---p 00017000 08:01 6234520                        /lib64/libpthread-2.12.so
399e017000-399e018000 r--p 00017000 08:01 6234520                        /lib64/libpthread-2.12.so
399e018000-399e019000 rw-p 00018000 08:01 6234520                        /lib64/libpthread-2.12.so
399e019000-399e01d000 rw-p 00000000 00:00 0 
399e600000-399e607000 r-xp 00000000 08:01 6234521                        /lib64/librt-2.12.so
399e607000-399e806000 ---p 00007000 08:01 6234521                        /lib64/librt-2.12.so
399e806000-399e807000 r--p 00006000 08:01 6234521                        /lib64/librt-2.12.so
399e807000-399e808000 rw-p 00007000 08:01 6234521                        /lib64/librt-2.12.so
2b412c6a5000-2b412c6a6000 rw-p 00000000 00:00 0 
2b412c6bb000-2b412c6bc000 rw-p 00000000 00:00 0 
2b412c6bc000-2b412c6d1000 r-xp 00000000 00:22 132807                     /home/yutong/miniconda3/envs/evc_gatk3/lib/libjli.so
2b412c6d1000-2b412c8d1000 ---p 00015000 00:22 132807                     /home/yutong/miniconda3/envs/evc_gatk3/lib/libjli.so
2b412c8d1000-2b412c8d2000 rw-p 00015000 00:22 132807                     /home/yutong/miniconda3/envs/evc_gatk3/lib/libjli.so
2b412c8d2000-2b412c8d3000 rw-p 00019000 00:22 132807                     /home/yutong/miniconda3/envs/evc_gatk3/lib/libjli.so
2b412c8d3000-2b412c8d6000 rw-p 00000000 00:00 0 
2b412c8d6000-2b412d516000 r-xp 00000000 00:22 132849                     /home/yutong/miniconda3/envs/evc_gatk3/jre/lib/amd64/server/libjvm.so
2b412d516000-2b412d715000 ---p 00c40000 00:22 132849                     /home/yutong/miniconda3/envs/evc_gatk3/jre/lib/amd64/server/libjvm.so
2b412d715000-2b412d7e5000 rw-p 00c3f000 00:22 132849                     /home/yutong/miniconda3/envs/evc_gatk3/jre/lib/amd64/server/libjvm.so
2b412d7e5000-2b412d827000 rw-p 00000000 00:00 0 
2b412d827000-2b412d82a000 rw-p 00f87000 00:22 132849                     /home/yutong/miniconda3/envs/evc_gatk3/jre/lib/amd64/server/libjvm.so
2b412d82a000-2b412d82d000 ---p 00000000 00:00 0 
2b412d82d000-2b412d92b000 rw-p 00000000 00:00 0 
2b412d92b000-2b412d93a000 r-xp 00000000 00:22 132797                     /home/yutong/miniconda3/envs/evc_gatk3/jre/lib/amd64/libverify.so
2b412d93a000-2b412db39000 ---p 0000f000 00:22 132797                     /home/yutong/miniconda3/envs/evc_gatk3/jre/lib/amd64/libverify.so
2b412db39000-2b412db3b000 rw-p 0000e000 00:22 132797                     /home/yutong/miniconda3/envs/evc_gatk3/jre/lib/amd64/libverify.so
2b412db3b000-2b412db3c000 rw-p 00012000 00:22 132797                     /home/yutong/miniconda3/envs/evc_gatk3/jre/lib/amd64/libverify.so
2b412db3c000-2b412db66000 r-xp 00000000 00:22 129484                     /home/yutong/miniconda3/envs/evc_gatk3/jre/lib/amd64/libjava.so
2b412db66000-2b412dd66000 ---p 0002a000 00:22 129484                     /home/yutong/miniconda3/envs/evc_gatk3/jre/lib/amd64/libjava.so
2b412dd66000-2b412dd68000 rw-p 0002a000 00:22 129484                     /home/yutong/miniconda3/envs/evc_gatk3/jre/lib/amd64/libjava.so
2b412dd68000-2b412dd6c000 rw-p 00036000 00:22 129484                     /home/yutong/miniconda3/envs/evc_gatk3/jre/lib/amd64/libjava.so
2b412dd6c000-2b412dd6d000 r--p 00000000 00:00 0 
2b412dd6d000-2b412dd6e000 rw-p 00000000 00:00 0 
2b412dd6e000-2b412ddce000 r--s 00000000 08:02 624676                     /var/db/nscd/passwd
2b412ddce000-2b412ddd6000 rw-s 00000000 08:01 4235335                    /tmp/hsperfdata_yutong/6291
2b412ddd6000-2b412ddf0000 r-xp 00000000 00:22 132818                     /home/yutong/miniconda3/envs/evc_gatk3/jre/lib/amd64/libzip.so
2b412ddf0000-2b412dfef000 ---p 0001a000 00:22 132818                     /home/yutong/miniconda3/envs/evc_gatk3/jre/lib/amd64/libzip.so
2b412dfef000-2b412dff0000 rw-p 00019000 00:22 132818                     /home/yutong/miniconda3/envs/evc_gatk3/jre/lib/amd64/libzip.so
2b412dff0000-2b412dff1000 rw-p 0001e000 00:22 132818                     /home/yutong/miniconda3/envs/evc_gatk3/jre/lib/amd64/libzip.so
2b4130000000-2b4130517000 rw-p 00000000 00:00 0 
2b4130517000-2b4134000000 ---p 00000000 00:00 0 
2b4134000000-2b41342d0000 rwxp 00000000 00:00 0 
2b41342d0000-2b4143000000 ---p 00000000 00:00 0 
2b4143000000-2b414300c000 rw-p 00000000 00:00 0 
2b414300c000-2b41433c0000 ---p 00000000 00:00 0 
2b41433c0000-2b4143492000 rw-p 00000000 00:00 0 
2b4143492000-2b414366a000 ---p 00000000 00:00 0 
2b414366a000-2b4143723000 rw-p 00000000 00:00 0 
2b4143723000-2b41437c0000 ---p 00000000 00:00 0 
2b41437c0000-2b4143893000 rw-p 00000000 00:00 0 
2b4143893000-2b4143a6c000 ---p 00000000 00:00 0 
2b4143a6c000-2b4143a6d000 ---p 00000000 00:00 0 
2b4143a6d000-2b4143b6d000 rw-p 00000000 00:00 0 
2b4143b6d000-2b4143b6e000 ---p 00000000 00:00 0 
2b4143b6e000-2b4143c6e000 rw-p 00000000 00:00 0 
2b4143c6e000-2b4143c6f000 ---p 00000000 00:00 0 
2b4143c6f000-2b4143d6f000 rw-p 00000000 00:00 0 
2b4143d6f000-2b4143d70000 ---p 00000000 00:00 0 
2b4143d70000-2b4143e70000 rw-p 00000000 00:00 0 
2b4143e70000-2b4143e71000 ---p 00000000 00:00 0 
2b4143e71000-2b4143f71000 rw-p 00000000 00:00 0 
2b4143f71000-2b4143f72000 ---p 00000000 00:00 0 
2b4143f72000-2b4144072000 rw-p 00000000 00:00 0 
2b4144072000-2b4144073000 ---p 00000000 00:00 0 
2b4144073000-2b4144173000 rw-p 00000000 00:00 0 
2b4144173000-2b4144174000 ---p 00000000 00:00 0 
2b4144174000-2b4144274000 rw-p 00000000 00:00 0 
2b4148000000-2b4148021000 rw-p 00000000 00:00 0 
2b4148021000-2b414c000000 ---p 00000000 00:00 0 
2b4150000000-2b4150021000 rw-p 00000000 00:00 0 
2b4150021000-2b4154000000 ---p 00000000 00:00 0 
2b4154000000-2b4158000000 rw-p 00000000 00:00 0 
2b4158000000-2b4158021000 rw-p 00000000 00:00 0 
2b4158021000-2b415c000000 ---p 00000000 00:00 0 
2b415c000000-2b415c968000 rw-p 00000000 00:00 0 
2b415c968000-2b415cc28000 ---p 00000000 00:00 0 
2b415cc28000-2b415ccf9000 rw-p 00000000 00:00 0 
2b4160000000-2b4160021000 rw-p 00000000 00:00 0 
2b4160021000-2b4164000000 ---p 00000000 00:00 0 
2b4168000000-2b4168021000 rw-p 00000000 00:00 0 
2b4168021000-2b416c000000 ---p 00000000 00:00 0 
2b4170000000-2b4170021000 rw-p 00000000 00:00 0 
2b4170021000-2b4174000000 ---p 00000000 00:00 0 
2b4178000000-2b4178021000 rw-p 00000000 00:00 0 
2b4178021000-2b417c000000 ---p 00000000 00:00 0 
2b417c000000-2b417c021000 rw-p 00000000 00:00 0 
2b417c021000-2b4180000000 ---p 00000000 00:00 0 
2b4180000000-2b41801d0000 r--s 03c4f000 00:22 132677                     /home/yutong/miniconda3/envs/evc_gatk3/jre/lib/rt.jar
2b41801d0000-2b4181d39000 rw-p 00000000 00:00 0 
2b4181d39000-2b4181d3a000 ---p 00000000 00:00 0 
2b4181d3a000-2b4181e3a000 rw-p 00000000 00:00 0 
2b4185e3a000-2b4185e3c000 rw-p 00000000 00:00 0 
2b4199e3a000-2b4199e3b000 rw-p 00000000 00:00 0 
2b4199e3b000-2b4199e3e000 ---p 00000000 00:00 0 
2b4199e3e000-2b4199f43000 rw-p 00000000 00:00 0 
2b419df43000-2b419df44000 rw-p 00000000 00:00 0 
2b41a9f44000-2b41a9f46000 rw-p 00000000 00:00 0 
2b41b1f3c000-2b41b1f3d000 rw-p 00000000 00:00 0 
2b41b5f3d000-2b41b5f46000 rw-p 00000000 00:00 0 
2b41c9f3d000-2b41c9f3e000 rw-p 00000000 00:00 0 
2b41d5f3e000-2b41d5f4a000 rw-p 00000000 00:00 0 
2b41d9f46000-2b41d9f47000 rw-p 00000000 00:00 0 
2b41e1f3e000-2b41e1f44000 rw-p 00000000 00:00 0 
2b41e1f44000-2b41e1f47000 ---p 00000000 00:00 0 
2b41e1f47000-2b41e2045000 rw-p 00000000 00:00 0 
2b41f2045000-2b41f204a000 rw-p 00000000 00:00 0 
2b41fa045000-2b41fa046000 rw-p 00000000 00:00 0 
2b41fa046000-2b41fa049000 ---p 00000000 00:00 0 
2b41fa049000-2b41fa147000 rw-p 00000000 00:00 0 
2b41fa147000-2b41fa14a000 ---p 00000000 00:00 0 
2b41fa14a000-2b41fa249000 rw-p 00000000 00:00 0 
2b4206249000-2b4206275000 rw-p 00000000 00:00 0 
2b420e249000-2b420e251000 rw-p 00000000 00:00 0 
2b4212047000-2b4212048000 rw-p 00000000 00:00 0 
2b4216048000-2b4216049000 rw-p 00000000 00:00 0 
2b4216049000-2b421604c000 ---p 00000000 00:00 0 
2b421604c000-2b421615b000 rw-p 00000000 00:00 0 
2b422e14b000-2b422e14d000 rw-p 00000000 00:00 0 
2b423214d000-2b4232197000 rw-p 00000000 00:00 0 
2b424614c000-2b424614d000 rw-p 00000000 00:00 0 
2b424a14d000-2b424a14e000 rw-p 00000000 00:00 0 
2b424a14e000-2b424a151000 ---p 00000000 00:00 0 
2b424a151000-2b424a24f000 rw-p 00000000 00:00 0 
2b425624f000-2b4256259000 rw-p 00000000 00:00 0 
2b425e14d000-2b425e14e000 rw-p 00000000 00:00 0 
2b426614e000-2b426615f000 rw-p 00000000 00:00 0 
2b426a156000-2b426a157000 rw-p 00000000 00:00 0 
2b426e157000-2b426e158000 rw-p 00000000 00:00 0 
2b4276157000-2b427615f000 rw-p 00000000 00:00 0 
2b427a156000-2b427a15c000 rw-p 00000000 00:00 0 
2b4286156000-2b4286157000 rw-p 00000000 00:00 0 
2b428a157000-2b428a173000 rw-p 00000000 00:00 0 
2b428e156000-2b428e15e000 rw-p 00000000 00:00 0 
2b429a15e000-2b429a16c000 rw-p 00000000 00:00 0 
2b429e15e000-2b429e15f000 rw-p 00000000 00:00 0 
2b42a615e000-2b42a615f000 rw-p 00000000 00:00 0 
2b42b215f000-2b42b21c0000 rw-p 00000000 00:00 0 
2b42be15f000-2b42be160000 rw-p 00000000 00:00 0 
2b42c2160000-2b42c2181000 rw-p 00000000 00:00 0 
2b42ce160000-2b42ce161000 rw-p 00000000 00:00 0 
2b42d2161000-2b42d216b000 rw-p 00000000 00:00 0 
2b42d6161000-2b42d6162000 rw-p 00000000 00:00 0 
2b42e2162000-2b42e2179000 rw-p 00000000 00:00 0 
2b42ee179000-2b42ee17a000 rw-p 00000000 00:00 0 
2b42f2162000-2b42f2164000 rw-p 00000000 00:00 0 
2b42fe164000-2b42fe168000 rw-p 00000000 00:00 0 
2b4302168000-2b4302179000 rw-p 00000000 00:00 0 
2b430a168000-2b430a169000 rw-p 00000000 00:00 0 
2b4312163000-2b4312165000 rw-p 00000000 00:00 0 
2b431e163000-2b431e164000 rw-p 00000000 00:00 0 
2b4322164000-2b4322176000 rw-p 00000000 00:00 0 
2b432e164000-2b432e166000 rw-p 00000000 00:00 0 
2b4332166000-2b4332167000 rw-p 00000000 00:00 0 
2b4336164000-2b4336165000 rw-p 00000000 00:00 0 
2b4342165000-2b434217d000 rw-p 00000000 00:00 0 
2b434217e000-2b4342187000 rw-p 00000000 00:00 0 
2b434e165000-2b434e170000 rw-p 00000000 00:00 0 
2b435e16f000-2b435e170000 rw-p 00000000 00:00 0 
2b4362170000-2b436217f000 rw-p 00000000 00:00 0 
2b4362180000-2b4362189000 rw-p 00000000 00:00 0 
2b436616d000-2b4366175000 rw-p 00000000 00:00 0 
2b436a175000-2b436a177000 rw-p 00000000 00:00 0 
2b4376177000-2b4376178000 rw-p 00000000 00:00 0 
2b437a178000-2b437a189000 rw-p 00000000 00:00 0 
2b437e175000-2b437e17d000 rw-p 00000000 00:00 0 
2b438a17d000-2b438a18c000 rw-p 00000000 00:00 0 
2b438a18d000-2b438a18e000 rw-p 00000000 00:00 0 
2b4396185000-2b4396187000 rw-p 00000000 00:00 0 
2b439a187000-2b439a18f000 rw-p 00000000 00:00 0 
2b43a6185000-2b43a6187000 rw-p 00000000 00:00 0 
2b43aa187000-2b43aa198000 rw-p 00000000 00:00 0 
2b43ae185000-2b43ae188000 rw-p 00000000 00:00 0 
2b43ba188000-2b43ba18b000 rw-p 00000000 00:00 0 
2b43ba1ac000-2b43ba1ad000 rw-p 00000000 00:00 0 
2b43c6188000-2b43c6190000 rw-p 00000000 00:00 0 
2b43ca190000-2b43ca1a1000 rw-p 00000000 00:00 0 
2b43ce1a1000-2b43ce1a9000 rw-p 00000000 00:00 0 
2b43d6190000-2b43d6191000 rw-p 00000000 00:00 0 
2b43da191000-2b43da194000 rw-p 00000000 00:00 0 
2b43e6193000-2b43e6198000 rw-p 00000000 00:00 0 
2b43ea198000-2b43ea1bb000 rw-p 00000000 00:00 0 
2b43f6198000-2b43f619b000 rw-p 00000000 00:00 0 
2b43fa19b000-2b43fa19d000 rw-p 00000000 00:00 0 
2b440619c000-2b44061d4000 rw-p 00000000 00:00 0 
2b440e199000-2b440e19a000 rw-p 00000000 00:00 0 
2b441219a000-2b441219c000 rw-p 00000000 00:00 0 
2b441619c000-2b44161a4000 rw-p 00000000 00:00 0 
2b441e19b000-2b441e19c000 rw-p 00000000 00:00 0 
2b44221a9000-2b44221aa000 rw-p 00000000 00:00 0 
2b442619a000-2b442619b000 rw-p 00000000 00:00 0 
2b443219b000-2b44321bc000 rw-p 00000000 00:00 0 
2b443e19b000-2b443e19c000 rw-p 00000000 00:00 0 
2b444219c000-2b44421b9000 rw-p 00000000 00:00 0 
2b44421c2000-2b44421c3000 rw-p 00000000 00:00 0 
2b444e19c000-2b444e19d000 rw-p 00000000 00:00 0 
2b445219d000-2b44521aa000 rw-p 00000000 00:00 0 
2b445619c000-2b445619d000 rw-p 00000000 00:00 0 
2b446219d000-2b44621a8000 rw-p 00000000 00:00 0 
2b44621ac000-2b44621ad000 rw-p 00000000 00:00 0 
2b44661ad000-2b446620b000 rw-p 00000000 00:00 0 
2b446e19d000-2b446e19f000 rw-p 00000000 00:00 0 
2b447219f000-2b44721a2000 rw-p 00000000 00:00 0 
2b44721ab000-2b44721b6000 rw-p 00000000 00:00 0 
2b447e19f000-2b447e1a0000 rw-p 00000000 00:00 0 
2b44821a0000-2b44821a9000 rw-p 00000000 00:00 0 
2b44821b5000-2b44821b6000 rw-p 00000000 00:00 0 
2b448619e000-2b448619f000 rw-p 00000000 00:00 0 
2b448a19f000-2b448a1a0000 rw-p 00000000 00:00 0 
2b44961a0000-2b449622f000 rw-p 00000000 00:00 0 
2b449a22f000-2b449a239000 rw-p 00000000 00:00 0 
2b449e19f000-2b449e1a0000 rw-p 00000000 00:00 0 
2b44aa1a0000-2b44aa1ab000 rw-p 00000000 00:00 0 
2b44b61a0000-2b44b61a1000 rw-p 00000000 00:00 0 
2b44ba1a1000-2b44ba1e9000 rw-p 00000000 00:00 0 
2b44be1c6000-2b44be1ce000 rw-p 00000000 00:00 0 
2b44c61a1000-2b44c61a2000 rw-p 00000000 00:00 0 
2b44ca1a2000-2b44ca1ce000 rw-p 00000000 00:00 0 
2b44ce1a1000-2b44ce1a9000 rw-p 00000000 00:00 0 
2b44d61a9000-2b44d61b2000 rw-p 00000000 00:00 0 
2b44da1a9000-2b44da1cd000 rw-p 00000000 00:00 0 
2b44e21cd000-2b44e21d5000 rw-p 00000000 00:00 0 
2b44e61a9000-2b44e61ab000 rw-p 00000000 00:00 0 
2b44ea1ab000-2b44ea1bd000 rw-p 00000000 00:00 0 
2b44f61ab000-2b44f61ac000 rw-p 00000000 00:00 0 
2b44fa1ac000-2b44fa295000 rw-p 00000000 00:00 0 
2b44fe1aa000-2b44fe1ab000 rw-p 00000000 00:00 0 
2b45021ab000-2b45021ac000 rw-p 00000000 00:00 0 
2b450a1ac000-2b450a1bd000 rw-p 00000000 00:00 0 
2b450e1ac000-2b450e1cf000 rw-p 00000000 00:00 0 
2b45121cf000-2b45121d7000 rw-p 00000000 00:00 0 
2b45161ab000-2b45161ac000 rw-p 00000000 00:00 0 
2b45221ac000-2b45221d4000 rw-p 00000000 00:00 0 
2b452e1ac000-2b452e1ad000 rw-p 00000000 00:00 0 
2b452e1ad000-2b452e1b0000 ---p 00000000 00:00 0 
2b452e1b0000-2b452e2ae000 rw-p 00000000 00:00 0 
2b45322ae000-2b45322d9000 rw-p 00000000 00:00 0 
2b453e2ae000-2b453e2af000 rw-p 00000000 00:00 0 
2b45422af000-2b45422da000 rw-p 00000000 00:00 0 
2b454e2c9000-2b454e2eb000 rw-p 00000000 00:00 0 
2b45522eb000-2b45522fb000 rw-p 00000000 00:00 0 
2b45562af000-2b45562b0000 rw-p 00000000 00:00 0 
2b455a2b0000-2b455a2b8000 rw-p 00000000 00:00 0 
2b455a2c1000-2b455a2c9000 rw-p 00000000 00:00 0 
2b45622c9000-2b45622ca000 rw-p 00000000 00:00 0 
2b45662b8000-2b45662dd000 rw-p 00000000 00:00 0 
2b456a2dd000-2b456a2e6000 rw-p 00000000 00:00 0 
2b456e2b0000-2b456e2b1000 rw-p 00000000 00:00 0 
2b45762b1000-2b45762c2000 rw-p 00000000 00:00 0 
2b457a2b1000-2b457a2bc000 rw-p 00000000 00:00 0 
2b457a2bf000-2b457a2d8000 rw-p 00000000 00:00 0 
2b457e2d0000-2b457e311000 rw-p 00000000 00:00 0 
2b45862b1000-2b45862b2000 rw-p 00000000 00:00 0 
2b458a2b2000-2b458a2c9000 rw-p 00000000 00:00 0 
2b45962b2000-2b45962bb000 rw-p 00000000 00:00 0 
2b459a2bb000-2b459a2d8000 rw-p 00000000 00:00 0 
2b459e2b2000-2b459e2b3000 rw-p 00000000 00:00 0 
2b45aa2b3000-2b45aa2d9000 rw-p 00000000 00:00 0 
2b45b22d1000-2b45b22d9000 rw-p 00000000 00:00 0 
2b45b62b3000-2b45b62be000 rw-p 00000000 00:00 0 
2b45ba2be000-2b45ba2c8000 rw-p 00000000 00:00 0 
2b45c62bf000-2b45c62c0000 rw-p 00000000 00:00 0 
2b45c62c2000-2b45c62d6000 rw-p 00000000 00:00 0 
2b45c62d8000-2b45c62d9000 rw-p 00000000 00:00 0 
2b45ca2d9000-2b45ca2e2000 rw-p 00000000 00:00 0 
2b45ce2b4000-2b45ce2b5000 rw-p 00000000 00:00 0 
2b45ce2b5000-2b45ce2b8000 ---p 00000000 00:00 0 
2b45ce2b8000-2b45ce3b6000 rw-p 00000000 00:00 0 
2b45d23b6000-2b45d23c1000 rw-p 00000000 00:00 0 
2b45de3c0000-2b45de3d2000 rw-p 00000000 00:00 0 
2b45e23ca000-2b45e23f3000 rw-p 00000000 00:00 0 
2b45e63b6000-2b45e63b8000 rw-p 00000000 00:00 0 
2b45ea3b8000-2b45ea3c0000 rw-p 00000000 00:00 0 
2b45ee3b8000-2b45ee3c0000 rw-p 00000000 00:00 0 
2b45f23b8000-2b45f23e1000 rw-p 00000000 00:00 0 
2b45f63e1000-2b45f63f9000 rw-p 00000000 00:00 0 
2b45fe3b7000-2b45fe3b8000 rw-p 00000000 00:00 0 
2b46023b8000-2b46023cc000 rw-p 00000000 00:00 0 
2b460e3b8000-2b460e3c2000 rw-p 00000000 00:00 0 
2b460e3c4000-2b460e3c8000 rw-p 00000000 00:00 0 
2b46123c8000-2b461240c000 rw-p 00000000 00:00 0 
2b46163b8000-2b46163b9000 rw-p 00000000 00:00 0 
2b46163b9000-2b46163ba000 ---p 00000000 00:00 0 
2b46163ba000-2b46164ba000 rw-p 00000000 00:00 0 
2b46224ba000-2b46224dd000 rw-p 00000000 00:00 0 
2b462a4dd000-2b462a4e5000 rw-p 00000000 00:00 0 
2b462e4ba000-2b462e4d9000 rw-p 00000000 00:00 0 
2b462e4e1000-2b462e4ea000 rw-p 00000000 00:00 0 
2b46324ea000-2b46324fb000 rw-p 00000000 00:00 0 
2b463e4ea000-2b463e4eb000 rw-p 00000000 00:00 0 
2b46424eb000-2b4642504000 rw-p 00000000 00:00 0 
2b46464bb000-2b46464c4000 rw-p 00000000 00:00 0 
2b464a4c4000-2b464a4d6000 rw-p 00000000 00:00 0 
2b46564d6000-2b46564f5000 rw-p 00000000 00:00 0 
2b465650a000-2b465656c000 rw-p 00000000 00:00 0 
2b465e4bc000-2b465e4be000 rw-p 00000000 00:00 0 
2b466a4be000-2b466a4cf000 rw-p 00000000 00:00 0 
2b466a4d0000-2b466a532000 rw-p 00000000 00:00 0 
2b466e4c6000-2b466e4cd000 rw-p 00000000 00:00 0 
2b46724cd000-2b46724de000 rw-p 00000000 00:00 0 
2b46764be000-2b46764c0000 rw-p 00000000 00:00 0 
2b467658d000-2b467658e000 rw-p 00000000 00:00 0 
2b468258e000-2b4682597000 rw-p 00000000 00:00 0 
2b46825af000-2b46825b7000 rw-p 00000000 00:00 0 
2b468658e000-2b468659e000 rw-p 00000000 00:00 0 
2b468e58e000-2b468e590000 rw-p 00000000 00:00 0 
2b468e590000-2b468e621000 r--s 013b4000 00:22 132675                     /home/yutong/miniconda3/envs/evc_gatk3/jre/lib/ext/jfxrt.jar
2b468e621000-2b468e633000 rw-p 00000000 00:00 0 
2b4692621000-2b4692626000 rw-p 00000000 00:00 0 
2b469e621000-2b469e623000 rw-p 00000000 00:00 0 
2b46a2623000-2b46a2643000 rw-p 00000000 00:00 0 
2b46a658f000-2b46a6590000 rw-p 00000000 00:00 0 
2b46ae591000-2b46ae592000 rw-p 00000000 00:00 0 
2b46b2590000-2b46b25a1000 rw-p 00000000 00:00 0 
2b46b6598000-2b46b65a7000 rw-p 00000000 00:00 0 
2b46ba5a7000-2b46ba5c0000 rw-p 00000000 00:00 0 
2b46c25a0000-2b46c25a1000 rw-p 00000000 00:00 0 
2b46ce5a1000-2b46ce5ba000 rw-p 00000000 00:00 0 
2b46d25a1000-2b46d25a3000 rw-p 00000000 00:00 0 
2b46d25a4000-2b46d25b0000 rw-p 00000000 00:00 0 
2b46d65b6000-2b46d65b7000 rw-p 00000000 00:00 0 
2b46da5a0000-2b46da5a8000 rw-p 00000000 00:00 0 
2b46de5a8000-2b46de5a9000 rw-p 00000000 00:00 0 
2b46ea5a9000-2b46ea5c3000 rw-p 00000000 00:00 0 
2b46f65b1000-2b46f65c1000 rw-p 00000000 00:00 0 
2b46fa5c1000-2b46fa5da000 rw-p 00000000 00:00 0 
2b46fe5b0000-2b46fe5c2000 rw-p 00000000 00:00 0 
2b47065c2000-2b47065ca000 rw-p 00000000 00:00 0 
2b470a5c2000-2b470a5cb000 rw-p 00000000 00:00 0 
2b470e5b8000-2b470e5c0000 rw-p 00000000 00:00 0 
2b47125c0000-2b47125d0000 rw-p 00000000 00:00 0 
2b471a5b8000-2b471a5ba000 rw-p 00000000 00:00 0 
2b471e5ba000-2b471e5cb000 rw-p 00000000 00:00 0 
2b471e5d1000-2b471e5da000 rw-p 00000000 00:00 0 
2b47225d2000-2b47225da000 rw-p 00000000 00:00 0 
2b472a5d2000-2b472a5da000 rw-p 00000000 00:00 0 
2b47365d2000-2b47365e3000 rw-p 00000000 00:00 0 
2b473a5c0000-2b473a5c9000 rw-p 00000000 00:00 0 
2b473e5c9000-2b473e5d3000 rw-p 00000000 00:00 0 
2b473e5d4000-2b473e5d7000 rw-p 00000000 00:00 0 
2b47425d7000-2b47425df000 rw-p 00000000 00:00 0 
2b474a5d2000-2b474a5da000 rw-p 00000000 00:00 0 
2b474e5da000-2b474e5fa000 rw-p 00000000 00:00 0 
2b47525c8000-2b47525d0000 rw-p 00000000 00:00 0 
2b47565d0000-2b47565e1000 rw-p 00000000 00:00 0 
2b47625d1000-2b47625e5000 rw-p 00000000 00:00 0 
2b47665e5000-2b47665ee000 rw-p 00000000 00:00 0 
2b476a5d0000-2b476a5d8000 rw-p 00000000 00:00 0 
2b47725d8000-2b47725e0000 rw-p 00000000 00:00 0 
2b47765d8000-2b47765f9000 rw-p 00000000 00:00 0 
2b477a5e3000-2b477a5e4000 rw-p 00000000 00:00 0 
2b47825d8000-2b47825d9000 rw-p 00000000 00:00 0 
2b47865e1000-2b47865e3000 rw-p 00000000 00:00 0 
2b47925d9000-2b47925da000 rw-p 00000000 00:00 0 
2b47965da000-2b4796611000 rw-p 00000000 00:00 0 
2b479a5d9000-2b479a5da000 rw-p 00000000 00:00 0 
2b479e5da000-2b479e5f3000 rw-p 00000000 00:00 0 
2b47a65da000-2b47a6605000 rw-p 00000000 00:00 0 
2b47aa61c000-2b47aa624000 rw-p 00000000 00:00 0 
2b47b25da000-2b47b25dc000 rw-p 00000000 00:00 0 
2b47b65dc000-2b47b65f1000 rw-p 00000000 00:00 0 
2b47c25ec000-2b47c25f5000 rw-p 00000000 00:00 0 
2b47c65f5000-2b47c660e000 rw-p 00000000 00:00 0 
2b47c6617000-2b47c661f000 rw-p 00000000 00:00 0 
2b47ca5db000-2b47ca5dd000 rw-p 00000000 00:00 0 
2b47ce5dd000-2b47ce5de000 rw-p 00000000 00:00 0 
2b47d65de000-2b47d65e6000 rw-p 00000000 00:00 0 
2b47da5e6000-2b47da5e8000 rw-p 00000000 00:00 0 
2b47da5ee000-2b47da5f0000 rw-p 00000000 00:00 0 
2b47da5f2000-2b47da60b000 rw-p 00000000 00:00 0 
2b47da60c000-2b47da626000 rw-p 00000000 00:00 0 
2b47de5e6000-2b47de5e7000 rw-p 00000000 00:00 0 
2b47e25dd000-2b47e25de000 rw-p 00000000 00:00 0 
2b47ee5de000-2b47ee60f000 rw-p 00000000 00:00 0 
2b47fa5de000-2b47fa5df000 rw-p 00000000 00:00 0 
2b47fe5df000-2b47fe602000 rw-p 00000000 00:00 0 
2b48065df000-2b48065e0000 rw-p 00000000 00:00 0 
2b48065ea000-2b48065ec000 rw-p 00000000 00:00 0 
2b48065fd000-2b4806605000 rw-p 00000000 00:00 0 
2b480a5df000-2b480a5e0000 rw-p 00000000 00:00 0 
2b480a5e8000-2b480a5f8000 rw-p 00000000 00:00 0 
2b48125df000-2b48125e0000 rw-p 00000000 00:00 0 
2b481e5e0000-2b481e608000 rw-p 00000000 00:00 0 
2b48225e0000-2b48225e1000 rw-p 00000000 00:00 0 
2b482a5e0000-2b482a5e2000 rw-p 00000000 00:00 0 
2b482a5ea000-2b482a5f2000 rw-p 00000000 00:00 0 
2b48365f2000-2b48365fd000 rw-p 00000000 00:00 0 
2b48365fe000-2b483661e000 rw-p 00000000 00:00 0 
2b4836645000-2b483664d000 rw-p 00000000 00:00 0 
2b483a64d000-2b483a65d000 rw-p 00000000 00:00 0 
2b484264d000-2b4842675000 rw-p 00000000 00:00 0 
2b48465e2000-2b48465e3000 rw-p 00000000 00:00 0 
2b48465eb000-2b48465f3000 rw-p 00000000 00:00 0 
2b484e5f3000-2b484e60c000 rw-p 00000000 00:00 0 
2b4852604000-2b4852611000 rw-p 00000000 00:00 0 
2b485a5e2000-2b485a5e3000 rw-p 00000000 00:00 0 
2b48665e3000-2b486660f000 rw-p 00000000 00:00 0 
2b48765f3000-2b48765fd000 rw-p 00000000 00:00 0 
2b487e5fd000-2b487e605000 rw-p 00000000 00:00 0 
2b48825eb000-2b48825ec000 rw-p 00000000 00:00 0 
2b48825f4000-2b48825f5000 rw-p 00000000 00:00 0 
2b48865f5000-2b4886616000 rw-p 00000000 00:00 0 
2b488a5eb000-2b488a5ec000 rw-p 00000000 00:00 0 
2b48965ec000-2b48965f7000 rw-p 00000000 00:00 0 
2b48a25ec000-2b48a25ed000 rw-p 00000000 00:00 0 
2b48a25ed000-2b48a26bc000 r--s 00e04000 00:21 936959                     /projects/ps-lalexandrov/shared/GenomeAnalysisTK-3.8-0-ge9d806836/GenomeAnalysisTK.jar
2b48a26bc000-2b48a26bd000 rw-p 00000000 00:00 0 
2b48a26c5000-2b48a26c6000 rw-p 00000000 00:00 0 
2b48a66c6000-2b48a670e000 rw-p 00000000 00:00 0 
2b48aa6fe000-2b48aa70e000 rw-p 00000000 00:00 0 
2b48b26c6000-2b48b26d9000 rw-p 00000000 00:00 0 
2b48ba6bc000-2b48ba6bd000 rw-p 00000000 00:00 0 
2b48be6bd000-2b48be6c6000 rw-p 00000000 00:00 0 
2b48ca6c6000-2b48ca6ff000 rw-p 00000000 00:00 0 
2b48d26bd000-2b48d26bf000 rw-p 00000000 00:00 0 
2b48de6bf000-2b48de6d4000 rw-p 00000000 00:00 0 
2b48de6d5000-2b48de6d6000 rw-p 00000000 00:00 0 
2b48de6dc000-2b48de6ed000 rw-p 00000000 00:00 0 
2b48e26c8000-2b48e26d0000 rw-p 00000000 00:00 0 
2b48e66d0000-2b48e66e2000 rw-p 00000000 00:00 0 
2b48ea6bf000-2b48ea6c0000 rw-p 00000000 00:00 0 
2b48f66c0000-2b48f66d8000 rw-p 00000000 00:00 0 
2b48fa6c0000-2b48fa6c1000 rw-p 00000000 00:00 0 
2b49026c0000-2b49026c1000 rw-p 00000000 00:00 0 
2b490e6c1000-2b490e6dd000 rw-p 00000000 00:00 0 
2b490e6de000-2b490e6f6000 rw-p 00000000 00:00 0 
2b491a6c1000-2b491a6c3000 rw-p 00000000 00:00 0 
2b491a6db000-2b491a6eb000 rw-p 00000000 00:00 0 
2b491a6f4000-2b491a6f8000 rw-p 00000000 00:00 0 
2b491e6f8000-2b491e710000 rw-p 00000000 00:00 0 
2b492a6f8000-2b492a711000 rw-p 00000000 00:00 0 
2b492a71a000-2b492a722000 rw-p 00000000 00:00 0 
2b492e6f3000-2b492e6f4000 rw-p 00000000 00:00 0 
2b49326c2000-2b49326c3000 rw-p 00000000 00:00 0 
2b49366c3000-2b49366ce000 rw-p 00000000 00:00 0 
2b493e6c6000-2b493e6ce000 rw-p 00000000 00:00 0 
2b49426cd000-2b49426e6000 rw-p 00000000 00:00 0 
2b494a6c3000-2b494a6c4000 rw-p 00000000 00:00 0 
2b494e6c4000-2b494e6cc000 rw-p 00000000 00:00 0 
2b49566c4000-2b49566e6000 rw-p 00000000 00:00 0 
2b49566ef000-2b49566f7000 rw-p 00000000 00:00 0 
2b495a6e6000-2b495a6ee000 rw-p 00000000 00:00 0 
2b49626c4000-2b49626c6000 rw-p 00000000 00:00 0 
2b49666d8000-2b49666d9000 rw-p 00000000 00:00 0 
2b49726c5000-2b49726c6000 rw-p 00000000 00:00 0 
2b49766c6000-2b4976711000 rw-p 00000000 00:00 0 
2b497a6c5000-2b497a6c6000 rw-p 00000000 00:00 0 
2b49866c6000-2b49866cf000 rw-p 00000000 00:00 0 
2b49866d0000-2b49866d9000 rw-p 00000000 00:00 0 
2b49926c6000-2b49926c8000 rw-p 00000000 00:00 0 
2b49966c8000-2b499670a000 rw-p 00000000 00:00 0 
2b499a70a000-2b499a712000 rw-p 00000000 00:00 0 
2b49a26c8000-2b49a26c9000 rw-p 00000000 00:00 0 
2b49a66c9000-2b49a66d1000 rw-p 00000000 00:00 0 
2b49aa6c7000-2b49aa6c8000 rw-p 00000000 00:00 0 
2b49b66c8000-2b49b66d3000 rw-p 00000000 00:00 0 
2b49b66da000-2b49b6703000 rw-p 00000000 00:00 0 
2b49c26c8000-2b49c26ca000 rw-p 00000000 00:00 0 
2b49c66ca000-2b49c66e2000 rw-p 00000000 00:00 0 
2b49ca6da000-2b49ca6e2000 rw-p 00000000 00:00 0 
2b49d26ca000-2b49d26e0000 rw-p 00000000 00:00 0 
2b49d66e0000-2b49d66e8000 rw-p 00000000 00:00 0 
2b49da6ca000-2b49da6cb000 rw-p 00000000 00:00 0 
2b49de6cb000-2b49de6db000 rw-p 00000000 00:00 0 
2b49e26cb000-2b49e26d3000 rw-p 00000000 00:00 0 
2b49ee6d3000-2b49ee703000 rw-p 00000000 00:00 0 
2b49f26cb000-2b49f26cd000 rw-p 00000000 00:00 0 
2b49f26d4000-2b49f26db000 rw-p 00000000 00:00 0 
2b49f66db000-2b49f66e3000 rw-p 00000000 00:00 0 
2b4a026e3000-2b4a026f3000 rw-p 00000000 00:00 0 
2b4a0a6cc000-2b4a0a6cd000 rw-p 00000000 00:00 0 
2b4a0e6cd000-2b4a0e6ce000 rw-p 00000000 00:00 0 
2b4a166cd000-2b4a166cf000 rw-p 00000000 00:00 0 
2b4a226cd000-2b4a226cf000 rw-p 00000000 00:00 0 
2b4a266cf000-2b4a266ef000 rw-p 00000000 00:00 0 
2b4a326ce000-2b4a326d6000 rw-p 00000000 00:00 0 
2b4a366d6000-2b4a366f1000 rw-p 00000000 00:00 0 
2b4a3a6ce000-2b4a3a6cf000 rw-p 00000000 00:00 0 
2b4a466cf000-2b4a46708000 rw-p 00000000 00:00 0 
2b4a526cf000-2b4a526d8000 rw-p 00000000 00:00 0 
2b4a566d8000-2b4a566f2000 rw-p 00000000 00:00 0 
2b4a626e2000-2b4a626fa000 rw-p 00000000 00:00 0 
2b4a666fa000-2b4a66712000 rw-p 00000000 00:00 0 
2b4a6a6d0000-2b4a6a6d1000 rw-p 00000000 00:00 0 
2b4a6e6d1000-2b4a6e6d9000 rw-p 00000000 00:00 0 
2b4a7a6d9000-2b4a7a6f2000 rw-p 00000000 00:00 0 
2b4a826d1000-2b4a826d2000 rw-p 00000000 00:00 0 
2b4a8e6d2000-2b4a8e70c000 rw-p 00000000 00:00 0 
2b4a9a6d2000-2b4a9a6d3000 rw-p 00000000 00:00 0 
2b4a9e6d3000-2b4a9e6ee000 rw-p 00000000 00:00 0 
2b4aaa6d3000-2b4aaa6d4000 rw-p 00000000 00:00 0 
2b4aae6d4000-2b4aae6f5000 rw-p 00000000 00:00 0 
2b4aba6d4000-2b4aba6dd000 rw-p 00000000 00:00 0 
2b4abe6dd000-2b4abe6ed000 rw-p 00000000 00:00 0 
2b4ac26d4000-2b4ac26d5000 rw-p 00000000 00:00 0 
2b4ace6d5000-2b4ace707000 rw-p 00000000 00:00 0 
2b4ada6d5000-2b4ada6df000 rw-p 00000000 00:00 0 
2b4ade6d6000-2b4ade6d7000 rw-p 00000000 00:00 0 
2b4ae26d7000-2b4ae26e7000 rw-p 00000000 00:00 0 
2b4aee6d7000-2b4aee6e7000 rw-p 00000000 00:00 0 
2b4af26d6000-2b4af26d7000 rw-p 00000000 00:00 0 
2b4af66d7000-2b4af66e8000 rw-p 00000000 00:00 0 
2b4afe6d7000-2b4afe6e0000 rw-p 00000000 00:00 0 
2b4b026e0000-2b4b026e8000 rw-p 00000000 00:00 0 
2b4b0a6e0000-2b4b0a6f1000 rw-p 00000000 00:00 0 
2b4b0e6f1000-2b4b0e6f9000 rw-p 00000000 00:00 0 
2b4b166d8000-2b4b166d9000 rw-p 00000000 00:00 0 
2b4b1a6d9000-2b4b1a6e4000 rw-p 00000000 00:00 0 
2b4b266e4000-2b4b266f4000 rw-p 00000000 00:00 0 
2b4b326da000-2b4b326db000 rw-p 00000000 00:00 0 
2b4b366db000-2b4b36708000 rw-p 00000000 00:00 0 
2b4b426e5000-2b4b426f5000 rw-p 00000000 00:00 0 
2b4b4a6db000-2b4b4a6dc000 rw-p 00000000 00:00 0 
2b4b4a6eb000-2b4b4a6ec000 rw-p 00000000 00:00 0 
2b4b566ec000-2b4b5670f000 rw-p 00000000 00:00 0 
2b4b626ec000-2b4b626ed000 rw-p 00000000 00:00 0 
2b4b666ed000-2b4b666f5000 rw-p 00000000 00:00 0 
2b4b6a6f5000-2b4b6a6f6000 rw-p 00000000 00:00 0 
2b4b6e6f5000-2b4b6e6f6000 rw-p 00000000 00:00 0 
2b4b766f4000-2b4b766f5000 rw-p 00000000 00:00 0 
2b4b826f5000-2b4b8270d000 rw-p 00000000 00:00 0 
2b4b8a6fb000-2b4b8a703000 rw-p 00000000 00:00 0 
2b4b8e6f5000-2b4b8e6f6000 rw-p 00000000 00:00 0 
2b4b9a6ff000-2b4b9a701000 rw-p 00000000 00:00 0 
2b4b9e700000-2b4b9e701000 rw-p 00000000 00:00 0 
2b4ba2701000-2b4ba270c000 rw-p 00000000 00:00 0 
2b4ba671e000-2b4ba671f000 rw-p 00000000 00:00 0 
2b4bb271f000-2b4bb2720000 rw-p 00000000 00:00 0 
2b4bbe71f000-2b4bbe72b000 rw-p 00000000 00:00 0 
2b4bbe72c000-2b4bbe72d000 rw-p 00000000 00:00 0 
2b4bca732000-2b4bca733000 rw-p 00000000 00:00 0 
2b4bca73c000-2b4bca73d000 rw-p 00000000 00:00 0 
2b4bce73d000-2b4bce73e000 rw-p 00000000 00:00 0 
2b4bd6728000-2b4bd6729000 rw-p 00000000 00:00 0 
2b4bda729000-2b4bda737000 rw-p 00000000 00:00 0 
2b4bea732000-2b4bea733000 rw-p 00000000 00:00 0 
2b4bee729000-2b4bee72a000 rw-p 00000000 00:00 0 
2b4bfa72a000-2b4bfa735000 rw-p 00000000 00:00 0 
2b4c0272c000-2b4c0272d000 rw-p 00000000 00:00 0 
2b4c0672a000-2b4c0672b000 rw-p 00000000 00:00 0 
2b4c1672b000-2b4c16730000 rw-p 00000000 00:00 0 
2b4c1e72b000-2b4c1e72c000 rw-p 00000000 00:00 0 
2b4c2a72c000-2b4c2a735000 rw-p 00000000 00:00 0 
2b4c2e72e000-2b4c2e736000 rw-p 00000000 00:00 0 
2b4c3672c000-2b4c36732000 rw-p 00000000 00:00 0 
2b4c42732000-2b4c4273a000 rw-p 00000000 00:00 0 
2b4c46732000-2b4c46733000 rw-p 00000000 00:00 0 
2b4c4e72d000-2b4c4e72e000 rw-p 00000000 00:00 0 
2b4c5272e000-2b4c5272f000 rw-p 00000000 00:00 0 
2b4c5e72f000-2b4c5e738000 rw-p 00000000 00:00 0 
2b4c6672e000-2b4c6672f000 rw-p 00000000 00:00 0 
2b4c7272f000-2b4c72730000 rw-p 00000000 00:00 0 
2b4c76730000-2b4c76739000 rw-p 00000000 00:00 0 
2b4c82739000-2b4c82747000 rw-p 00000000 00:00 0 
2b4c8a730000-2b4c8a731000 rw-p 00000000 00:00 0 
2b4c92731000-2b4c92739000 rw-p 00000000 00:00 0 
2b4c96730000-2b4c96731000 rw-p 00000000 00:00 0 
2b4c9a731000-2b4c9a73a000 rw-p 00000000 00:00 0 
2b4ca673a000-2b4ca673c000 rw-p 00000000 00:00 0 
2b4cae731000-2b4cae732000 rw-p 00000000 00:00 0 
2b4cc6732000-2b4cc673c000 rw-p 00000000 00:00 0 
2b4cc673f000-2b4cc6741000 rw-p 00000000 00:00 0 
2b4cce753000-2b4cce754000 rw-p 00000000 00:00 0 
2b4cde733000-2b4cde734000 rw-p 00000000 00:00 0 
2b4ce2734000-2b4ce273d000 rw-p 00000000 00:00 0 
2b4ce2740000-2b4ce2741000 rw-p 00000000 00:00 0 
2b4cf6734000-2b4cf6735000 rw-p 00000000 00:00 0 
2b4d02735000-2b4d0273e000 rw-p 00000000 00:00 0 
2b4d02748000-2b4d02751000 rw-p 00000000 00:00 0 
2b4d0e751000-2b4d0e752000 rw-p 00000000 00:00 0 
2b4d1a751000-2b4d1a752000 rw-p 00000000 00:00 0 
2b4d1a756000-2b4d1a757000 rw-p 00000000 00:00 0 
2b4d1e756000-2b4d1e757000 rw-p 00000000 00:00 0 
2b4d22757000-2b4d2275f000 rw-p 00000000 00:00 0 
2b4d2e768000-2b4d2e76a000 rw-p 00000000 00:00 0 
2b4d3a769000-2b4d3a76a000 rw-p 00000000 00:00 0 
2b4d3e75f000-2b4d3e761000 rw-p 00000000 00:00 0 
2b4d4e77c000-2b4d4e77d000 rw-p 00000000 00:00 0 
2b4d56760000-2b4d56761000 rw-p 00000000 00:00 0 
2b4d5a761000-2b4d5a762000 rw-p 00000000 00:00 0 
2b4d5a76a000-2b4d5a772000 rw-p 00000000 00:00 0 
2b4d66772000-2b4d6677a000 rw-p 00000000 00:00 0 
2b4d6e761000-2b4d6e762000 rw-p 00000000 00:00 0 
2b4d7a762000-2b4d7a775000 rw-p 00000000 00:00 0 
2b4d7e775000-2b4d7e77d000 rw-p 00000000 00:00 0 
2b4d86775000-2b4d8677d000 rw-p 00000000 00:00 0 
2b4d92763000-2b4d92764000 rw-p 00000000 00:00 0 
2b4d96764000-2b4d9676e000 rw-p 00000000 00:00 0 
2b4da276e000-2b4da277e000 rw-p 00000000 00:00 0 
2b4daa76c000-2b4daa76d000 rw-p 00000000 00:00 0 
2b4db676c000-2b4db6774000 rw-p 00000000 00:00 0 
2b4dba76f000-2b4dba777000 rw-p 00000000 00:00 0 
2b4dbe777000-2b4dbe780000 rw-p 00000000 00:00 0 
2b4dca777000-2b4dca778000 rw-p 00000000 00:00 0 
2b4dce778000-2b4dce788000 rw-p 00000000 00:00 0 
2b4dd2777000-2b4dd2780000 rw-p 00000000 00:00 0 
2b4dde788000-2b4dde789000 rw-p 00000000 00:00 0 
2b4de277f000-2b4de2787000 rw-p 00000000 00:00 0 
2b4dea77f000-2b4dea787000 rw-p 00000000 00:00 0 
2b4df6787000-2b4df6791000 rw-p 00000000 00:00 0 
2b4e0678f000-2b4e06790000 rw-p 00000000 00:00 0 
2b4e1278f000-2b4e12791000 rw-p 00000000 00:00 0 
2b4e16791000-2b4e16799000 rw-p 00000000 00:00 0 
2b4e22791000-2b4e22799000 rw-p 00000000 00:00 0 
2b4e26799000-2b4e2679a000 rw-p 00000000 00:00 0 
2b4e2a790000-2b4e2a791000 rw-p 00000000 00:00 0 
2b4e2e791000-2b4e2e792000 rw-p 00000000 00:00 0 
2b4e3a792000-2b4e3a79a000 rw-p 00000000 00:00 0 
2b4e46792000-2b4e4679b000 rw-p 00000000 00:00 0 
2b4e5679b000-2b4e567a3000 rw-p 00000000 00:00 0 
2b4e5e79a000-2b4e5e7a2000 rw-p 00000000 00:00 0 
2b4e627ae000-2b4e627af000 rw-p 00000000 00:00 0 
2b4e767ae000-2b4e767b6000 rw-p 00000000 00:00 0 
2b4e827b6000-2b4e827bf000 rw-p 00000000 00:00 0 
2b4e9a7bf000-2b4e9a7c7000 rw-p 00000000 00:00 0 
2b4e9e7be000-2b4e9e7bf000 rw-p 00000000 00:00 0 
2b4eb67bf000-2b4eb67c7000 rw-p 00000000 00:00 0 
2b4ebe7ce000-2b4ebe7cf000 rw-p 00000000 00:00 0 
2b4ece7cf000-2b4ece7d7000 rw-p 00000000 00:00 0 
2b4ed67cf000-2b4ed67d0000 rw-p 00000000 00:00 0 
2b4eee7d0000-2b4eee7d8000 rw-p 00000000 00:00 0 
2b4eee7e3000-2b4eee7ec000 rw-p 00000000 00:00 0 
2b4ef27eb000-2b4ef27f3000 rw-p 00000000 00:00 0 
2b4efe7f3000-2b4efe7fb000 rw-p 00000000 00:00 0 
2b4f0a7fb000-2b4f0a81c000 rw-p 00000000 00:00 0 
2b4f167fb000-2b4f167fc000 rw-p 00000000 00:00 0 
2b4f267fc000-2b4f26804000 rw-p 00000000 00:00 0 
2b4f2a7fb000-2b4f2a803000 rw-p 00000000 00:00 0 
2b4f3e819000-2b4f3e81a000 rw-p 00000000 00:00 0 
2b4f4281a000-2b4f42822000 rw-p 00000000 00:00 0 
2b4f5a822000-2b4f5a82a000 rw-p 00000000 00:00 0 
2b4f62821000-2b4f62822000 rw-p 00000000 00:00 0 
2b4f76821000-2b4f76829000 rw-p 00000000 00:00 0 
2b4f7a829000-2b4f7a831000 rw-p 00000000 00:00 0 
2b4f86831000-2b4f86834000 rw-p 00000000 00:00 0 
2b4f8a831000-2b4f8a832000 rw-p 00000000 00:00 0 
2b4f8e832000-2b4f8e833000 rw-p 00000000 00:00 0 
2b4f92831000-2b4f92832000 rw-p 00000000 00:00 0 
2b4f9e832000-2b4f9e833000 rw-p 00000000 00:00 0 
2b4faa832000-2b4faa833000 rw-p 00000000 00:00 0 
2b4fae833000-2b4fae840000 rw-p 00000000 00:00 0 
2b4fb6832000-2b4fb683a000 rw-p 00000000 00:00 0 
2b4fbe83a000-2b4fbe83b000 rw-p 00000000 00:00 0 
2b4fc283a000-2b4fc2842000 rw-p 00000000 00:00 0 
2b4fc6842000-2b4fc6843000 rw-p 00000000 00:00 0 
2b4fd2843000-2b4fd284f000 rw-p 00000000 00:00 0 
2b4fe2842000-2b4fe2843000 rw-p 00000000 00:00 0 
2b4fee843000-2b4fee850000 rw-p 00000000 00:00 0 
2b4ffa843000-2b4ffa847000 rw-p 00000000 00:00 0 
2b500a84b000-2b500a85d000 rw-p 00000000 00:00 0 
2b500e84c000-2b500e84e000 rw-p 00000000 00:00 0 
2b501684c000-2b501684e000 rw-p 00000000 00:00 0 
2b502284c000-2b502284d000 rw-p 00000000 00:00 0 
2b503284d000-2b5032856000 rw-p 00000000 00:00 0 
2b504a84e000-2b504a850000 rw-p 00000000 00:00 0 
2b504e850000-2b504e858000 rw-p 00000000 00:00 0 
2b506284f000-2b5062851000 rw-p 00000000 00:00 0 
2b506e850000-2b506e851000 rw-p 00000000 00:00 0 
2b5072851000-2b5072859000 rw-p 00000000 00:00 0 
2b507a850000-2b507a851000 rw-p 00000000 00:00 0 
2b5086851000-2b5086852000 rw-p 00000000 00:00 0 
2b508a851000-2b508a852000 rw-p 00000000 00:00 0 
2b5092851000-2b5092852000 rw-p 00000000 00:00 0 
2b509e852000-2b509e85a000 rw-p 00000000 00:00 0 
2b50aa852000-2b50aa854000 rw-p 00000000 00:00 0 
2b50ba854000-2b50ba85c000 rw-p 00000000 00:00 0 
2b50c2854000-2b50c2855000 rw-p 00000000 00:00 0 
2b50c6854000-2b50c6855000 rw-p 00000000 00:00 0 
2b50ca85e000-2b50ca85f000 rw-p 00000000 00:00 0 
2b50da855000-2b50da856000 rw-p 00000000 00:00 0 
2b50e6856000-2b50e685f000 rw-p 00000000 00:00 0 
2b50f2856000-2b50f2857000 rw-p 00000000 00:00 0 
2b50f286c000-2b50f286d000 rw-p 00000000 00:00 0 
2b50f287d000-2b50f287e000 rw-p 00000000 00:00 0 
2b510287e000-2b5102887000 rw-p 00000000 00:00 0 
2b510a87e000-2b510a880000 rw-p 00000000 00:00 0 
2b510e88c000-2b510e88d000 rw-p 00000000 00:00 0 
2b511e88d000-2b511e88e000 rw-p 00000000 00:00 0 
2b5122880000-2b5122881000 rw-p 00000000 00:00 0 
2b512e881000-2b512e88c000 rw-p 00000000 00:00 0 
2b513a881000-2b513a882000 rw-p 00000000 00:00 0 
2b513e882000-2b513e883000 rw-p 00000000 00:00 0 
2b514a882000-2b514a883000 rw-p 00000000 00:00 0 
2b514e883000-2b514e887000 rw-p 00000000 00:00 0 
2b5152882000-2b5152883000 rw-p 00000000 00:00 0 
2b516a883000-2b516a885000 rw-p 00000000 00:00 0 
2b516e885000-2b516e888000 rw-p 00000000 00:00 0 
2b517a885000-2b517a886000 rw-p 00000000 00:00 0 
2b517e886000-2b517e88e000 rw-p 00000000 00:00 0 
2b5182884000-2b5182885000 rw-p 00000000 00:00 0 
2b5186885000-2b5186886000 rw-p 00000000 00:00 0 
2b518e886000-2b518e888000 rw-p 00000000 00:00 0 
2b5192886000-2b5192887000 rw-p 00000000 00:00 0 
2b519e886000-2b519e887000 rw-p 00000000 00:00 0 
2b51aa887000-2b51aa88f000 rw-p 00000000 00:00 0 
2b51ae887000-2b51ae889000 rw-p 00000000 00:00 0 
2b51ae892000-2b51ae893000 rw-p 00000000 00:00 0 
2b51ae8ad000-2b51ae8ae000 rw-p 00000000 00:00 0 
2b51b6887000-2b51b6888000 rw-p 00000000 00:00 0 
2b51c2888000-2b51c2889000 rw-p 00000000 00:00 0 
2b51ce888000-2b51ce88d000 rw-p 00000000 00:00 0 
2b51d288d000-2b51d2895000 rw-p 00000000 00:00 0 
2b51de88d000-2b51de88e000 rw-p 00000000 00:00 0 
2b51de898000-2b51de899000 rw-p 00000000 00:00 0 
2b51e6889000-2b51e688a000 rw-p 00000000 00:00 0 
2b51ea88a000-2b51ea88f000 rw-p 00000000 00:00 0 
2b51f688f000-2b51f6897000 rw-p 00000000 00:00 0 
2b520288c000-2b520288d000 rw-p 00000000 00:00 0 
2b520688d000-2b5206892000 rw-p 00000000 00:00 0 
2b520689a000-2b520689e000 rw-p 00000000 00:00 0 
2b521289e000-2b52128a6000 rw-p 00000000 00:00 0 
2b521e89e000-2b521e89f000 rw-p 00000000 00:00 0 
2b52228a8000-2b52228aa000 rw-p 00000000 00:00 0 
2b52228c7000-2b52228ca000 rw-p 00000000 00:00 0 
2b522e89d000-2b522e89e000 rw-p 00000000 00:00 0 
2b523289e000-2b52328a6000 rw-p 00000000 00:00 0 
2b52328ab000-2b52328ac000 rw-p 00000000 00:00 0 
2b523e8ac000-2b523e8ae000 rw-p 00000000 00:00 0 
2b523e8d3000-2b523e8d5000 rw-p 00000000 00:00 0 
2b524689e000-2b52468a0000 rw-p 00000000 00:00 0 
2b52528a0000-2b52528a9000 rw-p 00000000 00:00 0 
2b525e8a0000-2b525e8a3000 rw-p 00000000 00:00 0 
2b52628a3000-2b52628a4000 rw-p 00000000 00:00 0 
2b526e8a3000-2b526e8a4000 rw-p 00000000 00:00 0 
2b52728a4000-2b52728b4000 rw-p 00000000 00:00 0 
2b52728d6000-2b52728d7000 rw-p 00000000 00:00 0 
2b52768b3000-2b52768b4000 rw-p 00000000 00:00 0 
2b527a8b4000-2b527a8b5000 rw-p 00000000 00:00 0 
2b52928b4000-2b52928b6000 rw-p 00000000 00:00 0 
2b52968b6000-2b52968c9000 rw-p 00000000 00:00 0 
2b529e8c1000-2b529e8c9000 rw-p 00000000 00:00 0 
2b529e8cb000-2b529e8cc000 rw-p 00000000 00:00 0 
2b52a28b7000-2b52a28b8000 rw-p 00000000 00:00 0 
2b52a68b8000-2b52a68c1000 rw-p 00000000 00:00 0 
2b52aa8b5000-2b52aa8b6000 rw-p 00000000 00:00 0 
2b52b28f2000-2b52b28f3000 rw-p 00000000 00:00 0 
2b52b68b6000-2b52b68b7000 rw-p 00000000 00:00 0 
2b52ba8b6000-2b52ba8b7000 rw-p 00000000 00:00 0 
2b52be8b7000-2b52be8c7000 rw-p 00000000 00:00 0 
2b52c28b6000-2b52c28b7000 rw-p 00000000 00:00 0 
2b52c68b7000-2b52c68b9000 rw-p 00000000 00:00 0 
2b52ce8b7000-2b52ce8b9000 rw-p 00000000 00:00 0 
2b52d28b9000-2b52d28c1000 rw-p 00000000 00:00 0 
2b52da8b7000-2b52da8b9000 rw-p 00000000 00:00 0 
2b52de8b9000-2b52de8ba000 rw-p 00000000 00:00 0 
2b52e68d7000-2b52e68d8000 rw-p 00000000 00:00 0 
2b52ea8d8000-2b52ea8e3000 rw-p 00000000 00:00 0 
2b52ee8db000-2b52ee8dc000 rw-p 00000000 00:00 0 
2b52f68d1000-2b52f68d2000 rw-p 00000000 00:00 0 
2b52f68fa000-2b52f68fb000 rw-p 00000000 00:00 0 
2b52fe8fb000-2b52fe8fc000 rw-p 00000000 00:00 0 
2b53028fb000-2b53028fc000 rw-p 00000000 00:00 0 
2b53068fc000-2b5306904000 rw-p 00000000 00:00 0 
2b530e8fb000-2b530e8fc000 rw-p 00000000 00:00 0 
2b530e904000-2b530e905000 rw-p 00000000 00:00 0 
2b53128fc000-2b53128fd000 rw-p 00000000 00:00 0 
2b531a8fd000-2b531a8fe000 rw-p 00000000 00:00 0 
2b531a912000-2b531a913000 rw-p 00000000 00:00 0 
2b531e8fd000-2b531e905000 rw-p 00000000 00:00 0 
2b53228fd000-2b53228fe000 rw-p 00000000 00:00 0 
2b53268fc000-2b53268fd000 rw-p 00000000 00:00 0 
2b532a8fd000-2b532a906000 rw-p 00000000 00:00 0 
2b53328fd000-2b53328fe000 rw-p 00000000 00:00 0 
2b533691a000-2b5336922000 rw-p 00000000 00:00 0 
2b533e8fd000-2b533e8fe000 rw-p 00000000 00:00 0 
2b53428fe000-2b5342900000 rw-p 00000000 00:00 0 
2b534a900000-2b534a901000 rw-p 00000000 00:00 0 
2b534e907000-2b534e909000 rw-p 00000000 00:00 0 
2b534e912000-2b534e91a000 rw-p 00000000 00:00 0 
2b53568fe000-2b53568ff000 rw-p 00000000 00:00 0 
2b535a8ff000-2b535a907000 rw-p 00000000 00:00 0 
2b535e907000-2b535e90f000 rw-p 00000000 00:00 0 
2b535e917000-2b535e918000 rw-p 00000000 00:00 0 
2b53628ff000-2b5362900000 rw-p 00000000 00:00 0 
2b536a900000-2b536a901000 rw-p 00000000 00:00 0 
2b536e8ff000-2b536e900000 rw-p 00000000 00:00 0 
2b5372900000-2b537290b000 rw-p 00000000 00:00 0 
2b537e908000-2b537e909000 rw-p 00000000 00:00 0 
2b5382909000-2b5382919000 rw-p 00000000 00:00 0 
2b5386900000-2b5386901000 rw-p 00000000 00:00 0 
2b538a909000-2b538a90c000 rw-p 00000000 00:00 0 
2b539690c000-2b5396914000 rw-p 00000000 00:00 0 
2b5396916000-2b5396917000 rw-p 00000000 00:00 0 
2b539a90c000-2b539a914000 rw-p 00000000 00:00 0 
2b539e901000-2b539e902000 rw-p 00000000 00:00 0 
2b53a6925000-2b53a6926000 rw-p 00000000 00:00 0 
2b53aa90a000-2b53aa915000 rw-p 00000000 00:00 0 
2b53ae915000-2b53ae926000 rw-p 00000000 00:00 0 
2b53b6902000-2b53b6903000 rw-p 00000000 00:00 0 
2b53c2903000-2b53c290d000 rw-p 00000000 00:00 0 
2b53c6903000-2b53c690d000 rw-p 00000000 00:00 0 
2b53ca90d000-2b53ca90e000 rw-p 00000000 00:00 0 
2b53ca916000-2b53ca917000 rw-p 00000000 00:00 0 
2b53ce903000-2b53ce904000 rw-p 00000000 00:00 0 
2b53da904000-2b53da91d000 rw-p 00000000 00:00 0 
2b53de905000-2b53de906000 rw-p 00000000 00:00 0 
2b53e6904000-2b53e6912000 rw-p 00000000 00:00 0 
2b53ee911000-2b53ee919000 rw-p 00000000 00:00 0 
2b53fe905000-2b53fe906000 rw-p 00000000 00:00 0 
2b5402906000-2b5402907000 rw-p 00000000 00:00 0 
2b540290f000-2b5402918000 rw-p 00000000 00:00 0 
2b540e918000-2b540e923000 rw-p 00000000 00:00 0 
2b541291a000-2b541291b000 rw-p 00000000 00:00 0 
2b541292d000-2b541292e000 rw-p 00000000 00:00 0 
2b541e917000-2b541e918000 rw-p 00000000 00:00 0 
2b542692c000-2b542692d000 rw-p 00000000 00:00 0 
2b542e92d000-2b542e92e000 rw-p 00000000 00:00 0 
2b543292e000-2b5432946000 rw-p 00000000 00:00 0 
2b543692a000-2b543692c000 rw-p 00000000 00:00 0 
2b543e92c000-2b543e934000 rw-p 00000000 00:00 0 
2b544292b000-2b544292c000 rw-p 00000000 00:00 0 
2b544692c000-2b5446934000 rw-p 00000000 00:00 0 
2b544a92c000-2b544a92d000 rw-p 00000000 00:00 0 
2b544e92b000-2b544e934000 rw-p 00000000 00:00 0 
2b545692c000-2b545692d000 rw-p 00000000 00:00 0 
2b545e936000-2b545e937000 rw-p 00000000 00:00 0 
2b546292d000-2b546292f000 rw-p 00000000 00:00 0 
2b546692f000-2b5466957000 rw-p 00000000 00:00 0 
2b546a935000-2b546a937000 rw-p 00000000 00:00 0 
2b546e92d000-2b546e92e000 rw-p 00000000 00:00 0 
2b5472936000-2b5472937000 rw-p 00000000 00:00 0 
2b547a940000-2b547a941000 rw-p 00000000 00:00 0 
2b547e941000-2b547e951000 rw-p 00000000 00:00 0 
2b5482959000-2b548295a000 rw-p 00000000 00:00 0 
2b5486940000-2b5486948000 rw-p 00000000 00:00 0 
2b548a940000-2b548a941000 rw-p 00000000 00:00 0 
2b548e941000-2b548e944000 rw-p 00000000 00:00 0 
2b5492952000-2b5492953000 rw-p 00000000 00:00 0 
2b549a95b000-2b549a95c000 rw-p 00000000 00:00 0 
2b549e95d000-2b549e986000 rw-p 00000000 00:00 0 
2b54a295b000-2b54a295c000 rw-p 00000000 00:00 0 
2b54a695c000-2b54a6964000 rw-p 00000000 00:00 0 
2b54ae95b000-2b54ae95c000 rw-p 00000000 00:00 0 
2b54ba96c000-2b54ba96d000 rw-p 00000000 00:00 0 
2b54be964000-2b54be965000 rw-p 00000000 00:00 0 
2b54c295b000-2b54c2963000 rw-p 00000000 00:00 0 
2b54ca963000-2b54ca96b000 rw-p 00000000 00:00 0 
2b54ce963000-2b54ce964000 rw-p 00000000 00:00 0 
2b54d2964000-2b54d2974000 rw-p 00000000 00:00 0 
2b54da96c000-2b54da96e000 rw-p 00000000 00:00 0 
2b54de96d000-2b54de96f000 rw-p 00000000 00:00 0 
2b54e296f000-2b54e297f000 rw-p 00000000 00:00 0 
2b54e6964000-2b54e6965000 rw-p 00000000 00:00 0 
2b54f2965000-2b54f29b6000 rw-p 00000000 00:00 0 
2b54f696d000-2b54f6976000 rw-p 00000000 00:00 0 
2b54fe965000-2b54fe966000 rw-p 00000000 00:00 0 
2b550a966000-2b550a998000 rw-p 00000000 00:00 0 
2b5516966000-2b5516970000 rw-p 00000000 00:00 0 
2b551a970000-2b551a979000 rw-p 00000000 00:00 0 
2b5526970000-2b5526988000 rw-p 00000000 00:00 0 
2b552e968000-2b552e969000 rw-p 00000000 00:00 0 
2b5532971000-2b5532979000 rw-p 00000000 00:00 0 
2b553e97a000-2b553e98b000 rw-p 00000000 00:00 0 
2b553e98b000-2b553e98c000 rw-p 00000000 00:00 0 
2b5546969000-2b554696a000 rw-p 00000000 00:00 0 
2b555296a000-2b555299c000 rw-p 00000000 00:00 0 
2b555a96a000-2b555a972000 rw-p 00000000 00:00 0 
2b555e96a000-2b555e96b000 rw-p 00000000 00:00 0 
2b556a96b000-2b556a9a5000 rw-p 00000000 00:00 0 
2b557696b000-2b5576983000 rw-p 00000000 00:00 0 
2b557a983000-2b557a9a5000 rw-p 00000000 00:00 0 
2b558699d000-2b55869a5000 rw-p 00000000 00:00 0 
2b558a9a5000-2b558a9ad000 rw-p 00000000 00:00 0 
2b558e96c000-2b558e96d000 rw-p 00000000 00:00 0 
2b559296d000-2b5592975000 rw-p 00000000 00:00 0 
2b559e975000-2b559e995000 rw-p 00000000 00:00 0 
2b55a297d000-2b55a297f000 rw-p 00000000 00:00 0 
2b55a696d000-2b55a696e000 rw-p 00000000 00:00 0 
2b55ae96e000-2b55ae970000 rw-p 00000000 00:00 0 
2b55b2970000-2b55b2978000 rw-p 00000000 00:00 0 
2b55be970000-2b55be990000 rw-p 00000000 00:00 0 
2b55c297e000-2b55c2986000 rw-p 00000000 00:00 0 
2b55da986000-2b55da9a7000 rw-p 00000000 00:00 0 
2b55e2986000-2b55e298f000 rw-p 00000000 00:00 0 
2b55ee98e000-2b55ee98f000 rw-p 00000000 00:00 0 
2b55f698f000-2b55f69a0000 rw-p 00000000 00:00 0 
2b56029a0000-2b56029c0000 rw-p 00000000 00:00 0 
2b5606997000-2b5606999000 rw-p 00000000 00:00 0 
2b560a999000-2b560a99a000 rw-p 00000000 00:00 0 
2b5612997000-2b561299f000 rw-p 00000000 00:00 0 
2b561e99f000-2b561e9a7000 rw-p 00000000 00:00 0 
2b561e9af000-2b561e9b0000 rw-p 00000000 00:00 0 
2b562a99f000-2b562a9a7000 rw-p 00000000 00:00 0 
2b562e9a7000-2b562e9d0000 rw-p 00000000 00:00 0 
2b563a9a8000-2b563a9b0000 rw-p 00000000 00:00 0 
2b56429a7000-2b56429af000 rw-p 00000000 00:00 0 
2b564e9af000-2b564e9c7000 rw-p 00000000 00:00 0 
2b56529af000-2b56529b0000 rw-p 00000000 00:00 0 
2b56529c1000-2b56529c3000 rw-p 00000000 00:00 0 
2b565e9c3000-2b565e9cb000 rw-p 00000000 00:00 0 
2b56629cb000-2b56629d3000 rw-p 00000000 00:00 0 
2b566a9cb000-2b566a9d3000 rw-p 00000000 00:00 0 
2b566e9d3000-2b566e9d5000 rw-p 00000000 00:00 0 
2b56729e7000-2b56729ef000 rw-p 00000000 00:00 0 
2b567e9ef000-2b567ea17000 rw-p 00000000 00:00 0 
2b568a9ef000-2b568a9f7000 rw-p 00000000 00:00 0 
2b56969f7000-2b56969f8000 rw-p 00000000 00:00 0 
2b569a9f7000-2b569a9f8000 rw-p 00000000 00:00 0 
2b569e9f8000-2b569ea10000 rw-p 00000000 00:00 0 
2b56a2a13000-2b56a2a14000 rw-p 00000000 00:00 0 
2b56b2a14000-2b56b2a24000 rw-p 00000000 00:00 0 
2b56b6a00000-2b56b6a01000 rw-p 00000000 00:00 0 
2b56c2a01000-2b56c2a21000 rw-p 00000000 00:00 0 
2b56cea01000-2b56cea09000 rw-p 00000000 00:00 0 
2b56dea09000-2b56dea21000 rw-p 00000000 00:00 0 
2b56dea2a000-2b56dea3a000 rw-p 00000000 00:00 0 
2b56e6a09000-2b56e6a11000 rw-p 00000000 00:00 0 
2b56fea11000-2b56fea41000 rw-p 00000000 00:00 0 
2b5716a19000-2b5716a21000 rw-p 00000000 00:00 0 
2b571aa21000-2b571aa41000 rw-p 00000000 00:00 0 
2b572ea21000-2b572ea29000 rw-p 00000000 00:00 0 
2b572ea2c000-2b572ea2d000 rw-p 00000000 00:00 0 
2b573aa2d000-2b573aa3d000 rw-p 00000000 00:00 0 
2b5746a2d000-2b5746a35000 rw-p 00000000 00:00 0 
2b5756a35000-2b5756a45000 rw-p 00000000 00:00 0 
2b575ea35000-2b575ea3d000 rw-p 00000000 00:00 0 
2b576ea4c000-2b576ea4e000 rw-p 00000000 00:00 0 
2b577aa4e000-2b577aa66000 rw-p 00000000 00:00 0 
2b5792a56000-2b5792a5e000 rw-p 00000000 00:00 0 
2b5792a70000-2b5792a71000 rw-p 00000000 00:00 0 
2b5796a70000-2b5796a71000 rw-p 00000000 00:00 0 
2b579aa82000-2b579aa9a000 rw-p 00000000 00:00 0 
2b57aea71000-2b57aea79000 rw-p 00000000 00:00 0 
2b57b6ab0000-2b57b6ab2000 rw-p 00000000 00:00 0 
2b57baab2000-2b57baac2000 rw-p 00000000 00:00 0 
2b57c6ab2000-2b57c6aba000 rw-p 00000000 00:00 0 
2b57ceab1000-2b57ceab2000 rw-p 00000000 00:00 0 
2b57d2ab2000-2b57d2ab3000 rw-p 00000000 00:00 0 
2b57deab3000-2b57deac3000 rw-p 00000000 00:00 0 
2b57eaab3000-2b57eaabb000 rw-p 00000000 00:00 0 
2b57eaac3000-2b57eaac4000 rw-p 00000000 00:00 0 
2b57faad5000-2b57faadd000 rw-p 00000000 00:00 0 
2b5812acd000-2b5812ad5000 rw-p 00000000 00:00 0 
2b5816ad5000-2b5816aed000 rw-p 00000000 00:00 0 
2b5822ab3000-2b5822ab4000 rw-p 00000000 00:00 0 
2b5832ab4000-2b5832ac4000 rw-p 00000000 00:00 0 
2b5846abd000-2b5846ac5000 rw-p 00000000 00:00 0 
2b585eac5000-2b585eacd000 rw-p 00000000 00:00 0 
2b586aacd000-2b586aad5000 rw-p 00000000 00:00 0 
2b586ead5000-2b586eadd000 rw-p 00000000 00:00 0 
2b588ead6000-2b588eade000 rw-p 00000000 00:00 0 
2b589aade000-2b589aae6000 rw-p 00000000 00:00 0 
2b58b2ae6000-2b58b2aee000 rw-p 00000000 00:00 0 
2b58beae7000-2b58beaef000 rw-p 00000000 00:00 0 
2b58c2aef000-2b58c2af7000 rw-p 00000000 00:00 0 
2b58ceaf7000-2b58ceaff000 rw-p 00000000 00:00 0 
2b58d6aef000-2b58d6af7000 rw-p 00000000 00:00 0 
2b58e2af7000-2b58e2aff000 rw-p 00000000 00:00 0 
2b5906b00000-2b5906b08000 rw-p 00000000 00:00 0 
2b590ab08000-2b590ab10000 rw-p 00000000 00:00 0 
2b5922b10000-2b5922b18000 rw-p 00000000 00:00 0 
2b5936b11000-2b5936b19000 rw-p 00000000 00:00 0 
2b5966b22000-2b5966b2a000 rw-p 00000000 00:00 0 
2b597eb2a000-2b597eb2b000 rw-p 00000000 00:00 0 
2b5996b2b000-2b5996b33000 rw-p 00000000 00:00 0 
2b59aeb33000-2b59aeb3b000 rw-p 00000000 00:00 0 
2b59c6b3b000-2b59c6b43000 rw-p 00000000 00:00 0 
7fff3e9ca000-7fff3e9e0000 rw-p 00000000 00:00 0                          [stack]
7fff3e9fa000-7fff3e9fb000 r-xp 00000000 00:00 0                          [vdso]
ffffffffff600000-ffffffffff601000 r-xp 00000000 00:00 0                  [vsyscall]

VM Arguments:
java_command: /projects/ps-lalexandrov/shared/GenomeAnalysisTK-3.8-0-ge9d806836/GenomeAnalysisTK.jar --version
java_class_path (initial): /projects/ps-lalexandrov/shared/GenomeAnalysisTK-3.8-0-ge9d806836/GenomeAnalysisTK.jar
Launcher Type: SUN_STANDARD

Environment Variables:
JAVA_HOME=/home/yutong/miniconda3/envs/evc_gatk3
PATH=/home/yutong/miniconda3/envs/evc_gatk3/bin:/home/yutong/miniconda3/condabin:/home/yutong/tools/bin:/home/yutong/bcftools-1.9/htslib-1.9/bin:/home/yutong/tools/sratoolkit.2.9.6-centos_linux64/bin:/opt/openmpi/intel/ib/bin:/opt/intel/composer_xe_2013_sp1.2.144/bin/intel64:/opt/intel/composer_xe_2013_sp1.2.144/mpirt/bin/intel64:/opt/intel/composer_xe_2013_sp1.2.144/debugger/gdb/intel64_mic/bin:/usr/lib64/qt-3.3/bin:/usr/local/bin:/bin:/usr/bin:/usr/local/sbin:/usr/sbin:/sbin:/opt/sdsc/bin:/opt/sdsc/sbin:/opt/bio/ncbi/bin:/opt/bio/mpiblast/bin:/opt/bio/EMBOSS/bin:/opt/bio/clustalw/bin:/opt/bio/tcoffee/bin:/opt/bio/hmmer/bin:/opt/bio/phylip/exe:/opt/bio/mrbayes:/opt/bio/fasta:/opt/bio/glimmer/bin:/opt/bio/glimmer/scripts:/opt/bio/gromacs/bin:/opt/bio/gmap/bin:/opt/bio/tigr/bin:/opt/bio/autodocksuite/bin:/opt/bio/wgs/bin:/opt/gold/bin:/opt/gold/sbin:.:/usr/java/latest/bin:/opt/maui/bin:/opt/torque/bin:/opt/torque/sbin:/opt/pdsh/bin:/opt/rocks/bin:/opt/rocks/sbin:/home/yutong/bin
LD_LIBRARY_PATH=/opt/openmpi/intel/ib/lib:/opt/intel/composer_xe_2013_sp1.2.144/compiler/lib/intel64:/opt/intel/composer_xe_2013_sp1.2.144/mpirt/lib/intel64:/opt/intel/composer_xe_2013_sp1.2.144/ipp/../compiler/lib/intel64:/opt/intel/composer_xe_2013_sp1.2.144/ipp/lib/intel64:/opt/intel/composer_xe_2013_sp1.2.144/compiler/lib/intel64:/opt/intel/composer_xe_2013_sp1.2.144/mkl/lib/intel64:/opt/intel/composer_xe_2013_sp1.2.144/tbb/lib/intel64/gcc4.4:/opt/gnu/gcc/lib64:/opt/gnu/gmp/lib:/opt/gnu/mpfr/lib:/opt/gnu/mpc/lib:/opt/sdsc/lib
SHELL=/bin/bash

Signal Handlers:
SIGSEGV: [libjvm.so+0xa3b070], sa_mask[0]=11111111011111111101111111111110, sa_flags=SA_RESTART|SA_SIGINFO
SIGBUS: [libjvm.so+0xa3b070], sa_mask[0]=11111111011111111101111111111110, sa_flags=SA_RESTART|SA_SIGINFO
SIGFPE: [libjvm.so+0x8a56c0], sa_mask[0]=11111111011111111101111111111110, sa_flags=SA_RESTART|SA_SIGINFO
SIGPIPE: [libjvm.so+0x8a56c0], sa_mask[0]=11111111011111111101111111111110, sa_flags=SA_RESTART|SA_SIGINFO
SIGXFSZ: [libjvm.so+0x8a56c0], sa_mask[0]=11111111011111111101111111111110, sa_flags=SA_RESTART|SA_SIGINFO
SIGILL: [libjvm.so+0x8a56c0], sa_mask[0]=11111111011111111101111111111110, sa_flags=SA_RESTART|SA_SIGINFO
SIGUSR1: SIG_DFL, sa_mask[0]=00000000000000000000000000000000, sa_flags=none
SIGUSR2: [libjvm.so+0x8a6dc0], sa_mask[0]=00000000000000000000000000000000, sa_flags=SA_RESTART|SA_SIGINFO
SIGHUP: [libjvm.so+0x8a84b0], sa_mask[0]=11111111011111111101111111111110, sa_flags=SA_RESTART|SA_SIGINFO
SIGINT: [libjvm.so+0x8a84b0], sa_mask[0]=11111111011111111101111111111110, sa_flags=SA_RESTART|SA_SIGINFO
SIGTERM: [libjvm.so+0x8a84b0], sa_mask[0]=11111111011111111101111111111110, sa_flags=SA_RESTART|SA_SIGINFO
SIGQUIT: [libjvm.so+0x8a84b0], sa_mask[0]=11111111011111111101111111111110, sa_flags=SA_RESTART|SA_SIGINFO


---------------  S Y S T E M  ---------------

OS:CentOS release 6.6 (Final)

uname:Linux 2.6.32-696.18.7.el6.x86_64 #1 SMP Thu Jan 4 17:31:22 UTC 2018 x86_64
libc:glibc 2.12 NPTL 2.12 
rlimit: STACK infinity, CORE 0k, NPROC 1024, NOFILE 4096, AS 4194304k
load average:39.36 39.16 39.42

/proc/meminfo:
MemTotal:       41277172 kB
MemFree:         9969992 kB
Buffers:          240740 kB
Cached:          6365308 kB
SwapCached:        10148 kB
Active:         22223396 kB
Inactive:        7608748 kB
Active(anon):   20173452 kB
Inactive(anon):  3053772 kB
Active(file):    2049944 kB
Inactive(file):  4554976 kB
Unevictable:           0 kB
Mlocked:               0 kB
SwapTotal:       3072276 kB
SwapFree:              0 kB
Dirty:               132 kB
Writeback:             0 kB
AnonPages:      23216344 kB
Mapped:            52504 kB
Shmem:              1044 kB
Slab:             666616 kB
SReclaimable:     525692 kB
SUnreclaim:       140924 kB
KernelStack:       11360 kB
PageTables:       346696 kB
NFS_Unstable:          0 kB
Bounce:                0 kB
WritebackTmp:          0 kB
CommitLimit:    23710860 kB
Committed_AS:   155981524 kB
VmallocTotal:   34359738367 kB
VmallocUsed:      410240 kB
VmallocChunk:   34341980920 kB
HardwareCorrupted:     0 kB
AnonHugePages:  14114816 kB
HugePages_Total:       0
HugePages_Free:        0
HugePages_Rsvd:        0
HugePages_Surp:        0
Hugepagesize:       2048 kB
DirectMap4k:        7872 kB
DirectMap2M:    41926656 kB


CPU:total 8 (initial active 8) (4 cores per cpu, 2 threads per core) family 6 model 26 stepping 5, cmov, cx8, fxsr, mmx, sse, sse2, sse3, ssse3, sse4.1, sse4.2, popcnt, ht, tsc, tscinvbit, tscinv

/proc/cpuinfo:
processor	: 0
vendor_id	: GenuineIntel
cpu family	: 6
model		: 26
model name	: Intel(R) Xeon(R) CPU           E5530  @ 2.40GHz
stepping	: 5
microcode	: 25
cpu MHz		: 2400.171
cache size	: 8192 KB
physical id	: 1
siblings	: 4
core id		: 0
cpu cores	: 4
apicid		: 16
initial apicid	: 16
fpu		: yes
fpu_exception	: yes
cpuid level	: 11
wp		: yes
flags		: fpu vme de pse tsc msr pae mce cx8 apic sep mtrr pge mca cmov pat pse36 clflush dts acpi mmx fxsr sse sse2 ss ht tm pbe syscall nx rdtscp lm constant_tsc arch_perfmon pebs bts rep_good xtopology nonstop_tsc aperfmperf pni dtes64 monitor ds_cpl vmx est tm2 ssse3 cx16 xtpr pdcm dca sse4_1 sse4_2 popcnt lahf_lm ida dtherm tpr_shadow vnmi flexpriority ept vpid
bogomips	: 4800.34
clflush size	: 64
cache_alignment	: 64
address sizes	: 40 bits physical, 48 bits virtual
power management:

processor	: 1
vendor_id	: GenuineIntel
cpu family	: 6
model		: 26
model name	: Intel(R) Xeon(R) CPU           E5530  @ 2.40GHz
stepping	: 5
microcode	: 25
cpu MHz		: 2400.171
cache size	: 8192 KB
physical id	: 1
siblings	: 4
core id		: 1
cpu cores	: 4
apicid		: 18
initial apicid	: 18
fpu		: yes
fpu_exception	: yes
cpuid level	: 11
wp		: yes
flags		: fpu vme de pse tsc msr pae mce cx8 apic sep mtrr pge mca cmov pat pse36 clflush dts acpi mmx fxsr sse sse2 ss ht tm pbe syscall nx rdtscp lm constant_tsc arch_perfmon pebs bts rep_good xtopology nonstop_tsc aperfmperf pni dtes64 monitor ds_cpl vmx est tm2 ssse3 cx16 xtpr pdcm dca sse4_1 sse4_2 popcnt lahf_lm ida dtherm tpr_shadow vnmi flexpriority ept vpid
bogomips	: 4800.34
clflush size	: 64
cache_alignment	: 64
address sizes	: 40 bits physical, 48 bits virtual
power management:

processor	: 2
vendor_id	: GenuineIntel
cpu family	: 6
model		: 26
model name	: Intel(R) Xeon(R) CPU           E5530  @ 2.40GHz
stepping	: 5
microcode	: 25
cpu MHz		: 2400.171
cache size	: 8192 KB
physical id	: 1
siblings	: 4
core id		: 2
cpu cores	: 4
apicid		: 20
initial apicid	: 20
fpu		: yes
fpu_exception	: yes
cpuid level	: 11
wp		: yes
flags		: fpu vme de pse tsc msr pae mce cx8 apic sep mtrr pge mca cmov pat pse36 clflush dts acpi mmx fxsr sse sse2 ss ht tm pbe syscall nx rdtscp lm constant_tsc arch_perfmon pebs bts rep_good xtopology nonstop_tsc aperfmperf pni dtes64 monitor ds_cpl vmx est tm2 ssse3 cx16 xtpr pdcm dca sse4_1 sse4_2 popcnt lahf_lm ida dtherm tpr_shadow vnmi flexpriority ept vpid
bogomips	: 4800.34
clflush size	: 64
cache_alignment	: 64
address sizes	: 40 bits physical, 48 bits virtual
power management:

processor	: 3
vendor_id	: GenuineIntel
cpu family	: 6
model		: 26
model name	: Intel(R) Xeon(R) CPU           E5530  @ 2.40GHz
stepping	: 5
microcode	: 25
cpu MHz		: 2400.171
cache size	: 8192 KB
physical id	: 1
siblings	: 4
core id		: 3
cpu cores	: 4
apicid		: 22
initial apicid	: 22
fpu		: yes
fpu_exception	: yes
cpuid level	: 11
wp		: yes
flags		: fpu vme de pse tsc msr pae mce cx8 apic sep mtrr pge mca cmov pat pse36 clflush dts acpi mmx fxsr sse sse2 ss ht tm pbe syscall nx rdtscp lm constant_tsc arch_perfmon pebs bts rep_good xtopology nonstop_tsc aperfmperf pni dtes64 monitor ds_cpl vmx est tm2 ssse3 cx16 xtpr pdcm dca sse4_1 sse4_2 popcnt lahf_lm ida dtherm tpr_shadow vnmi flexpriority ept vpid
bogomips	: 4800.34
clflush size	: 64
cache_alignment	: 64
address sizes	: 40 bits physical, 48 bits virtual
power management:

processor	: 4
vendor_id	: GenuineIntel
cpu family	: 6
model		: 26
model name	: Intel(R) Xeon(R) CPU           E5530  @ 2.40GHz
stepping	: 5
microcode	: 25
cpu MHz		: 2400.171
cache size	: 8192 KB
physical id	: 0
siblings	: 4
core id		: 0
cpu cores	: 4
apicid		: 0
initial apicid	: 0
fpu		: yes
fpu_exception	: yes
cpuid level	: 11
wp		: yes
flags		: fpu vme de pse tsc msr pae mce cx8 apic sep mtrr pge mca cmov pat pse36 clflush dts acpi mmx fxsr sse sse2 ss ht tm pbe syscall nx rdtscp lm constant_tsc arch_perfmon pebs bts rep_good xtopology nonstop_tsc aperfmperf pni dtes64 monitor ds_cpl vmx est tm2 ssse3 cx16 xtpr pdcm dca sse4_1 sse4_2 popcnt lahf_lm ida dtherm tpr_shadow vnmi flexpriority ept vpid
bogomips	: 4799.35
clflush size	: 64
cache_alignment	: 64
address sizes	: 40 bits physical, 48 bits virtual
power management:

processor	: 5
vendor_id	: GenuineIntel
cpu family	: 6
model		: 26
model name	: Intel(R) Xeon(R) CPU           E5530  @ 2.40GHz
stepping	: 5
microcode	: 25
cpu MHz		: 2400.171
cache size	: 8192 KB
physical id	: 0
siblings	: 4
core id		: 1
cpu cores	: 4
apicid		: 2
initial apicid	: 2
fpu		: yes
fpu_exception	: yes
cpuid level	: 11
wp		: yes
flags		: fpu vme de pse tsc msr pae mce cx8 apic sep mtrr pge mca cmov pat pse36 clflush dts acpi mmx fxsr sse sse2 ss ht tm pbe syscall nx rdtscp lm constant_tsc arch_perfmon pebs bts rep_good xtopology nonstop_tsc aperfmperf pni dtes64 monitor ds_cpl vmx est tm2 ssse3 cx16 xtpr pdcm dca sse4_1 sse4_2 popcnt lahf_lm ida dtherm tpr_shadow vnmi flexpriority ept vpid
bogomips	: 4799.35
clflush size	: 64
cache_alignment	: 64
address sizes	: 40 bits physical, 48 bits virtual
power management:

processor	: 6
vendor_id	: GenuineIntel
cpu family	: 6
model		: 26
model name	: Intel(R) Xeon(R) CPU           E5530  @ 2.40GHz
stepping	: 5
microcode	: 25
cpu MHz		: 2400.171
cache size	: 8192 KB
physical id	: 0
siblings	: 4
core id		: 2
cpu cores	: 4
apicid		: 4
initial apicid	: 4
fpu		: yes
fpu_exception	: yes
cpuid level	: 11
wp		: yes
flags		: fpu vme de pse tsc msr pae mce cx8 apic sep mtrr pge mca cmov pat pse36 clflush dts acpi mmx fxsr sse sse2 ss ht tm pbe syscall nx rdtscp lm constant_tsc arch_perfmon pebs bts rep_good xtopology nonstop_tsc aperfmperf pni dtes64 monitor ds_cpl vmx est tm2 ssse3 cx16 xtpr pdcm dca sse4_1 sse4_2 popcnt lahf_lm ida dtherm tpr_shadow vnmi flexpriority ept vpid
bogomips	: 4799.35
clflush size	: 64
cache_alignment	: 64
address sizes	: 40 bits physical, 48 bits virtual
power management:

processor	: 7
vendor_id	: GenuineIntel
cpu family	: 6
model		: 26
model name	: Intel(R) Xeon(R) CPU           E5530  @ 2.40GHz
stepping	: 5
microcode	: 25
cpu MHz		: 2400.171
cache size	: 8192 KB
physical id	: 0
siblings	: 4
core id		: 3
cpu cores	: 4
apicid		: 6
initial apicid	: 6
fpu		: yes
fpu_exception	: yes
cpuid level	: 11
wp		: yes
flags		: fpu vme de pse tsc msr pae mce cx8 apic sep mtrr pge mca cmov pat pse36 clflush dts acpi mmx fxsr sse sse2 ss ht tm pbe syscall nx rdtscp lm constant_tsc arch_perfmon pebs bts rep_good xtopology nonstop_tsc aperfmperf pni dtes64 monitor ds_cpl vmx est tm2 ssse3 cx16 xtpr pdcm dca sse4_1 sse4_2 popcnt lahf_lm ida dtherm tpr_shadow vnmi flexpriority ept vpid
bogomips	: 4799.35
clflush size	: 64
cache_alignment	: 64
address sizes	: 40 bits physical, 48 bits virtual
power management:



Memory: 4k page, physical 41277172k(9969992k free), swap 3072276k(0k free)

vm_info: OpenJDK 64-Bit Server VM (25.152-b12) for linux-amd64 JRE (1.8.0_152-release-1056-b12), built on Nov 16 2017 13:53:23 by "root" with gcc 4.4.7 20120313 (Red Hat 4.4.7-16)

time: Fri Dec 20 07:10:08 2019
elapsed time: 8 seconds (0d 0h 0m 8s)

