#
# There is insufficient memory for the Java Runtime Environment to continue.
# Native memory allocation (malloc) failed to allocate 42896 bytes for Chunk::new
# Possible reasons:
#   The system is out of physical RAM or swap space
#   The process is running with CompressedOops enabled, and the Java Heap may be blocking the growth of the native heap
# Possible solutions:
#   Reduce memory load on the system
#   Increase physical memory or swap space
#   Check if swap backing store is full
#   Decrease Java heap size (-Xmx/-Xms)
#   Decrease number of Java threads
#   Decrease Java thread stack sizes (-Xss)
#   Set larger code cache with -XX:ReservedCodeCacheSize=
#   JVM is running with Unscaled Compressed Oops mode in which the Java heap is
#     placed in the first 4GB address space. The Java Heap base address is the
#     maximum limit for the native heap growth. Please use -XX:HeapBaseMinAddress
#     to set the Java Heap base and to place the Java Heap above 4GB virtual address.
# This output file may be truncated or incomplete.
#
#  Out of Memory Error (allocation.cpp:390), pid=613, tid=0x00002ba8d8407700
#
# JRE version: OpenJDK Runtime Environment (8.0_192-b01) (build 1.8.0_192-b01)
# Java VM: OpenJDK 64-Bit Server VM (25.192-b01 mixed mode linux-amd64 compressed oops)
# Failed to write core dump. Core dumps have been disabled. To enable core dumping, try "ulimit -c unlimited" before starting Java again
#

---------------  T H R E A D  ---------------

Current thread (0x00002ba83c207000):  JavaThread "C2 CompilerThread0" daemon [_thread_in_native, id=684, stack(0x00002ba8d8307000,0x00002ba8d8408000)]

Stack: [0x00002ba8d8307000,0x00002ba8d8408000],  sp=0x00002ba8d8402000,  free space=1004k
Native frames: (J=compiled Java code, j=interpreted, Vv=VM code, C=native code)
V  [libjvm.so+0xa4197e]
V  [libjvm.so+0x4def69]
V  [libjvm.so+0x2d8a76]
V  [libjvm.so+0x2d9261]
V  [libjvm.so+0x54ea8f]
V  [libjvm.so+0x7b5906]
V  [libjvm.so+0x48b4f6]
V  [libjvm.so+0x48d565]
V  [libjvm.so+0x3e46dc]
V  [libjvm.so+0x492926]
V  [libjvm.so+0x496b47]
V  [libjvm.so+0x9f5601]
V  [libjvm.so+0x9f57e8]
V  [libjvm.so+0x8b2632]
C  [libpthread.so.0+0x7aa1]


Current CompileTask:
C2:   6979  503       4       javassist.bytecode.ClassFile::read (301 bytes)


---------------  P R O C E S S  ---------------

Java Threads: ( => current thread )
  0x00002ba83c210800 JavaThread "Service Thread" daemon [_thread_blocked, id=694, stack(0x00002baca4478000,0x00002baca4579000)]
  0x00002ba83c20d800 JavaThread "C1 CompilerThread3" daemon [_thread_blocked, id=691, stack(0x00002ba910310000,0x00002ba910411000)]
  0x00002ba83c20b800 JavaThread "C2 CompilerThread2" daemon [_thread_in_native, id=690, stack(0x00002bac28371000,0x00002bac28472000)]
  0x00002ba83c20a000 JavaThread "C2 CompilerThread1" daemon [_thread_in_native, id=688, stack(0x00002ba8f820c000,0x00002ba8f830d000)]
=>0x00002ba83c207000 JavaThread "C2 CompilerThread0" daemon [_thread_in_native, id=684, stack(0x00002ba8d8307000,0x00002ba8d8408000)]
  0x00002ba83c205000 JavaThread "Signal Dispatcher" daemon [_thread_blocked, id=682, stack(0x00002ba8d8206000,0x00002ba8d8307000)]
  0x00002ba83c1d2000 JavaThread "Finalizer" daemon [_thread_blocked, id=670, stack(0x00002ba8a4102000,0x00002ba8a4203000)]
  0x00002ba83c1cf800 JavaThread "Reference Handler" daemon [_thread_blocked, id=668, stack(0x00002ba8a4001000,0x00002ba8a4102000)]
  0x00002ba83c008800 JavaThread "main" [_thread_in_Java, id=639, stack(0x00002ba839d3c000,0x00002ba839e3d000)]

Other Threads:
  0x00002ba83c1c5800 VMThread [stack: 0x00002ba862a32000,0x00002ba862b33000] [id=665]
  0x00002ba83c213000 WatcherThread [stack: 0x00002bacbc57a000,0x00002bacbc67b000] [id=695]

VM state:not at safepoint (normal execution)

VM Mutex/Monitor currently owned by a thread: None

heap address: 0x0000000080000000, size: 2048 MB, Compressed Oops mode: 32-bit
Narrow klass base: 0x0000000000000000, Narrow klass shift: 3
Compressed class space size: 1073741824 Address: 0x0000000100000000

Heap:
 PSYoungGen      total 188416K, used 188393K [0x00000000d5580000, 0x00000000e2780000, 0x0000000100000000)
  eden space 161792K, 100% used [0x00000000d5580000,0x00000000df380000,0x00000000df380000)
  from space 26624K, 99% used [0x00000000df380000,0x00000000e0d7a7c8,0x00000000e0d80000)
  to   space 26624K, 0% used [0x00000000e0d80000,0x00000000e0d80000,0x00000000e2780000)
 ParOldGen       total 430080K, used 726K [0x0000000080000000, 0x000000009a400000, 0x00000000d5580000)
  object space 430080K, 0% used [0x0000000080000000,0x00000000800b5bb8,0x000000009a400000)
 Metaspace       used 4676K, capacity 5836K, committed 6016K, reserved 1056768K
  class space    used 517K, capacity 584K, committed 640K, reserved 1048576K

Card table byte_map: [0x00002ba84f3c0000,0x00002ba84f7c1000] byte_map_base: 0x00002ba84efc0000

Marking Bits: (ParMarkBitMap*) 0x00002ba839d0b040
 Begin Bits: [0x00002ba858000000, 0x00002ba85a000000)
 End Bits:   [0x00002ba85a000000, 0x00002ba85c000000)

Polling page: 0x00002ba83a27d000

CodeCache: size=245760Kb used=2693Kb max_used=2693Kb free=243066Kb
 bounds [0x00002ba840000000, 0x00002ba8402b0000, 0x00002ba84f000000]
 total_blobs=833 nmethods=579 adapters=170
 compilation: enabled

Compilation events (10 events):
Event: 5.761 Thread 0x00002ba83c20a000 nmethod 579 0x00002ba840297b90 code [0x00002ba840297ce0, 0x00002ba840297d78]
Event: 5.761 Thread 0x00002ba83c20a000  580       4       org.reflections.scanners.AbstractScanner::acceptsInput (7 bytes)
Event: 5.764 Thread 0x00002ba83c20a000 nmethod 580 0x00002ba840297790 code [0x00002ba8402978e0, 0x00002ba840297a38]
Event: 5.795 Thread 0x00002ba83c20a000  581   !   4       org.reflections.scanners.AbstractScanner::scan (63 bytes)
Event: 5.869 Thread 0x00002ba83c20d800  584       3       javassist.bytecode.AttributeInfo::read (390 bytes)
Event: 5.891 Thread 0x00002ba83c20d800 nmethod 584 0x00002ba8402a2d10 code [0x00002ba8402a3220, 0x00002ba8402a5ef8]
Event: 5.891 Thread 0x00002ba83c20d800  585       3       javassist.bytecode.SignatureAttribute::<init> (8 bytes)
Event: 5.892 Thread 0x00002ba83c20d800 nmethod 585 0x00002ba8402973d0 code [0x00002ba840297540, 0x00002ba8402976c8]
Event: 5.892 Thread 0x00002ba83c20d800  586       3       javassist.bytecode.AnnotationsAttribute::<init> (8 bytes)
Event: 5.892 Thread 0x00002ba83c20d800 nmethod 586 0x00002ba840297010 code [0x00002ba840297180, 0x00002ba840297308]

GC Heap History (2 events):
Event: 4.983 GC heap before
{Heap before GC invocations=1 (full 0):
 PSYoungGen      total 188416K, used 161792K [0x00000000d5580000, 0x00000000e2780000, 0x0000000100000000)
  eden space 161792K, 100% used [0x00000000d5580000,0x00000000df380000,0x00000000df380000)
  from space 26624K, 0% used [0x00000000e0d80000,0x00000000e0d80000,0x00000000e2780000)
  to   space 26624K, 0% used [0x00000000df380000,0x00000000df380000,0x00000000e0d80000)
 ParOldGen       total 430080K, used 0K [0x0000000080000000, 0x000000009a400000, 0x00000000d5580000)
  object space 430080K, 0% used [0x0000000080000000,0x0000000080000000,0x000000009a400000)
 Metaspace       used 4667K, capacity 5836K, committed 6016K, reserved 1056768K
  class space    used 517K, capacity 584K, committed 640K, reserved 1048576K
Event: 5.006 GC heap after
Heap after GC invocations=1 (full 0):
 PSYoungGen      total 188416K, used 26601K [0x00000000d5580000, 0x00000000e2780000, 0x0000000100000000)
  eden space 161792K, 0% used [0x00000000d5580000,0x00000000d5580000,0x00000000df380000)
  from space 26624K, 99% used [0x00000000df380000,0x00000000e0d7a7c8,0x00000000e0d80000)
  to   space 26624K, 0% used [0x00000000e0d80000,0x00000000e0d80000,0x00000000e2780000)
 ParOldGen       total 430080K, used 726K [0x0000000080000000, 0x000000009a400000, 0x00000000d5580000)
  object space 430080K, 0% used [0x0000000080000000,0x00000000800b5bb8,0x000000009a400000)
 Metaspace       used 4667K, capacity 5836K, committed 6016K, reserved 1056768K
  class space    used 517K, capacity 584K, committed 640K, reserved 1048576K
}

Deoptimization events (10 events):
Event: 3.538 Thread 0x00002ba83c008800 Uncommon trap: reason=unstable_if action=reinterpret pc=0x00002ba840238104 method=java.util.ArrayList.<init>(I)V @ 5
Event: 3.712 Thread 0x00002ba83c008800 Uncommon trap: reason=unloaded action=reinterpret pc=0x00002ba840234e20 method=javassist.bytecode.ConstPool.readOne(Ljava/io/DataInputStream;)I @ 132
Event: 4.096 Thread 0x00002ba83c008800 Uncommon trap: reason=unstable_if action=reinterpret pc=0x00002ba840256bd0 method=javassist.bytecode.AttributeInfo.read(Ljavassist/bytecode/ConstPool;Ljava/io/DataInputStream;)Ljavassist/bytecode/AttributeInfo; @ 27
Event: 4.293 Thread 0x00002ba83c008800 Uncommon trap: reason=unloaded action=reinterpret pc=0x00002ba8402469a8 method=javassist.bytecode.ConstPool.readOne(Ljava/io/DataInputStream;)I @ 100
Event: 4.513 Thread 0x00002ba83c008800 Uncommon trap: reason=unstable_if action=reinterpret pc=0x00002ba84026ee50 method=javassist.bytecode.AttributeInfo.read(Ljavassist/bytecode/ConstPool;Ljava/io/DataInputStream;)Ljavassist/bytecode/AttributeInfo; @ 325
Event: 4.578 Thread 0x00002ba83c008800 Uncommon trap: reason=predicate action=maybe_recompile pc=0x00002ba84026ad94 method=java.util.regex.Pattern$Slice.match(Ljava/util/regex/Matcher;ILjava/lang/CharSequence;)Z @ 21
Event: 5.039 Thread 0x00002ba83c1d2000 Uncommon trap: reason=unstable_if action=reinterpret pc=0x00002ba840249694 method=java.util.WeakHashMap.eq(Ljava/lang/Object;Ljava/lang/Object;)Z @ 2
Event: 5.050 Thread 0x00002ba83c1cf800 Uncommon trap: reason=unstable_if action=reinterpret pc=0x00002ba84027b444 method=java.lang.ref.ReferenceQueue.enqueue(Ljava/lang/ref/Reference;)Z @ 61
Event: 5.054 Thread 0x00002ba83c1cf800 Uncommon trap: reason=unstable_if action=reinterpret pc=0x00002ba84027a8e0 method=java.lang.ref.ReferenceQueue.enqueue(Ljava/lang/ref/Reference;)Z @ 61
Event: 5.850 Thread 0x00002ba83c008800 Uncommon trap: reason=unstable_if action=reinterpret pc=0x00002ba8402807f0 method=javassist.bytecode.AttributeInfo.read(Ljavassist/bytecode/ConstPool;Ljava/io/DataInputStream;)Ljavassist/bytecode/AttributeInfo; @ 256

Classes redefined (0 events):
No events

Internal exceptions (8 events):
Event: 0.242 Thread 0x00002ba83c008800 Exception <a 'java/lang/NoSuchMethodError': Method sun.misc.Unsafe.defineClass(Ljava/lang/String;[BII)Ljava/lang/Class; name or signature does not match> (0x00000000d5587cb0) thrown at [/export/home/tester/jenkins/workspace/zulu8-silver-build-rhel64/zulu-
Event: 0.242 Thread 0x00002ba83c008800 Exception <a 'java/lang/NoSuchMethodError': Method sun.misc.Unsafe.prefetchRead(Ljava/lang/Object;J)V name or signature does not match> (0x00000000d5587f98) thrown at [/export/home/tester/jenkins/workspace/zulu8-silver-build-rhel64/zulu-src/hotspot/src/sh
Event: 0.708 Thread 0x00002ba83c008800 Exception <a 'java/security/PrivilegedActionException'> (0x00000000d56a5ad0) thrown at [/export/home/tester/jenkins/workspace/zulu8-silver-build-rhel64/zulu-src/hotspot/src/share/vm/prims/jvm.cpp, line 1435]
Event: 0.708 Thread 0x00002ba83c008800 Exception <a 'java/security/PrivilegedActionException'> (0x00000000d56a5ce0) thrown at [/export/home/tester/jenkins/workspace/zulu8-silver-build-rhel64/zulu-src/hotspot/src/share/vm/prims/jvm.cpp, line 1435]
Event: 0.708 Thread 0x00002ba83c008800 Exception <a 'java/security/PrivilegedActionException'> (0x00000000d56a7d30) thrown at [/export/home/tester/jenkins/workspace/zulu8-silver-build-rhel64/zulu-src/hotspot/src/share/vm/prims/jvm.cpp, line 1435]
Event: 0.708 Thread 0x00002ba83c008800 Exception <a 'java/security/PrivilegedActionException'> (0x00000000d56a7f40) thrown at [/export/home/tester/jenkins/workspace/zulu8-silver-build-rhel64/zulu-src/hotspot/src/share/vm/prims/jvm.cpp, line 1435]
Event: 0.709 Thread 0x00002ba83c008800 Exception <a 'java/security/PrivilegedActionException'> (0x00000000d56a89e8) thrown at [/export/home/tester/jenkins/workspace/zulu8-silver-build-rhel64/zulu-src/hotspot/src/share/vm/prims/jvm.cpp, line 1435]
Event: 0.709 Thread 0x00002ba83c008800 Exception <a 'java/security/PrivilegedActionException'> (0x00000000d56a8bf8) thrown at [/export/home/tester/jenkins/workspace/zulu8-silver-build-rhel64/zulu-src/hotspot/src/share/vm/prims/jvm.cpp, line 1435]

Events (10 events):
Event: 5.039 Thread 0x00002ba83c1d2000 DEOPT UNPACKING pc=0x00002ba84004547a sp=0x00002ba8a4201318 mode 2
Event: 5.041 Thread 0x00002ba83c1cf800 Uncommon trap: trap_request=0xffffff65 fr.pc=0x00002ba84027b444
Event: 5.050 Thread 0x00002ba83c1cf800 DEOPT PACKING pc=0x00002ba84027b444 sp=0x00002ba8a41006d0
Event: 5.051 Thread 0x00002ba83c1cf800 DEOPT UNPACKING pc=0x00002ba84004547a sp=0x00002ba8a4100608 mode 2
Event: 5.054 Thread 0x00002ba83c1cf800 Uncommon trap: trap_request=0xffffff65 fr.pc=0x00002ba84027a8e0
Event: 5.054 Thread 0x00002ba83c1cf800 DEOPT PACKING pc=0x00002ba84027a8e0 sp=0x00002ba8a4100640
Event: 5.054 Thread 0x00002ba83c1cf800 DEOPT UNPACKING pc=0x00002ba84004547a sp=0x00002ba8a41005e8 mode 2
Event: 5.850 Thread 0x00002ba83c008800 Uncommon trap: trap_request=0xffffff65 fr.pc=0x00002ba8402807f0
Event: 5.850 Thread 0x00002ba83c008800 DEOPT PACKING pc=0x00002ba8402807f0 sp=0x00002ba839e3aab0
Event: 5.850 Thread 0x00002ba83c008800 DEOPT UNPACKING pc=0x00002ba84004547a sp=0x00002ba839e3aa68 mode 2


Dynamic libraries:
003ff000-00400000 rw-p 00000000 00:2a 416907                             /home/heyudou/miniconda3/envs/evc_gatk3/bin/java
00400000-00401000 r-xp 00001000 00:2a 416907                             /home/heyudou/miniconda3/envs/evc_gatk3/bin/java
00600000-00601000 rw-p 00001000 00:2a 416907                             /home/heyudou/miniconda3/envs/evc_gatk3/bin/java
00992000-009b3000 rw-p 00000000 00:00 0                                  [heap]
80000000-9a400000 rw-p 00000000 00:00 0 
9a400000-d5580000 ---p 00000000 00:00 0 
d5580000-e2780000 rw-p 00000000 00:00 0 
e2780000-100000000 ---p 00000000 00:00 0 
100000000-1000a0000 rw-p 00000000 00:00 0 
1000a0000-140000000 ---p 00000000 00:00 0 
399ce00000-399ce20000 r-xp 00000000 08:01 6234514                        /lib64/ld-2.12.so
399d020000-399d021000 r--p 00020000 08:01 6234514                        /lib64/ld-2.12.so
399d021000-399d022000 rw-p 00021000 08:01 6234514                        /lib64/ld-2.12.so
399d022000-399d023000 rw-p 00000000 00:00 0 
399d200000-399d38a000 r-xp 00000000 08:01 6234515                        /lib64/libc-2.12.so
399d38a000-399d58a000 ---p 0018a000 08:01 6234515                        /lib64/libc-2.12.so
399d58a000-399d58e000 r--p 0018a000 08:01 6234515                        /lib64/libc-2.12.so
399d58e000-399d590000 rw-p 0018e000 08:01 6234515                        /lib64/libc-2.12.so
399d590000-399d594000 rw-p 00000000 00:00 0 
399d600000-399d683000 r-xp 00000000 08:01 6234542                        /lib64/libm-2.12.so
399d683000-399d882000 ---p 00083000 08:01 6234542                        /lib64/libm-2.12.so
399d882000-399d883000 r--p 00082000 08:01 6234542                        /lib64/libm-2.12.so
399d883000-399d884000 rw-p 00083000 08:01 6234542                        /lib64/libm-2.12.so
399da00000-399da02000 r-xp 00000000 08:01 6234182                        /lib64/libdl-2.12.so
399da02000-399dc02000 ---p 00002000 08:01 6234182                        /lib64/libdl-2.12.so
399dc02000-399dc03000 r--p 00002000 08:01 6234182                        /lib64/libdl-2.12.so
399dc03000-399dc04000 rw-p 00003000 08:01 6234182                        /lib64/libdl-2.12.so
399de00000-399de17000 r-xp 00000000 08:01 6234520                        /lib64/libpthread-2.12.so
399de17000-399e017000 ---p 00017000 08:01 6234520                        /lib64/libpthread-2.12.so
399e017000-399e018000 r--p 00017000 08:01 6234520                        /lib64/libpthread-2.12.so
399e018000-399e019000 rw-p 00018000 08:01 6234520                        /lib64/libpthread-2.12.so
399e019000-399e01d000 rw-p 00000000 00:00 0 
399e600000-399e607000 r-xp 00000000 08:01 6234521                        /lib64/librt-2.12.so
399e607000-399e806000 ---p 00007000 08:01 6234521                        /lib64/librt-2.12.so
399e806000-399e807000 r--p 00006000 08:01 6234521                        /lib64/librt-2.12.so
399e807000-399e808000 rw-p 00007000 08:01 6234521                        /lib64/librt-2.12.so
2ba838ba7000-2ba838ba8000 rw-p 00000000 00:00 0 
2ba838bbd000-2ba838bbe000 rw-p 00000000 00:00 0 
2ba838bbe000-2ba838bd3000 r-xp 00000000 00:2a 416885                     /home/heyudou/miniconda3/envs/evc_gatk3/lib/libjli.so
2ba838bd3000-2ba838dd3000 ---p 00015000 00:2a 416885                     /home/heyudou/miniconda3/envs/evc_gatk3/lib/libjli.so
2ba838dd3000-2ba838dd4000 rw-p 00015000 00:2a 416885                     /home/heyudou/miniconda3/envs/evc_gatk3/lib/libjli.so
2ba838dd4000-2ba838dd5000 rw-p 00054000 00:2a 416885                     /home/heyudou/miniconda3/envs/evc_gatk3/lib/libjli.so
2ba838dd5000-2ba838dd8000 rw-p 00000000 00:00 0 
2ba838dd8000-2ba839a27000 r-xp 00000000 00:2a 416891                     /home/heyudou/miniconda3/envs/evc_gatk3/jre/lib/amd64/server/libjvm.so
2ba839a27000-2ba839c27000 ---p 00c4f000 00:2a 416891                     /home/heyudou/miniconda3/envs/evc_gatk3/jre/lib/amd64/server/libjvm.so
2ba839c27000-2ba839cf7000 rw-p 00c4f000 00:2a 416891                     /home/heyudou/miniconda3/envs/evc_gatk3/jre/lib/amd64/server/libjvm.so
2ba839cf7000-2ba839d39000 rw-p 00000000 00:00 0 
2ba839d39000-2ba839d3c000 rw-p 00f9a000 00:2a 416891                     /home/heyudou/miniconda3/envs/evc_gatk3/jre/lib/amd64/server/libjvm.so
2ba839d3c000-2ba839d3f000 ---p 00000000 00:00 0 
2ba839d3f000-2ba839e3d000 rw-p 00000000 00:00 0 
2ba839e3d000-2ba839e4a000 r-xp 00000000 00:2a 416871                     /home/heyudou/miniconda3/envs/evc_gatk3/jre/lib/amd64/libverify.so
2ba839e4a000-2ba83a04a000 ---p 0000d000 00:2a 416871                     /home/heyudou/miniconda3/envs/evc_gatk3/jre/lib/amd64/libverify.so
2ba83a04a000-2ba83a04c000 rw-p 0000d000 00:2a 416871                     /home/heyudou/miniconda3/envs/evc_gatk3/jre/lib/amd64/libverify.so
2ba83a04c000-2ba83a04d000 rw-p 00011000 00:2a 416871                     /home/heyudou/miniconda3/envs/evc_gatk3/jre/lib/amd64/libverify.so
2ba83a04d000-2ba83a077000 r-xp 00000000 00:2a 416881                     /home/heyudou/miniconda3/envs/evc_gatk3/jre/lib/amd64/libjava.so
2ba83a077000-2ba83a277000 ---p 0002a000 00:2a 416881                     /home/heyudou/miniconda3/envs/evc_gatk3/jre/lib/amd64/libjava.so
2ba83a277000-2ba83a279000 rw-p 0002a000 00:2a 416881                     /home/heyudou/miniconda3/envs/evc_gatk3/jre/lib/amd64/libjava.so
2ba83a279000-2ba83a27d000 rw-p 00036000 00:2a 416881                     /home/heyudou/miniconda3/envs/evc_gatk3/jre/lib/amd64/libjava.so
2ba83a27d000-2ba83a27e000 r--p 00000000 00:00 0 
2ba83a27e000-2ba83a27f000 rw-p 00000000 00:00 0 
2ba83a27f000-2ba83a2df000 r--s 00000000 08:02 624676                     /var/db/nscd/passwd
2ba83a2df000-2ba83a2e7000 rw-s 00000000 08:01 4235301                    /tmp/hsperfdata_heyudou/613
2ba83a2e7000-2ba83a302000 r-xp 00000000 00:2a 416879                     /home/heyudou/miniconda3/envs/evc_gatk3/jre/lib/amd64/libzip.so
2ba83a302000-2ba83a501000 ---p 0001b000 00:2a 416879                     /home/heyudou/miniconda3/envs/evc_gatk3/jre/lib/amd64/libzip.so
2ba83a501000-2ba83a502000 rw-p 0001a000 00:2a 416879                     /home/heyudou/miniconda3/envs/evc_gatk3/jre/lib/amd64/libzip.so
2ba83a502000-2ba83a503000 rw-p 0001f000 00:2a 416879                     /home/heyudou/miniconda3/envs/evc_gatk3/jre/lib/amd64/libzip.so
2ba83c000000-2ba83c53d000 rw-p 00000000 00:00 0 
2ba83c53d000-2ba840000000 ---p 00000000 00:00 0 
2ba840000000-2ba8402b0000 rwxp 00000000 00:00 0 
2ba8402b0000-2ba84f000000 ---p 00000000 00:00 0 
2ba84f000000-2ba84f00b000 rw-p 00000000 00:00 0 
2ba84f00b000-2ba84f3c0000 ---p 00000000 00:00 0 
2ba84f3c0000-2ba84f492000 rw-p 00000000 00:00 0 
2ba84f492000-2ba84f66a000 ---p 00000000 00:00 0 
2ba84f66a000-2ba84f6d4000 rw-p 00000000 00:00 0 
2ba84f6d4000-2ba84f7c0000 ---p 00000000 00:00 0 
2ba84f7c0000-2ba84f893000 rw-p 00000000 00:00 0 
2ba84f893000-2ba84fa6c000 ---p 00000000 00:00 0 
2ba84fa6c000-2ba84fa6d000 ---p 00000000 00:00 0 
2ba84fa6d000-2ba84fb6d000 rw-p 00000000 00:00 0 
2ba84fb6d000-2ba84fb6e000 ---p 00000000 00:00 0 
2ba84fb6e000-2ba84fc6e000 rw-p 00000000 00:00 0 
2ba84fc6e000-2ba84fc6f000 ---p 00000000 00:00 0 
2ba84fc6f000-2ba84fd6f000 rw-p 00000000 00:00 0 
2ba84fd6f000-2ba84fd70000 ---p 00000000 00:00 0 
2ba84fd70000-2ba84fe70000 rw-p 00000000 00:00 0 
2ba84fe70000-2ba84fe71000 ---p 00000000 00:00 0 
2ba84fe71000-2ba84ff71000 rw-p 00000000 00:00 0 
2ba84ff71000-2ba84ff72000 ---p 00000000 00:00 0 
2ba84ff72000-2ba850072000 rw-p 00000000 00:00 0 
2ba850072000-2ba850073000 ---p 00000000 00:00 0 
2ba850073000-2ba850173000 rw-p 00000000 00:00 0 
2ba850173000-2ba850174000 ---p 00000000 00:00 0 
2ba850174000-2ba850274000 rw-p 00000000 00:00 0 
2ba854000000-2ba854021000 rw-p 00000000 00:00 0 
2ba854021000-2ba858000000 ---p 00000000 00:00 0 
2ba858000000-2ba85c000000 rw-p 00000000 00:00 0 
2ba85c000000-2ba85c021000 rw-p 00000000 00:00 0 
2ba85c021000-2ba860000000 ---p 00000000 00:00 0 
2ba860000000-2ba860968000 rw-p 00000000 00:00 0 
2ba860968000-2ba860c28000 ---p 00000000 00:00 0 
2ba860c28000-2ba860cf9000 rw-p 00000000 00:00 0 
2ba860cf9000-2ba860ec9000 r--s 03c63000 00:2a 416961                     /home/heyudou/miniconda3/envs/evc_gatk3/jre/lib/rt.jar
2ba860ec9000-2ba862a32000 rw-p 00000000 00:00 0 
2ba862a32000-2ba862a33000 ---p 00000000 00:00 0 
2ba862a33000-2ba862b33000 rw-p 00000000 00:00 0 
2ba864000000-2ba864021000 rw-p 00000000 00:00 0 
2ba864021000-2ba868000000 ---p 00000000 00:00 0 
2ba86c000000-2ba86c021000 rw-p 00000000 00:00 0 
2ba86c021000-2ba870000000 ---p 00000000 00:00 0 
2ba874000000-2ba874021000 rw-p 00000000 00:00 0 
2ba874021000-2ba878000000 ---p 00000000 00:00 0 
2ba87c000000-2ba87c021000 rw-p 00000000 00:00 0 
2ba87c021000-2ba880000000 ---p 00000000 00:00 0 
2ba884000000-2ba884021000 rw-p 00000000 00:00 0 
2ba884021000-2ba888000000 ---p 00000000 00:00 0 
2ba888000000-2ba888021000 rw-p 00000000 00:00 0 
2ba888021000-2ba88c000000 ---p 00000000 00:00 0 
2ba8a4000000-2ba8a4001000 rw-p 00000000 00:00 0 
2ba8a4001000-2ba8a4004000 ---p 00000000 00:00 0 
2ba8a4004000-2ba8a4102000 rw-p 00000000 00:00 0 
2ba8a4102000-2ba8a4105000 ---p 00000000 00:00 0 
2ba8a4105000-2ba8a420a000 rw-p 00000000 00:00 0 
2ba8bc203000-2ba8bc206000 rw-p 00000000 00:00 0 
2ba8c0205000-2ba8c0206000 rw-p 00000000 00:00 0 
2ba8c4206000-2ba8c420e000 rw-p 00000000 00:00 0 
2ba8d4204000-2ba8d4205000 rw-p 00000000 00:00 0 
2ba8d8205000-2ba8d8206000 rw-p 00000000 00:00 0 
2ba8d8206000-2ba8d8209000 ---p 00000000 00:00 0 
2ba8d8209000-2ba8d8307000 rw-p 00000000 00:00 0 
2ba8d8307000-2ba8d830a000 ---p 00000000 00:00 0 
2ba8d830a000-2ba8d8408000 rw-p 00000000 00:00 0 
2ba8e4408000-2ba8e440f000 rw-p 00000000 00:00 0 
2ba8ec205000-2ba8ec20b000 rw-p 00000000 00:00 0 
2ba8f820b000-2ba8f820c000 rw-p 00000000 00:00 0 
2ba8f820c000-2ba8f820f000 ---p 00000000 00:00 0 
2ba8f820f000-2ba8f830e000 rw-p 00000000 00:00 0 
2ba90430e000-2ba904314000 rw-p 00000000 00:00 0 
2ba91030e000-2ba910310000 rw-p 00000000 00:00 0 
2ba910310000-2ba910313000 ---p 00000000 00:00 0 
2ba910313000-2ba910412000 rw-p 00000000 00:00 0 
2ba920411000-2ba920412000 rw-p 00000000 00:00 0 
2ba924412000-2ba924419000 rw-p 00000000 00:00 0 
2ba92830f000-2ba928310000 rw-p 00000000 00:00 0 
2ba92c310000-2ba92c311000 rw-p 00000000 00:00 0 
2ba938311000-2ba938312000 rw-p 00000000 00:00 0 
2ba940310000-2ba940311000 rw-p 00000000 00:00 0 
2ba94c311000-2ba94c31b000 rw-p 00000000 00:00 0 
2ba958311000-2ba95831a000 rw-p 00000000 00:00 0 
2ba95c31a000-2ba95c31b000 rw-p 00000000 00:00 0 
2ba96831a000-2ba96831b000 rw-p 00000000 00:00 0 
2ba96c31b000-2ba96c324000 rw-p 00000000 00:00 0 
2ba970319000-2ba970321000 rw-p 00000000 00:00 0 
2ba97c321000-2ba97c322000 rw-p 00000000 00:00 0 
2ba988321000-2ba988323000 rw-p 00000000 00:00 0 
2ba98c323000-2ba98c32b000 rw-p 00000000 00:00 0 
2ba998323000-2ba998324000 rw-p 00000000 00:00 0 
2ba99c32d000-2ba99c32f000 rw-p 00000000 00:00 0 
2ba9a0322000-2ba9a0323000 rw-p 00000000 00:00 0 
2ba9a4323000-2ba9a4324000 rw-p 00000000 00:00 0 
2ba9b0324000-2ba9b0327000 rw-p 00000000 00:00 0 
2ba9b0334000-2ba9b0335000 rw-p 00000000 00:00 0 
2ba9b8323000-2ba9b8324000 rw-p 00000000 00:00 0 
2ba9c4324000-2ba9c4326000 rw-p 00000000 00:00 0 
2ba9d0324000-2ba9d0325000 rw-p 00000000 00:00 0 
2ba9d4325000-2ba9d432c000 rw-p 00000000 00:00 0 
2ba9d4339000-2ba9d433b000 rw-p 00000000 00:00 0 
2ba9e0325000-2ba9e0327000 rw-p 00000000 00:00 0 
2ba9e8325000-2ba9e8326000 rw-p 00000000 00:00 0 
2ba9f4326000-2ba9f432c000 rw-p 00000000 00:00 0 
2ba9f4334000-2ba9f433f000 rw-p 00000000 00:00 0 
2baa00326000-2baa00329000 rw-p 00000000 00:00 0 
2baa08355000-2baa08356000 rw-p 00000000 00:00 0 
2baa10329000-2baa1032f000 rw-p 00000000 00:00 0 
2baa18327000-2baa18328000 rw-p 00000000 00:00 0 
2baa1c328000-2baa1c32a000 rw-p 00000000 00:00 0 
2baa2832a000-2baa28340000 rw-p 00000000 00:00 0 
2baa28357000-2baa28358000 rw-p 00000000 00:00 0 
2baa30328000-2baa30330000 rw-p 00000000 00:00 0 
2baa3c330000-2baa3c336000 rw-p 00000000 00:00 0 
2baa48330000-2baa48338000 rw-p 00000000 00:00 0 
2baa4c338000-2baa4c35e000 rw-p 00000000 00:00 0 
2baa58338000-2baa58340000 rw-p 00000000 00:00 0 
2baa58349000-2baa5834a000 rw-p 00000000 00:00 0 
2baa60338000-2baa60340000 rw-p 00000000 00:00 0 
2baa6c340000-2baa6c385000 rw-p 00000000 00:00 0 
2baa7c348000-2baa7c34f000 rw-p 00000000 00:00 0 
2baa80357000-2baa80358000 rw-p 00000000 00:00 0 
2baa88348000-2baa88349000 rw-p 00000000 00:00 0 
2baa90348000-2baa9034b000 rw-p 00000000 00:00 0 
2baa9c34b000-2baa9c358000 rw-p 00000000 00:00 0 
2baaa834b000-2baaa8355000 rw-p 00000000 00:00 0 
2baab8355000-2baab8356000 rw-p 00000000 00:00 0 
2baab835d000-2baab838b000 rw-p 00000000 00:00 0 
2baac0353000-2baac035b000 rw-p 00000000 00:00 0 
2baac435b000-2baac435c000 rw-p 00000000 00:00 0 
2baad835b000-2baad835c000 rw-p 00000000 00:00 0 
2baae435c000-2baae437b000 rw-p 00000000 00:00 0 
2baaf035c000-2baaf035d000 rw-p 00000000 00:00 0 
2bab0035d000-2bab003ad000 rw-p 00000000 00:00 0 
2bab0835d000-2bab0835e000 rw-p 00000000 00:00 0 
2bab2035e000-2bab20374000 rw-p 00000000 00:00 0 
2bab20375000-2bab20376000 rw-p 00000000 00:00 0 
2bab3835f000-2bab38360000 rw-p 00000000 00:00 0 
2bab3c360000-2bab3c36e000 rw-p 00000000 00:00 0 
2bab50360000-2bab50361000 rw-p 00000000 00:00 0 
2bab5c361000-2bab5c378000 rw-p 00000000 00:00 0 
2bab68361000-2bab68362000 rw-p 00000000 00:00 0 
2bab78362000-2bab78398000 rw-p 00000000 00:00 0 
2bab80362000-2bab80363000 rw-p 00000000 00:00 0 
2bab98363000-2bab983a6000 rw-p 00000000 00:00 0 
2babb0364000-2babb036c000 rw-p 00000000 00:00 0 
2babb436c000-2babb43c3000 rw-p 00000000 00:00 0 
2babc836c000-2babc836d000 rw-p 00000000 00:00 0 
2babd436d000-2babd438d000 rw-p 00000000 00:00 0 
2babd4396000-2babd43ba000 rw-p 00000000 00:00 0 
2babe036d000-2babe036e000 rw-p 00000000 00:00 0 
2babf036e000-2babf0388000 rw-p 00000000 00:00 0 
2babf0389000-2babf03e8000 rw-p 00000000 00:00 0 
2babf836e000-2babf836f000 rw-p 00000000 00:00 0 
2bac1036f000-2bac10374000 rw-p 00000000 00:00 0 
2bac10376000-2bac103c6000 rw-p 00000000 00:00 0 
2bac28370000-2bac28371000 rw-p 00000000 00:00 0 
2bac28371000-2bac28374000 ---p 00000000 00:00 0 
2bac28374000-2bac28472000 rw-p 00000000 00:00 0 
2bac2c472000-2bac2c481000 rw-p 00000000 00:00 0 
2bac2c492000-2bac2c4aa000 rw-p 00000000 00:00 0 
2bac44473000-2bac44474000 rw-p 00000000 00:00 0 
2bac48474000-2bac48487000 rw-p 00000000 00:00 0 
2bac48499000-2bac484c2000 rw-p 00000000 00:00 0 
2bac48503000-2bac4850c000 rw-p 00000000 00:00 0 
2bac5c474000-2bac5c475000 rw-p 00000000 00:00 0 
2bac68475000-2bac68477000 rw-p 00000000 00:00 0 
2bac68477000-2bac68497000 rw-p 00000000 00:00 0 
2bac684b8000-2bac684da000 rw-p 00000000 00:00 0 
2bac74475000-2bac74477000 rw-p 00000000 00:00 0 
2bac84476000-2bac84478000 rw-p 00000000 00:00 0 
2bac88478000-2bac88493000 rw-p 00000000 00:00 0 
2bac88497000-2bac884ad000 rw-p 00000000 00:00 0 
2bac884c0000-2bac884c8000 rw-p 00000000 00:00 0 
2bac8c476000-2bac8c477000 rw-p 00000000 00:00 0 
2baca4477000-2baca4478000 rw-p 00000000 00:00 0 
2baca4478000-2baca447b000 ---p 00000000 00:00 0 
2baca447b000-2baca4582000 rw-p 00000000 00:00 0 
2baca4587000-2baca45b0000 rw-p 00000000 00:00 0 
2baca45c2000-2baca45ca000 rw-p 00000000 00:00 0 
2bacb457a000-2bacb457b000 rw-p 00000000 00:00 0 
2bacbc579000-2bacbc57a000 rw-p 00000000 00:00 0 
2bacbc57a000-2bacbc57b000 ---p 00000000 00:00 0 
2bacbc57b000-2bacbc67c000 rw-p 00000000 00:00 0 
2bacc067c000-2bacc067d000 rw-p 00000000 00:00 0 
2baccc67d000-2baccc69d000 rw-p 00000000 00:00 0 
2baccc6a6000-2baccc6b6000 rw-p 00000000 00:00 0 
2baccc6dc000-2baccc79d000 rw-p 00000000 00:00 0 
2bacd467c000-2bacd467d000 rw-p 00000000 00:00 0 
2bace067d000-2bace067f000 rw-p 00000000 00:00 0 
2bacec67d000-2bacec67e000 rw-p 00000000 00:00 0 
2bacf067e000-2bacf0682000 rw-p 00000000 00:00 0 
2bacf0686000-2bacf06a6000 rw-p 00000000 00:00 0 
2bacf06aa000-2bacf06c4000 rw-p 00000000 00:00 0 
2bacf06d7000-2bacf0779000 rw-p 00000000 00:00 0 
2bacfc67e000-2bacfc680000 rw-p 00000000 00:00 0 
2bad0467e000-2bad0467f000 rw-p 00000000 00:00 0 
2bad1067f000-2bad106f2000 rw-p 00000000 00:00 0 
2bad1c67f000-2bad1c680000 rw-p 00000000 00:00 0 
2bad2c680000-2bad2c684000 rw-p 00000000 00:00 0 
2bad2c684000-2bad2c6c5000 rw-p 00000000 00:00 0 
2bad2c6cb000-2bad2c6ed000 rw-p 00000000 00:00 0 
2bad34680000-2bad34681000 rw-p 00000000 00:00 0 
2bad3474e000-2bad3474f000 rw-p 00000000 00:00 0 
2bad3874f000-2bad38757000 rw-p 00000000 00:00 0 
2bad4c681000-2bad4c682000 rw-p 00000000 00:00 0 
2bad50682000-2bad50685000 rw-p 00000000 00:00 0 
2bad5c685000-2bad5c6a3000 rw-p 00000000 00:00 0 
2bad5c6a8000-2bad5c704000 rw-p 00000000 00:00 0 
2bad64682000-2bad64683000 rw-p 00000000 00:00 0 
2bad70683000-2bad70685000 rw-p 00000000 00:00 0 
2bad7c685000-2bad7c6ed000 rw-p 00000000 00:00 0 
2bad88684000-2bad88685000 rw-p 00000000 00:00 0 
2bad8c685000-2bad8c697000 rw-p 00000000 00:00 0 
2bad98686000-2bad9869a000 rw-p 00000000 00:00 0 
2bad9869b000-2bad986d0000 rw-p 00000000 00:00 0 
2bad986d3000-2bad986e3000 rw-p 00000000 00:00 0 
2bad9c686000-2bad9c687000 rw-p 00000000 00:00 0 
2bada0685000-2bada0686000 rw-p 00000000 00:00 0 
2bada4686000-2bada46a7000 rw-p 00000000 00:00 0 
2badac686000-2badac687000 rw-p 00000000 00:00 0 
2badb8686000-2badb8687000 rw-p 00000000 00:00 0 
2badbc687000-2badbc6bf000 rw-p 00000000 00:00 0 
2badbc6d3000-2badbc6ec000 rw-p 00000000 00:00 0 
2badc8687000-2badc8688000 rw-p 00000000 00:00 0 
2badcc688000-2badcc699000 rw-p 00000000 00:00 0 
2badd0687000-2badd0688000 rw-p 00000000 00:00 0 
2badd0688000-2badd0756000 r--s 00e4b000 00:21 936900                     /projects/ps-lalexandrov/shared/GenomeAnalysisTK-3.8-1-0-gf15c1c3ef/GenomeAnalysisTK.jar
2badd8756000-2badd8757000 rw-p 00000000 00:00 0 
2baddc757000-2baddc77c000 rw-p 00000000 00:00 0 
2baddc77d000-2baddc80d000 rw-p 00000000 00:00 0 
2bade8756000-2bade8758000 rw-p 00000000 00:00 0 
2badf8758000-2badf8781000 rw-p 00000000 00:00 0 
2badf8789000-2badf87e6000 rw-p 00000000 00:00 0 
2badfc760000-2badfc76d000 rw-p 00000000 00:00 0 
2bae00757000-2bae00758000 rw-p 00000000 00:00 0 
2bae08758000-2bae08760000 rw-p 00000000 00:00 0 
2bae0c760000-2bae0c771000 rw-p 00000000 00:00 0 
2bae10758000-2bae10759000 rw-p 00000000 00:00 0 
2bae18758000-2bae1875a000 rw-p 00000000 00:00 0 
2bae24759000-2bae2475a000 rw-p 00000000 00:00 0 
2bae2875a000-2bae287c1000 rw-p 00000000 00:00 0 
2bae30759000-2bae3075a000 rw-p 00000000 00:00 0 
2bae3475a000-2bae3476c000 rw-p 00000000 00:00 0 
2bae3875a000-2bae38762000 rw-p 00000000 00:00 0 
2bae3c75a000-2bae3c75b000 rw-p 00000000 00:00 0 
2bae4075a000-2bae4075b000 rw-p 00000000 00:00 0 
2bae4875a000-2bae4875b000 rw-p 00000000 00:00 0 
2bae5475b000-2bae5477c000 rw-p 00000000 00:00 0 
2bae6075b000-2bae6075e000 rw-p 00000000 00:00 0 
2bae6475e000-2bae647c2000 rw-p 00000000 00:00 0 
2bae6876f000-2bae6877f000 rw-p 00000000 00:00 0 
2bae6c76f000-2bae6c777000 rw-p 00000000 00:00 0 
2bae7875c000-2bae7875d000 rw-p 00000000 00:00 0 
2bae7c75d000-2bae7c772000 rw-p 00000000 00:00 0 
2bae8875f000-2bae887aa000 rw-p 00000000 00:00 0 
2bae8c760000-2bae8c761000 rw-p 00000000 00:00 0 
2bae9075d000-2bae9075e000 rw-p 00000000 00:00 0 
2bae9c75e000-2bae9c76b000 rw-p 00000000 00:00 0 
2baea076b000-2baea07dc000 rw-p 00000000 00:00 0 
2baea875e000-2baea875f000 rw-p 00000000 00:00 0 
2baeac75f000-2baeac798000 rw-p 00000000 00:00 0 
2baeb475f000-2baeb4762000 rw-p 00000000 00:00 0 
2baeb8762000-2baeb876c000 rw-p 00000000 00:00 0 
2baec075f000-2baec0762000 rw-p 00000000 00:00 0 
2baec4762000-2baec476a000 rw-p 00000000 00:00 0 
2baed076a000-2baed0772000 rw-p 00000000 00:00 0 
2baed8760000-2baed8762000 rw-p 00000000 00:00 0 
2baee4762000-2baee477e000 rw-p 00000000 00:00 0 
2baee477e000-2baee47b7000 rw-p 00000000 00:00 0 
2baee8786000-2baee878e000 rw-p 00000000 00:00 0 
2baef0761000-2baef0762000 rw-p 00000000 00:00 0 
2baef4762000-2baef4763000 rw-p 00000000 00:00 0 
2baefc762000-2baefc763000 rw-p 00000000 00:00 0 
2baf08762000-2baf08763000 rw-p 00000000 00:00 0 
2baf10763000-2baf10764000 rw-p 00000000 00:00 0 
2baf18763000-2baf18765000 rw-p 00000000 00:00 0 
2baf20763000-2baf20764000 rw-p 00000000 00:00 0 
2baf2c764000-2baf2c774000 rw-p 00000000 00:00 0 
2baf2c774000-2baf2c7bb000 rw-p 00000000 00:00 0 
2baf347a2000-2baf347aa000 rw-p 00000000 00:00 0 
2baf38764000-2baf3876e000 rw-p 00000000 00:00 0 
2baf3c76e000-2baf3c776000 rw-p 00000000 00:00 0 
2baf48776000-2baf487a7000 rw-p 00000000 00:00 0 
2baf4c7a7000-2baf4c7b0000 rw-p 00000000 00:00 0 
2baf50765000-2baf50766000 rw-p 00000000 00:00 0 
2baf54766000-2baf54774000 rw-p 00000000 00:00 0 
2baf54785000-2baf54786000 rw-p 00000000 00:00 0 
2baf60767000-2baf6076f000 rw-p 00000000 00:00 0 
2baf6476f000-2baf6477f000 rw-p 00000000 00:00 0 
2baf6c767000-2baf6c768000 rw-p 00000000 00:00 0 
2baf74768000-2baf74778000 rw-p 00000000 00:00 0 
2baf78778000-2baf78795000 rw-p 00000000 00:00 0 
2baf78798000-2baf787aa000 rw-p 00000000 00:00 0 
2baf84768000-2baf84769000 rw-p 00000000 00:00 0 
2baf88769000-2baf88779000 rw-p 00000000 00:00 0 
2baf94769000-2baf94792000 rw-p 00000000 00:00 0 
2baf9c769000-2baf9c773000 rw-p 00000000 00:00 0 
2baf9c77b000-2baf9c788000 rw-p 00000000 00:00 0 
2bafa8788000-2bafa8798000 rw-p 00000000 00:00 0 
2bafac788000-2bafac789000 rw-p 00000000 00:00 0 
2bafb476a000-2bafb476b000 rw-p 00000000 00:00 0 
2bafb876b000-2bafb8771000 rw-p 00000000 00:00 0 
2bafc4771000-2bafc4772000 rw-p 00000000 00:00 0 
2bafc4776000-2bafc4790000 rw-p 00000000 00:00 0 
2bafcc76b000-2bafcc76c000 rw-p 00000000 00:00 0 
2bafd876c000-2bafd8783000 rw-p 00000000 00:00 0 
2bafe476c000-2bafe4771000 rw-p 00000000 00:00 0 
2bafe8771000-2bafe879a000 rw-p 00000000 00:00 0 
2baff4771000-2baff4778000 rw-p 00000000 00:00 0 
2baff8778000-2baff8788000 rw-p 00000000 00:00 0 
2baffc76d000-2baffc776000 rw-p 00000000 00:00 0 
2bb000776000-2bb000778000 rw-p 00000000 00:00 0 
2bb00c778000-2bb00c788000 rw-p 00000000 00:00 0 
2bb01476e000-2bb01476f000 rw-p 00000000 00:00 0 
2bb01c76f000-2bb01c770000 rw-p 00000000 00:00 0 
2bb02076f000-2bb020778000 rw-p 00000000 00:00 0 
2bb024778000-2bb024788000 rw-p 00000000 00:00 0 
2bb02c76f000-2bb02c770000 rw-p 00000000 00:00 0 
2bb034770000-2bb034778000 rw-p 00000000 00:00 0 
2bb038778000-2bb0387a1000 rw-p 00000000 00:00 0 
2bb044770000-2bb044771000 rw-p 00000000 00:00 0 
2bb048771000-2bb048778000 rw-p 00000000 00:00 0 
2bb04877a000-2bb048783000 rw-p 00000000 00:00 0 
2bb05477b000-2bb054793000 rw-p 00000000 00:00 0 
2bb058793000-2bb05879b000 rw-p 00000000 00:00 0 
2bb05c771000-2bb05c772000 rw-p 00000000 00:00 0 
2bb064772000-2bb064774000 rw-p 00000000 00:00 0 
2bb068773000-2bb068775000 rw-p 00000000 00:00 0 
2bb06c775000-2bb06c77b000 rw-p 00000000 00:00 0 
2bb06c77b000-2bb06c787000 rw-p 00000000 00:00 0 
2bb070785000-2bb07078d000 rw-p 00000000 00:00 0 
2bb074772000-2bb074773000 rw-p 00000000 00:00 0 
2bb07c773000-2bb07c783000 rw-p 00000000 00:00 0 
2bb080783000-2bb080794000 rw-p 00000000 00:00 0 
2bb0807a4000-2bb0807b4000 rw-p 00000000 00:00 0 
2bb08c783000-2bb08c78a000 rw-p 00000000 00:00 0 
2bb090785000-2bb090786000 rw-p 00000000 00:00 0 
2bb09c78e000-2bb09c78f000 rw-p 00000000 00:00 0 
2bb0a078f000-2bb0a07a7000 rw-p 00000000 00:00 0 
2bb0a478f000-2bb0a4798000 rw-p 00000000 00:00 0 
2bb0b0798000-2bb0b079c000 rw-p 00000000 00:00 0 
2bb0bc79c000-2bb0bc7c5000 rw-p 00000000 00:00 0 
2bb0c0797000-2bb0c079f000 rw-p 00000000 00:00 0 
2bb0cc79f000-2bb0cc7a6000 rw-p 00000000 00:00 0 
2bb0d8797000-2bb0d879f000 rw-p 00000000 00:00 0 
2bb0dc79f000-2bb0dc7b8000 rw-p 00000000 00:00 0 
2bb0e479f000-2bb0e47a7000 rw-p 00000000 00:00 0 
2bb0f07a7000-2bb0f07ad000 rw-p 00000000 00:00 0 
2bb0fc7a7000-2bb0fc7af000 rw-p 00000000 00:00 0 
2bb1007af000-2bb1007cf000 rw-p 00000000 00:00 0 
2bb1047c0000-2bb1047c2000 rw-p 00000000 00:00 0 
2bb1087af000-2bb1087b0000 rw-p 00000000 00:00 0 
2bb1147af000-2bb1147c1000 rw-p 00000000 00:00 0 
2bb1187c1000-2bb1187c6000 rw-p 00000000 00:00 0 
2bb1247c6000-2bb1247e6000 rw-p 00000000 00:00 0 
2bb12c7c0000-2bb12c7c9000 rw-p 00000000 00:00 0 
2bb1307c9000-2bb1307ca000 rw-p 00000000 00:00 0 
2bb13c7ca000-2bb13c7cc000 rw-p 00000000 00:00 0 
2bb1407d3000-2bb1407d6000 rw-p 00000000 00:00 0 
2bb1447c9000-2bb1447ca000 rw-p 00000000 00:00 0 
2bb1487d2000-2bb1487d3000 rw-p 00000000 00:00 0 
2bb1547d3000-2bb1547f3000 rw-p 00000000 00:00 0 
2bb15c7d0000-2bb15c7d9000 rw-p 00000000 00:00 0 
2bb1687d8000-2bb1687e2000 rw-p 00000000 00:00 0 
2bb16c7e2000-2bb16c7e5000 rw-p 00000000 00:00 0 
2bb1787e5000-2bb178806000 rw-p 00000000 00:00 0 
2bb17c7e8000-2bb17c7f0000 rw-p 00000000 00:00 0 
2bb1807f0000-2bb1807f1000 rw-p 00000000 00:00 0 
2bb1847e0000-2bb1847e1000 rw-p 00000000 00:00 0 
2bb1887e1000-2bb1887e2000 rw-p 00000000 00:00 0 
2bb188803000-2bb18880b000 rw-p 00000000 00:00 0 
2bb18c7e0000-2bb18c7e1000 rw-p 00000000 00:00 0 
2bb1947e1000-2bb1947f1000 rw-p 00000000 00:00 0 
2bb1987f1000-2bb1987f4000 rw-p 00000000 00:00 0 
2bb19c7e1000-2bb19c7e2000 rw-p 00000000 00:00 0 
2bb1a47e0000-2bb1a47f0000 rw-p 00000000 00:00 0 
2bb1a87f0000-2bb1a87f1000 rw-p 00000000 00:00 0 
2bb1b0818000-2bb1b0820000 rw-p 00000000 00:00 0 
2bb1b4820000-2bb1b4830000 rw-p 00000000 00:00 0 
2bb1b4839000-2bb1b4841000 rw-p 00000000 00:00 0 
2bb1b883c000-2bb1b883d000 rw-p 00000000 00:00 0 
2bb1c07f1000-2bb1c07f2000 rw-p 00000000 00:00 0 
2bb1cc7f2000-2bb1cc7f4000 rw-p 00000000 00:00 0 
2bb1d87f2000-2bb1d87f3000 rw-p 00000000 00:00 0 
2bb1d881a000-2bb1d881b000 rw-p 00000000 00:00 0 
2bb1dc7fc000-2bb1dc7fd000 rw-p 00000000 00:00 0 
2bb1e07fd000-2bb1e081e000 rw-p 00000000 00:00 0 
2bb1e47f3000-2bb1e47fc000 rw-p 00000000 00:00 0 
2bb1e87fb000-2bb1e8804000 rw-p 00000000 00:00 0 
2bb1ec804000-2bb1ec805000 rw-p 00000000 00:00 0 
2bb1f07f3000-2bb1f07f5000 rw-p 00000000 00:00 0 
2bb1fc7f5000-2bb1fc7f8000 rw-p 00000000 00:00 0 
2bb204802000-2bb20480a000 rw-p 00000000 00:00 0 
2bb2087f4000-2bb2087f6000 rw-p 00000000 00:00 0 
2bb20c7f5000-2bb20c7f6000 rw-p 00000000 00:00 0 
2bb2107f6000-2bb21080f000 rw-p 00000000 00:00 0 
2bb21c7f7000-2bb21c7f9000 rw-p 00000000 00:00 0 
2bb2207f5000-2bb2207f7000 rw-p 00000000 00:00 0 
2bb2287f7000-2bb228800000 rw-p 00000000 00:00 0 
2bb22c7f7000-2bb22c7f8000 rw-p 00000000 00:00 0 
2bb230800000-2bb230809000 rw-p 00000000 00:00 0 
2bb2387f6000-2bb2387f8000 rw-p 00000000 00:00 0 
2bb2407f8000-2bb2407f9000 rw-p 00000000 00:00 0 
2bb244800000-2bb244821000 rw-p 00000000 00:00 0 
2bb2487f8000-2bb2487fb000 rw-p 00000000 00:00 0 
2bb24c7fb000-2bb24c807000 rw-p 00000000 00:00 0 
2bb24c819000-2bb24c832000 rw-p 00000000 00:00 0 
2bb2507f8000-2bb2507f9000 rw-p 00000000 00:00 0 
2bb2547f9000-2bb254801000 rw-p 00000000 00:00 0 
2bb2587f9000-2bb258801000 rw-p 00000000 00:00 0 
2bb260809000-2bb26080a000 rw-p 00000000 00:00 0 
2bb264811000-2bb26481a000 rw-p 00000000 00:00 0 
2bb2687f9000-2bb2687fc000 rw-p 00000000 00:00 0 
2bb26c7fc000-2bb26c7fe000 rw-p 00000000 00:00 0 
2bb2707f9000-2bb2707fa000 rw-p 00000000 00:00 0 
2bb27c7fa000-2bb27c816000 rw-p 00000000 00:00 0 
2bb2807fa000-2bb2807fc000 rw-p 00000000 00:00 0 
2bb284804000-2bb28480c000 rw-p 00000000 00:00 0 
2bb2887fb000-2bb2887fc000 rw-p 00000000 00:00 0 
2bb2947fd000-2bb2947fe000 rw-p 00000000 00:00 0 
2bb294813000-2bb294814000 rw-p 00000000 00:00 0 
2bb298814000-2bb298815000 rw-p 00000000 00:00 0 
2bb298829000-2bb29882a000 rw-p 00000000 00:00 0 
2bb2a0814000-2bb2a0815000 rw-p 00000000 00:00 0 
2bb2a4815000-2bb2a4816000 rw-p 00000000 00:00 0 
2bb2b0816000-2bb2b0836000 rw-p 00000000 00:00 0 
2bb2b8815000-2bb2b8816000 rw-p 00000000 00:00 0 
2bb2c4814000-2bb2c4815000 rw-p 00000000 00:00 0 
2bb2c8815000-2bb2c8819000 rw-p 00000000 00:00 0 
2bb2d0817000-2bb2d0818000 rw-p 00000000 00:00 0 
2bb2d0820000-2bb2d0830000 rw-p 00000000 00:00 0 
2bb2d4838000-2bb2d4840000 rw-p 00000000 00:00 0 
2bb2dc815000-2bb2dc816000 rw-p 00000000 00:00 0 
2bb2dc837000-2bb2dc838000 rw-p 00000000 00:00 0 
2bb2e0838000-2bb2e0839000 rw-p 00000000 00:00 0 
2bb2ec839000-2bb2ec852000 rw-p 00000000 00:00 0 
2bb2f083a000-2bb2f083b000 rw-p 00000000 00:00 0 
2bb2f883a000-2bb2f883b000 rw-p 00000000 00:00 0 
2bb2fc83a000-2bb2fc843000 rw-p 00000000 00:00 0 
2bb300857000-2bb300858000 rw-p 00000000 00:00 0 
2bb30483a000-2bb30483b000 rw-p 00000000 00:00 0 
2bb308843000-2bb30884b000 rw-p 00000000 00:00 0 
2bb308864000-2bb308865000 rw-p 00000000 00:00 0 
2bb310865000-2bb310867000 rw-p 00000000 00:00 0 
2bb314866000-2bb314867000 rw-p 00000000 00:00 0 
2bb318867000-2bb318868000 rw-p 00000000 00:00 0 
2bb31c867000-2bb31c86f000 rw-p 00000000 00:00 0 
2bb320838000-2bb320839000 rw-p 00000000 00:00 0 
2bb328839000-2bb328841000 rw-p 00000000 00:00 0 
2bb32884a000-2bb32884b000 rw-p 00000000 00:00 0 
2bb32c839000-2bb32c83a000 rw-p 00000000 00:00 0 
2bb330839000-2bb33083a000 rw-p 00000000 00:00 0 
2bb33483a000-2bb33484d000 rw-p 00000000 00:00 0 
2bb338839000-2bb33883b000 rw-p 00000000 00:00 0 
2bb344843000-2bb34484c000 rw-p 00000000 00:00 0 
2bb34884f000-2bb348850000 rw-p 00000000 00:00 0 
2bb354850000-2bb354855000 rw-p 00000000 00:00 0 
2bb354859000-2bb35486a000 rw-p 00000000 00:00 0 
2bb36085a000-2bb36085b000 rw-p 00000000 00:00 0 
2bb364859000-2bb36485a000 rw-p 00000000 00:00 0 
2bb37085a000-2bb370860000 rw-p 00000000 00:00 0 
2bb37485d000-2bb37485e000 rw-p 00000000 00:00 0 
2bb37885e000-2bb378872000 rw-p 00000000 00:00 0 
2bb37c866000-2bb37c867000 rw-p 00000000 00:00 0 
2bb38885b000-2bb38885c000 rw-p 00000000 00:00 0 
2bb38c85c000-2bb38c860000 rw-p 00000000 00:00 0 
2bb398867000-2bb398878000 rw-p 00000000 00:00 0 
2bb3a485d000-2bb3a485e000 rw-p 00000000 00:00 0 
2bb3a885e000-2bb3a8861000 rw-p 00000000 00:00 0 
2bb3b0860000-2bb3b0868000 rw-p 00000000 00:00 0 
2bb3b4868000-2bb3b4869000 rw-p 00000000 00:00 0 
2bb3c085f000-2bb3c0860000 rw-p 00000000 00:00 0 
2bb3c4860000-2bb3c4872000 rw-p 00000000 00:00 0 
2bb3c8862000-2bb3c8863000 rw-p 00000000 00:00 0 
2bb3d4863000-2bb3d4865000 rw-p 00000000 00:00 0 
2bb3d8860000-2bb3d8861000 rw-p 00000000 00:00 0 
2bb3e4861000-2bb3e4872000 rw-p 00000000 00:00 0 
2bb3f0861000-2bb3f0862000 rw-p 00000000 00:00 0 
2bb3f4862000-2bb3f4866000 rw-p 00000000 00:00 0 
2bb400866000-2bb400876000 rw-p 00000000 00:00 0 
2bb404879000-2bb40487a000 rw-p 00000000 00:00 0 
2bb408862000-2bb408863000 rw-p 00000000 00:00 0 
2bb414863000-2bb414866000 rw-p 00000000 00:00 0 
2bb418863000-2bb418864000 rw-p 00000000 00:00 0 
2bb424864000-2bb42486d000 rw-p 00000000 00:00 0 
2bb430864000-2bb430865000 rw-p 00000000 00:00 0 
2bb434865000-2bb434868000 rw-p 00000000 00:00 0 
2bb440865000-2bb440866000 rw-p 00000000 00:00 0 
2bb444866000-2bb44486e000 rw-p 00000000 00:00 0 
2bb450866000-2bb450868000 rw-p 00000000 00:00 0 
2bb458866000-2bb458867000 rw-p 00000000 00:00 0 
2bb464867000-2bb464877000 rw-p 00000000 00:00 0 
2bb470867000-2bb47086a000 rw-p 00000000 00:00 0 
2bb47486a000-2bb47486c000 rw-p 00000000 00:00 0 
2bb478875000-2bb478876000 rw-p 00000000 00:00 0 
2bb47887f000-2bb478880000 rw-p 00000000 00:00 0 
2bb484880000-2bb484888000 rw-p 00000000 00:00 0 
2bb48886a000-2bb48886b000 rw-p 00000000 00:00 0 
2bb49486b000-2bb494874000 rw-p 00000000 00:00 0 
2bb49886b000-2bb498873000 rw-p 00000000 00:00 0 
2bb4a086b000-2bb4a0874000 rw-p 00000000 00:00 0 
2bb4ac874000-2bb4ac87d000 rw-p 00000000 00:00 0 
2bb4b8874000-2bb4b8875000 rw-p 00000000 00:00 0 
2bb4bc875000-2bb4bc87e000 rw-p 00000000 00:00 0 
2bb4c8875000-2bb4c8876000 rw-p 00000000 00:00 0 
2bb4cc876000-2bb4cc87e000 rw-p 00000000 00:00 0 
2bb4d0875000-2bb4d0876000 rw-p 00000000 00:00 0 
2bb4dc876000-2bb4dc877000 rw-p 00000000 00:00 0 
2bb4e087d000-2bb4e0885000 rw-p 00000000 00:00 0 
2bb4e8885000-2bb4e888d000 rw-p 00000000 00:00 0 
2bb4f488d000-2bb4f488f000 rw-p 00000000 00:00 0 
2bb50088f000-2bb500890000 rw-p 00000000 00:00 0 
2bb510890000-2bb5108a0000 rw-p 00000000 00:00 0 
2bb514895000-2bb514896000 rw-p 00000000 00:00 0 
2bb52489d000-2bb52489e000 rw-p 00000000 00:00 0 
2bb53089d000-2bb53089e000 rw-p 00000000 00:00 0 
2bb53489e000-2bb5348a6000 rw-p 00000000 00:00 0 
2bb54089e000-2bb54089f000 rw-p 00000000 00:00 0 
2bb54889e000-2bb54889f000 rw-p 00000000 00:00 0 
2bb55489f000-2bb5548a7000 rw-p 00000000 00:00 0 
2bb56089f000-2bb5608a1000 rw-p 00000000 00:00 0 
2bb5708a1000-2bb5708a9000 rw-p 00000000 00:00 0 
2bb5788a0000-2bb5788a1000 rw-p 00000000 00:00 0 
2bb57c8a1000-2bb57c8a2000 rw-p 00000000 00:00 0 
2bb5908a1000-2bb5908a2000 rw-p 00000000 00:00 0 
2bb59c8a2000-2bb59c8a3000 rw-p 00000000 00:00 0 
2bb5a88a2000-2bb5a88a3000 rw-p 00000000 00:00 0 
2bb5b88a3000-2bb5b88ac000 rw-p 00000000 00:00 0 
2bb5d08a4000-2bb5d08a5000 rw-p 00000000 00:00 0 
2bb5d48a5000-2bb5d48b5000 rw-p 00000000 00:00 0 
2bb5e88a5000-2bb5e88a6000 rw-p 00000000 00:00 0 
2bb5f48a6000-2bb5f48b6000 rw-p 00000000 00:00 0 
2bb6008a6000-2bb6008a7000 rw-p 00000000 00:00 0 
2bb6108a7000-2bb6108b7000 rw-p 00000000 00:00 0 
2bb6188a7000-2bb6188a8000 rw-p 00000000 00:00 0 
2bb6308a8000-2bb6308b9000 rw-p 00000000 00:00 0 
2bb6488a9000-2bb6488aa000 rw-p 00000000 00:00 0 
2bb64c8aa000-2bb64c8ba000 rw-p 00000000 00:00 0 
2bb6608aa000-2bb6608ab000 rw-p 00000000 00:00 0 
2bb66c8ab000-2bb66c8bb000 rw-p 00000000 00:00 0 
2bb6788ab000-2bb6788ac000 rw-p 00000000 00:00 0 
2bb6888ac000-2bb6888b4000 rw-p 00000000 00:00 0 
2bb6908ac000-2bb6908b5000 rw-p 00000000 00:00 0 
2bb6a88ad000-2bb6a88b6000 rw-p 00000000 00:00 0 
2bb6ac8b6000-2bb6ac8be000 rw-p 00000000 00:00 0 
2bb6c08ae000-2bb6c08af000 rw-p 00000000 00:00 0 
2bb6d88af000-2bb6d88b0000 rw-p 00000000 00:00 0 
2bb6f08b0000-2bb6f08b1000 rw-p 00000000 00:00 0 
2bb7088b1000-2bb7088ba000 rw-p 00000000 00:00 0 
2bb70c8b2000-2bb70c8ba000 rw-p 00000000 00:00 0 
2bb7208b2000-2bb7208b3000 rw-p 00000000 00:00 0 
2bb72c8b3000-2bb72c8bb000 rw-p 00000000 00:00 0 
2bb7388b3000-2bb7388b4000 rw-p 00000000 00:00 0 
2bb7488b4000-2bb7488bc000 rw-p 00000000 00:00 0 
2bb7508b4000-2bb7508b5000 rw-p 00000000 00:00 0 
2bb7688b5000-2bb7688b6000 rw-p 00000000 00:00 0 
2bb7808b6000-2bb7808bb000 rw-p 00000000 00:00 0 
2bb7848bb000-2bb7848bc000 rw-p 00000000 00:00 0 
2bb7988b7000-2bb7988b8000 rw-p 00000000 00:00 0 
2bb79c8b8000-2bb79c8be000 rw-p 00000000 00:00 0 
2bb7a88be000-2bb7a88c6000 rw-p 00000000 00:00 0 
2bb7b08b8000-2bb7b08b9000 rw-p 00000000 00:00 0 
2bb7bc8b9000-2bb7bc8bd000 rw-p 00000000 00:00 0 
2bb7c88b9000-2bb7c88ba000 rw-p 00000000 00:00 0 
2bb7cc8ba000-2bb7cc8c2000 rw-p 00000000 00:00 0 
2bb7d88ba000-2bb7d88be000 rw-p 00000000 00:00 0 
2bb7e08ba000-2bb7e08bb000 rw-p 00000000 00:00 0 
2bb7f88bb000-2bb7f88be000 rw-p 00000000 00:00 0 
2bb8108be000-2bb8108bf000 rw-p 00000000 00:00 0 
2bb8288bf000-2bb8288c1000 rw-p 00000000 00:00 0 
2bb8408c0000-2bb8408c2000 rw-p 00000000 00:00 0 
2bb8448c2000-2bb8448c3000 rw-p 00000000 00:00 0 
2bb8588c1000-2bb8588c2000 rw-p 00000000 00:00 0 
2bb85c8c2000-2bb85c8c3000 rw-p 00000000 00:00 0 
2bb8748c3000-2bb8748c4000 rw-p 00000000 00:00 0 
2bb88c8c4000-2bb88c8c5000 rw-p 00000000 00:00 0 
2bb8a48c5000-2bb8a48c6000 rw-p 00000000 00:00 0 
2bb8bc8c6000-2bb8bc8c7000 rw-p 00000000 00:00 0 
2bb8d48c7000-2bb8d48ca000 rw-p 00000000 00:00 0 
2bb8e08ca000-2bb8e08d3000 rw-p 00000000 00:00 0 
2bb8ec8c8000-2bb8ec8c9000 rw-p 00000000 00:00 0 
2bb8f08c9000-2bb8f08cb000 rw-p 00000000 00:00 0 
2bb8fc8cb000-2bb8fc8dc000 rw-p 00000000 00:00 0 
2bb9088ca000-2bb9088cb000 rw-p 00000000 00:00 0 
2bb90c8cb000-2bb90c8cc000 rw-p 00000000 00:00 0 
2bb9188cc000-2bb9188d7000 rw-p 00000000 00:00 0 
2bb9248cc000-2bb9248cd000 rw-p 00000000 00:00 0 
2bb9348cd000-2bb9348ce000 rw-p 00000000 00:00 0 
2bb9388cc000-2bb9388cd000 rw-p 00000000 00:00 0 
2bb9508cd000-2bb9508d8000 rw-p 00000000 00:00 0 
2bb9688ce000-2bb9688cf000 rw-p 00000000 00:00 0 
2bb9688d6000-2bb9688d7000 rw-p 00000000 00:00 0 
2bb96c8d7000-2bb96c8e1000 rw-p 00000000 00:00 0 
2bb9808d7000-2bb9808d8000 rw-p 00000000 00:00 0 
2bb98c8d8000-2bb98c8e2000 rw-p 00000000 00:00 0 
2bb9988d8000-2bb9988d9000 rw-p 00000000 00:00 0 
2bb9a88d9000-2bb9a88e2000 rw-p 00000000 00:00 0 
2bb9b08d9000-2bb9b08da000 rw-p 00000000 00:00 0 
2bb9b48eb000-2bb9b48ed000 rw-p 00000000 00:00 0 
2bb9cc8ed000-2bb9cc8fa000 rw-p 00000000 00:00 0 
2bb9d08f8000-2bb9d08f9000 rw-p 00000000 00:00 0 
2bb9e88f9000-2bb9e8914000 rw-p 00000000 00:00 0 
2bb9f0905000-2bb9f0906000 rw-p 00000000 00:00 0 
2bba00906000-2bba00908000 rw-p 00000000 00:00 0 
2bba0c90e000-2bba0c917000 rw-p 00000000 00:00 0 
2bba1890f000-2bba18910000 rw-p 00000000 00:00 0 
2bba28910000-2bba28918000 rw-p 00000000 00:00 0 
2bba30910000-2bba30911000 rw-p 00000000 00:00 0 
2bba44918000-2bba44919000 rw-p 00000000 00:00 0 
2bba48919000-2bba48922000 rw-p 00000000 00:00 0 
2bba50919000-2bba5091b000 rw-p 00000000 00:00 0 
2bba5c91b000-2bba5c91c000 rw-p 00000000 00:00 0 
2bba6891b000-2bba6891c000 rw-p 00000000 00:00 0 
2bba6c91c000-2bba6c924000 rw-p 00000000 00:00 0 
2bba7891c000-2bba7891d000 rw-p 00000000 00:00 0 
2bba8491d000-2bba8491e000 rw-p 00000000 00:00 0 
2bba8891d000-2bba8891f000 rw-p 00000000 00:00 0 
2bba8c91f000-2bba8c927000 rw-p 00000000 00:00 0 
2bba9091d000-2bba9091e000 rw-p 00000000 00:00 0 
2bbaa891e000-2bbaa8921000 rw-p 00000000 00:00 0 
2bbaa8928000-2bbaa8931000 rw-p 00000000 00:00 0 
2bbaac91f000-2bbaac920000 rw-p 00000000 00:00 0 
2bbac091f000-2bbac0920000 rw-p 00000000 00:00 0 
2bbac892c000-2bbac892d000 rw-p 00000000 00:00 0 
2bbacc920000-2bbacc921000 rw-p 00000000 00:00 0 
2bbad0921000-2bbad092c000 rw-p 00000000 00:00 0 
2bbae8923000-2bbae8924000 rw-p 00000000 00:00 0 
2bbae8981000-2bbae8982000 rw-p 00000000 00:00 0 
2bbaec982000-2bbaec98b000 rw-p 00000000 00:00 0 
2bbaf0929000-2bbaf092a000 rw-p 00000000 00:00 0 
2bbaf492a000-2bbaf492b000 rw-p 00000000 00:00 0 
2bbb0892a000-2bbb0892b000 rw-p 00000000 00:00 0 
2bbb1492b000-2bbb1493d000 rw-p 00000000 00:00 0 
2bbb2092b000-2bbb2092c000 rw-p 00000000 00:00 0 
2bbb3092c000-2bbb30936000 rw-p 00000000 00:00 0 
2bbb30946000-2bbb3094e000 rw-p 00000000 00:00 0 
2bbb3494e000-2bbb34966000 rw-p 00000000 00:00 0 
2bbb3497f000-2bbb34987000 rw-p 00000000 00:00 0 
2bbb3892c000-2bbb3892d000 rw-p 00000000 00:00 0 
2bbb3895d000-2bbb3895e000 rw-p 00000000 00:00 0 
2bbb5093d000-2bbb5093e000 rw-p 00000000 00:00 0 
2bbb5493e000-2bbb5494c000 rw-p 00000000 00:00 0 
2bbb5c940000-2bbb5c941000 rw-p 00000000 00:00 0 
2bbb6893e000-2bbb68940000 rw-p 00000000 00:00 0 
2bbb6c966000-2bbb6c96e000 rw-p 00000000 00:00 0 
2bbb6c978000-2bbb6c980000 rw-p 00000000 00:00 0 
2bbb74940000-2bbb74942000 rw-p 00000000 00:00 0 
2bbb789ac000-2bbb789ad000 rw-p 00000000 00:00 0 
2bbb8093f000-2bbb80940000 rw-p 00000000 00:00 0 
2bbb8c940000-2bbb8c94a000 rw-p 00000000 00:00 0 
2bbb90949000-2bbb9094b000 rw-p 00000000 00:00 0 
2bbb9496d000-2bbb94975000 rw-p 00000000 00:00 0 
2bbb94985000-2bbb9498d000 rw-p 00000000 00:00 0 
2bbb98940000-2bbb98941000 rw-p 00000000 00:00 0 
2bbbb0941000-2bbbb094a000 rw-p 00000000 00:00 0 
2bbbb094b000-2bbbb094d000 rw-p 00000000 00:00 0 
2bbbb0987000-2bbbb09a7000 rw-p 00000000 00:00 0 
2bbbb09af000-2bbbb09b7000 rw-p 00000000 00:00 0 
2bbbc89b7000-2bbbc89c0000 rw-p 00000000 00:00 0 
2bbbcc955000-2bbbcc957000 rw-p 00000000 00:00 0 
2bbbd0957000-2bbbd0958000 rw-p 00000000 00:00 0 
2bbbd8960000-2bbbd8978000 rw-p 00000000 00:00 0 
2bbbe4957000-2bbbe4958000 rw-p 00000000 00:00 0 
2bbbec971000-2bbbec973000 rw-p 00000000 00:00 0 
2bbbf0973000-2bbbf0986000 rw-p 00000000 00:00 0 
2bbbf8973000-2bbbf8974000 rw-p 00000000 00:00 0 
2bbbfc973000-2bbbfc983000 rw-p 00000000 00:00 0 
2bbbfc98c000-2bbbfc99c000 rw-p 00000000 00:00 0 
2bbc0897a000-2bbc0897b000 rw-p 00000000 00:00 0 
2bbc1097b000-2bbc1097c000 rw-p 00000000 00:00 0 
2bbc1897b000-2bbc18983000 rw-p 00000000 00:00 0 
2bbc1898d000-2bbc18995000 rw-p 00000000 00:00 0 
2bbc2097b000-2bbc2097c000 rw-p 00000000 00:00 0 
2bbc2c97c000-2bbc2c97e000 rw-p 00000000 00:00 0 
2bbc2c985000-2bbc2c9a6000 rw-p 00000000 00:00 0 
2bbc3897c000-2bbc38985000 rw-p 00000000 00:00 0 
2bbc3c97d000-2bbc3c97e000 rw-p 00000000 00:00 0 
2bbc40988000-2bbc40990000 rw-p 00000000 00:00 0 
2bbc4c97e000-2bbc4c986000 rw-p 00000000 00:00 0 
2bbc50986000-2bbc50998000 rw-p 00000000 00:00 0 
2bbc5497e000-2bbc5497f000 rw-p 00000000 00:00 0 
2bbc6897e000-2bbc6897f000 rw-p 00000000 00:00 0 
2bbc7497f000-2bbc749a1000 rw-p 00000000 00:00 0 
2bbc8097f000-2bbc80980000 rw-p 00000000 00:00 0 
2bbc84993000-2bbc8499b000 rw-p 00000000 00:00 0 
2bbc90988000-2bbc90990000 rw-p 00000000 00:00 0 
2bbc94990000-2bbc94998000 rw-p 00000000 00:00 0 
2bbc94999000-2bbc9499b000 rw-p 00000000 00:00 0 
2bbca0999000-2bbca09a1000 rw-p 00000000 00:00 0 
2bbcac991000-2bbcac999000 rw-p 00000000 00:00 0 
2bbcb8999000-2bbcb89a1000 rw-p 00000000 00:00 0 
2bbcbc99a000-2bbcbc99c000 rw-p 00000000 00:00 0 
2bbcc099a000-2bbcc09a2000 rw-p 00000000 00:00 0 
2bbcc899a000-2bbcc899b000 rw-p 00000000 00:00 0 
2bbce099b000-2bbce09ae000 rw-p 00000000 00:00 0 
2bbcf899c000-2bbcf899d000 rw-p 00000000 00:00 0 
2bbcfc99d000-2bbcfc9ad000 rw-p 00000000 00:00 0 
2bbd1099d000-2bbd109a0000 rw-p 00000000 00:00 0 
2bbd1c9a0000-2bbd1c9b0000 rw-p 00000000 00:00 0 
2bbd2899f000-2bbd289a0000 rw-p 00000000 00:00 0 
2bbd2c9a0000-2bbd2c9a1000 rw-p 00000000 00:00 0 
2bbd389a1000-2bbd389b1000 rw-p 00000000 00:00 0 
2bbd449a1000-2bbd449a2000 rw-p 00000000 00:00 0 
2bbd549a2000-2bbd549aa000 rw-p 00000000 00:00 0 
2bbd5c9a2000-2bbd5c9a3000 rw-p 00000000 00:00 0 
2bbd749a3000-2bbd749bd000 rw-p 00000000 00:00 0 
2bbd8c9a4000-2bbd8c9a5000 rw-p 00000000 00:00 0 
2bbd909a5000-2bbd909c6000 rw-p 00000000 00:00 0 
2bbda49a5000-2bbda49a6000 rw-p 00000000 00:00 0 
2bbdb09a6000-2bbdb09bf000 rw-p 00000000 00:00 0 
2bbdbc9a6000-2bbdbc9a7000 rw-p 00000000 00:00 0 
2bbdcc9a7000-2bbdcc9b7000 rw-p 00000000 00:00 0 
2bbdd49a7000-2bbdd49a8000 rw-p 00000000 00:00 0 
2bbdec9a8000-2bbdec9c3000 rw-p 00000000 00:00 0 
2bbe049a9000-2bbe049aa000 rw-p 00000000 00:00 0 
2bbe089aa000-2bbe089b2000 rw-p 00000000 00:00 0 
2bbe289b3000-2bbe289bb000 rw-p 00000000 00:00 0 
2bbe349ab000-2bbe349ad000 rw-p 00000000 00:00 0 
2bbe389ac000-2bbe389af000 rw-p 00000000 00:00 0 
2bbe489af000-2bbe489b7000 rw-p 00000000 00:00 0 
2bbe509ad000-2bbe509ae000 rw-p 00000000 00:00 0 
2bbe549ae000-2bbe549af000 rw-p 00000000 00:00 0 
2bbe609c7000-2bbe609c8000 rw-p 00000000 00:00 0 
2bbe6c9c8000-2bbe6c9d1000 rw-p 00000000 00:00 0 
2bbe789c8000-2bbe789c9000 rw-p 00000000 00:00 0 
2bbe889c9000-2bbe889d2000 rw-p 00000000 00:00 0 
2bbea09d2000-2bbea09da000 rw-p 00000000 00:00 0 
2bbeac9d3000-2bbeac9d4000 rw-p 00000000 00:00 0 
2bbebc9d4000-2bbebc9d5000 rw-p 00000000 00:00 0 
2bbed49d5000-2bbed49dd000 rw-p 00000000 00:00 0 
2bbedc9e6000-2bbedc9e7000 rw-p 00000000 00:00 0 
2bbee8a0f000-2bbee8a17000 rw-p 00000000 00:00 0 
2bbeeca17000-2bbeeca18000 rw-p 00000000 00:00 0 
2bbf00a17000-2bbf00a18000 rw-p 00000000 00:00 0 
2bbf0c9e8000-2bbf0c9ea000 rw-p 00000000 00:00 0 
2bbf109ea000-2bbf109f2000 rw-p 00000000 00:00 0 
2bbf1c9f3000-2bbf1c9f4000 rw-p 00000000 00:00 0 
2bbf249ea000-2bbf249ec000 rw-p 00000000 00:00 0 
2bbf309ec000-2bbf309f4000 rw-p 00000000 00:00 0 
2bbf3c9ec000-2bbf3c9ed000 rw-p 00000000 00:00 0 
2bbf4c9ed000-2bbf4c9f5000 rw-p 00000000 00:00 0 
2bbf649f5000-2bbf64a06000 rw-p 00000000 00:00 0 
2bbf7ca06000-2bbf7ca0e000 rw-p 00000000 00:00 0 
2bbf94a0e000-2bbf94a16000 rw-p 00000000 00:00 0 
2bbf9ca23000-2bbf9ca2b000 rw-p 00000000 00:00 0 
2bbfaca2b000-2bbfaca33000 rw-p 00000000 00:00 0 
2bbfc4a33000-2bbfc4a3b000 rw-p 00000000 00:00 0 
2bbfcca18000-2bbfcca20000 rw-p 00000000 00:00 0 
2bbfd0a20000-2bbfd0a28000 rw-p 00000000 00:00 0 
2bbfe8a28000-2bbfe8a38000 rw-p 00000000 00:00 0 
2bc000a38000-2bc000a41000 rw-p 00000000 00:00 0 
2bc000a52000-2bc000a5a000 rw-p 00000000 00:00 0 
2bc018a5a000-2bc018a62000 rw-p 00000000 00:00 0 
2bc020a62000-2bc020a6a000 rw-p 00000000 00:00 0 
2bc030a6a000-2bc030a72000 rw-p 00000000 00:00 0 
2bc038a6a000-2bc038a72000 rw-p 00000000 00:00 0 
2bc050a72000-2bc050a7a000 rw-p 00000000 00:00 0 
2bc060a9d000-2bc060aa5000 rw-p 00000000 00:00 0 
2bc06caa5000-2bc06caae000 rw-p 00000000 00:00 0 
2bc084aa6000-2bc084aa7000 rw-p 00000000 00:00 0 
2bc098aad000-2bc098aae000 rw-p 00000000 00:00 0 
2bc0a4aad000-2bc0a4ab5000 rw-p 00000000 00:00 0 
2bc0a8ab5000-2bc0a8abd000 rw-p 00000000 00:00 0 
2bc0bcabd000-2bc0bcabe000 rw-p 00000000 00:00 0 
2bc0d8acf000-2bc0d8ad7000 rw-p 00000000 00:00 0 
2bc0ecac5000-2bc0ecacd000 rw-p 00000000 00:00 0 
2bc0f0ace000-2bc0f0acf000 rw-p 00000000 00:00 0 
2bc0fcacf000-2bc0fcad7000 rw-p 00000000 00:00 0 
2bc124ae7000-2bc124ae8000 rw-p 00000000 00:00 0 
2bc130ae8000-2bc130af0000 rw-p 00000000 00:00 0 
2bc134ae6000-2bc134aee000 rw-p 00000000 00:00 0 
2bc164af7000-2bc164b40000 rw-p 00000000 00:00 0 
2bc178b53000-2bc178b5b000 rw-p 00000000 00:00 0 
2bc17cb5b000-2bc17cb6b000 rw-p 00000000 00:00 0 
2bc194b63000-2bc194b6b000 rw-p 00000000 00:00 0 
2bc198b6b000-2bc198b73000 rw-p 00000000 00:00 0 
2bc1b0b73000-2bc1b0b7b000 rw-p 00000000 00:00 0 
2bc1c8b7b000-2bc1c8b83000 rw-p 00000000 00:00 0 
2bc1d4b83000-2bc1d4b8b000 rw-p 00000000 00:00 0 
2bc1e0b83000-2bc1e0b8b000 rw-p 00000000 00:00 0 
2bc1f0b8b000-2bc1f0b93000 rw-p 00000000 00:00 0 
2bc1f8b8b000-2bc1f8b93000 rw-p 00000000 00:00 0 
2bc210b93000-2bc210bb4000 rw-p 00000000 00:00 0 
2bc228bb4000-2bc228bbc000 rw-p 00000000 00:00 0 
2bc240bb3000-2bc240bbb000 rw-p 00000000 00:00 0 
2bc244bbb000-2bc244bcc000 rw-p 00000000 00:00 0 
2bc25cbcc000-2bc25cbd4000 rw-p 00000000 00:00 0 
2bc270bcc000-2bc270bd4000 rw-p 00000000 00:00 0 
2bc27cbd4000-2bc27cbdc000 rw-p 00000000 00:00 0 
2bc288bd4000-2bc288bdc000 rw-p 00000000 00:00 0 
2bc298bdc000-2bc298be4000 rw-p 00000000 00:00 0 
2bc2a0bdc000-2bc2a0be4000 rw-p 00000000 00:00 0 
2bc2b8be4000-2bc2b8bf4000 rw-p 00000000 00:00 0 
2bc2d0bec000-2bc2d0bf4000 rw-p 00000000 00:00 0 
2bc2d4bf4000-2bc2d4bfc000 rw-p 00000000 00:00 0 
2bc2e8bf4000-2bc2e8bfc000 rw-p 00000000 00:00 0 
2bc2f4bfc000-2bc2f4c04000 rw-p 00000000 00:00 0 
2bc300bfc000-2bc300c04000 rw-p 00000000 00:00 0 
2bc310c04000-2bc310c0c000 rw-p 00000000 00:00 0 
2bc318c04000-2bc318c0c000 rw-p 00000000 00:00 0 
2bc330c0c000-2bc330c1c000 rw-p 00000000 00:00 0 
2bc348c14000-2bc348c1c000 rw-p 00000000 00:00 0 
2bc34cc1c000-2bc34cc24000 rw-p 00000000 00:00 0 
2bc360c1c000-2bc360c24000 rw-p 00000000 00:00 0 
2bc378c24000-2bc378c34000 rw-p 00000000 00:00 0 
2bc388c2c000-2bc388c34000 rw-p 00000000 00:00 0 
2bc390c2c000-2bc390c34000 rw-p 00000000 00:00 0 
2bc39cc34000-2bc39cc3c000 rw-p 00000000 00:00 0 
2bc3b4c3c000-2bc3b4c44000 rw-p 00000000 00:00 0 
2bc3bcc34000-2bc3bcc3c000 rw-p 00000000 00:00 0 
2bc3c0c3c000-2bc3c0c44000 rw-p 00000000 00:00 0 
2bc3d8c44000-2bc3d8c5c000 rw-p 00000000 00:00 0 
2bc3f0c4c000-2bc3f0c54000 rw-p 00000000 00:00 0 
2bc3f4c54000-2bc3f4c64000 rw-p 00000000 00:00 0 
2bc408c54000-2bc408c5c000 rw-p 00000000 00:00 0 
2bc414c5c000-2bc414c6c000 rw-p 00000000 00:00 0 
2bc420c5c000-2bc420c64000 rw-p 00000000 00:00 0 
2bc430c64000-2bc430c6c000 rw-p 00000000 00:00 0 
2bc438c64000-2bc438c6c000 rw-p 00000000 00:00 0 
2bc450c6c000-2bc450c84000 rw-p 00000000 00:00 0 
2bc468c74000-2bc468c7c000 rw-p 00000000 00:00 0 
2bc46cc7c000-2bc46cc84000 rw-p 00000000 00:00 0 
2bc480c7c000-2bc480c84000 rw-p 00000000 00:00 0 
2bc48cc84000-2bc48cc94000 rw-p 00000000 00:00 0 
2bc498c84000-2bc498c8c000 rw-p 00000000 00:00 0 
2bc4a8c8c000-2bc4a8c94000 rw-p 00000000 00:00 0 
2bc4b0c8c000-2bc4b0c94000 rw-p 00000000 00:00 0 
2bc4c8c94000-2bc4c8ca4000 rw-p 00000000 00:00 0 
2bc4d4c94000-2bc4d4c9c000 rw-p 00000000 00:00 0 
2bc4e0c9c000-2bc4e0ca4000 rw-p 00000000 00:00 0 
2bc4e4ca4000-2bc4e4cac000 rw-p 00000000 00:00 0 
2bc4f8ca4000-2bc4f8cac000 rw-p 00000000 00:00 0 
2bc504cac000-2bc504cbc000 rw-p 00000000 00:00 0 
2bc510cac000-2bc510cb4000 rw-p 00000000 00:00 0 
2bc520cb4000-2bc520cbc000 rw-p 00000000 00:00 0 
2bc538cc5000-2bc538ccd000 rw-p 00000000 00:00 0 
2bc540cb4000-2bc540cc4000 rw-p 00000000 00:00 0 
2bc558cc4000-2bc558ccc000 rw-p 00000000 00:00 0 
2bc570ccc000-2bc570ced000 rw-p 00000000 00:00 0 
2bc574ced000-2bc574cf5000 rw-p 00000000 00:00 0 
2bc5a4cfe000-2bc5a4d06000 rw-p 00000000 00:00 0 
2bc5acced000-2bc5accfd000 rw-p 00000000 00:00 0 
2bc5b8cfd000-2bc5b8d05000 rw-p 00000000 00:00 0 
2bc5d0d05000-2bc5d0d0d000 rw-p 00000000 00:00 0 
2bc5e0d0d000-2bc5e0d15000 rw-p 00000000 00:00 0 
2bc5e8d0d000-2bc5e8d15000 rw-p 00000000 00:00 0 
2bc600d15000-2bc600d1d000 rw-p 00000000 00:00 0 
2bc618d1d000-2bc618d25000 rw-p 00000000 00:00 0 
2bc61cd25000-2bc61cd2d000 rw-p 00000000 00:00 0 
2bc630d25000-2bc630d2d000 rw-p 00000000 00:00 0 
2bc654d36000-2bc654d3e000 rw-p 00000000 00:00 0 
2bc66cd3e000-2bc66cd46000 rw-p 00000000 00:00 0 
2bc674d2d000-2bc674d35000 rw-p 00000000 00:00 0 
2bc678d35000-2bc678d45000 rw-p 00000000 00:00 0 
2bc690d45000-2bc690d4d000 rw-p 00000000 00:00 0 
2bc6a8d4d000-2bc6a8d55000 rw-p 00000000 00:00 0 
2bc6acd55000-2bc6acd5d000 rw-p 00000000 00:00 0 
2bc6c0d55000-2bc6c0d5d000 rw-p 00000000 00:00 0 
2bc6d8d5d000-2bc6d8d65000 rw-p 00000000 00:00 0 
2bc6e8d65000-2bc6e8d6d000 rw-p 00000000 00:00 0 
2bc6f0d65000-2bc6f0d6d000 rw-p 00000000 00:00 0 
2bc708d6d000-2bc708d7e000 rw-p 00000000 00:00 0 
2bc720d7e000-2bc720d86000 rw-p 00000000 00:00 0 
2bc724d86000-2bc724d8e000 rw-p 00000000 00:00 0 
2bc738d86000-2bc738d8e000 rw-p 00000000 00:00 0 
2bc750d8e000-2bc750d96000 rw-p 00000000 00:00 0 
2bc760d96000-2bc760d9e000 rw-p 00000000 00:00 0 
2bc768d96000-2bc768d9e000 rw-p 00000000 00:00 0 
2bc780d9e000-2bc780dae000 rw-p 00000000 00:00 0 
2bc798da6000-2bc798dae000 rw-p 00000000 00:00 0 
2bc7b0dae000-2bc7b0db6000 rw-p 00000000 00:00 0 
2bc7c8db6000-2bc7c8dbe000 rw-p 00000000 00:00 0 
2bc7e0dbe000-2bc7e0dc6000 rw-p 00000000 00:00 0 
2bc7f8dc6000-2bc7f8dce000 rw-p 00000000 00:00 0 
2bc810dce000-2bc810dd6000 rw-p 00000000 00:00 0 
2bc828dd6000-2bc828dde000 rw-p 00000000 00:00 0 
2bc858dde000-2bc858dee000 rw-p 00000000 00:00 0 
2bc870dee000-2bc870df6000 rw-p 00000000 00:00 0 
2bc888df6000-2bc888dfe000 rw-p 00000000 00:00 0 
2bc8a0dfe000-2bc8a0e06000 rw-p 00000000 00:00 0 
2bc8b8e06000-2bc8b8e0e000 rw-p 00000000 00:00 0 
2bc8d0e0e000-2bc8d0e16000 rw-p 00000000 00:00 0 
2bc8e8e16000-2bc8e8e1e000 rw-p 00000000 00:00 0 
2bc900e17000-2bc900e1f000 rw-p 00000000 00:00 0 
2bc904e1f000-2bc904e20000 rw-p 00000000 00:00 0 
2bc918e1f000-2bc918e27000 rw-p 00000000 00:00 0 
2bc924e27000-2bc924e28000 rw-p 00000000 00:00 0 
2bc930e27000-2bc930e2f000 rw-p 00000000 00:00 0 
2bc940e2f000-2bc940e30000 rw-p 00000000 00:00 0 
2bc948e2f000-2bc948e37000 rw-p 00000000 00:00 0 
2bc960e37000-2bc960e3a000 rw-p 00000000 00:00 0 
2bc978e39000-2bc978e3a000 rw-p 00000000 00:00 0 
2bc97ce3a000-2bc97ce43000 rw-p 00000000 00:00 0 
2bc990e3a000-2bc990e3b000 rw-p 00000000 00:00 0 
2bc99ce3b000-2bc99ce43000 rw-p 00000000 00:00 0 
2bc9b4e43000-2bc9b4e4b000 rw-p 00000000 00:00 0 
2bc9cce4b000-2bc9cce53000 rw-p 00000000 00:00 0 
2bc9e4e53000-2bc9e4e64000 rw-p 00000000 00:00 0 
2bc9fce64000-2bc9fce6c000 rw-p 00000000 00:00 0 
2bca14e6c000-2bca14e74000 rw-p 00000000 00:00 0 
2bca2ce74000-2bca2ce7c000 rw-p 00000000 00:00 0 
2bca44e7c000-2bca44e84000 rw-p 00000000 00:00 0 
2bca5ce84000-2bca5ce8c000 rw-p 00000000 00:00 0 
2bca74e8c000-2bca74e94000 rw-p 00000000 00:00 0 
2bca8ce94000-2bca8ce9c000 rw-p 00000000 00:00 0 
2bcaa4e9c000-2bcaa4ea4000 rw-p 00000000 00:00 0 
2bcabcea4000-2bcabceac000 rw-p 00000000 00:00 0 
2bcad4eac000-2bcad4ead000 rw-p 00000000 00:00 0 
2bcaecead000-2bcaeceb5000 rw-p 00000000 00:00 0 
2bcb04eb5000-2bcb04ebd000 rw-p 00000000 00:00 0 
2bcb1cebd000-2bcb1cec5000 rw-p 00000000 00:00 0 
2bcb34ec5000-2bcb34ecd000 rw-p 00000000 00:00 0 
2bcb4cecd000-2bcb4ced5000 rw-p 00000000 00:00 0 
2bcb64ed5000-2bcb64edd000 rw-p 00000000 00:00 0 
2bcb7cedd000-2bcb7cee5000 rw-p 00000000 00:00 0 
2bcb94ee5000-2bcb94eed000 rw-p 00000000 00:00 0 
2bcbaceed000-2bcbacef5000 rw-p 00000000 00:00 0 
2bcbc4ef5000-2bcbc4efd000 rw-p 00000000 00:00 0 
2bcbdcefd000-2bcbdcf05000 rw-p 00000000 00:00 0 
2bcbf4f05000-2bcbf4f0d000 rw-p 00000000 00:00 0 
2bcc0cf0d000-2bcc0cf15000 rw-p 00000000 00:00 0 
2bcc24f15000-2bcc24f1d000 rw-p 00000000 00:00 0 
2bcc3cf1d000-2bcc3cf25000 rw-p 00000000 00:00 0 
2bcc54f25000-2bcc54f2d000 rw-p 00000000 00:00 0 
2bcc6cf2d000-2bcc6cf35000 rw-p 00000000 00:00 0 
2bcc84f35000-2bcc84f3d000 rw-p 00000000 00:00 0 
2bcc9cf3d000-2bcc9cf45000 rw-p 00000000 00:00 0 
2bccb4f45000-2bccb4f4d000 rw-p 00000000 00:00 0 
2bccccf4d000-2bccccf55000 rw-p 00000000 00:00 0 
2bcce4f55000-2bcce4f5d000 rw-p 00000000 00:00 0 
2bcd14f5d000-2bcd14f6d000 rw-p 00000000 00:00 0 
2bcd44f76000-2bcd44f7e000 rw-p 00000000 00:00 0 
2bcd5cf7e000-2bcd5cf86000 rw-p 00000000 00:00 0 
2bcd74f86000-2bcd74f8e000 rw-p 00000000 00:00 0 
2bcd8cf8e000-2bcd8cf96000 rw-p 00000000 00:00 0 
2bcda4f96000-2bcda4f9e000 rw-p 00000000 00:00 0 
2bcdbcf9e000-2bcdbcfa6000 rw-p 00000000 00:00 0 
2bcdd4fa6000-2bcdd4fae000 rw-p 00000000 00:00 0 
2bcdecfae000-2bcdecfb6000 rw-p 00000000 00:00 0 
2bce04fb6000-2bce04fbe000 rw-p 00000000 00:00 0 
2bce1cfbe000-2bce1cfc6000 rw-p 00000000 00:00 0 
2bce34fc6000-2bce34fce000 rw-p 00000000 00:00 0 
2bce4cfce000-2bce4cfd6000 rw-p 00000000 00:00 0 
2bce64fd6000-2bce64fde000 rw-p 00000000 00:00 0 
2bce7cfde000-2bce7cfe6000 rw-p 00000000 00:00 0 
2bce94fe6000-2bce94fee000 rw-p 00000000 00:00 0 
2bceacfee000-2bceacff6000 rw-p 00000000 00:00 0 
2bcec4ff6000-2bcec4ffe000 rw-p 00000000 00:00 0 
2bcedcffe000-2bcedd006000 rw-p 00000000 00:00 0 
2bcef5006000-2bcef500e000 rw-p 00000000 00:00 0 
2bcf0d00e000-2bcf0d016000 rw-p 00000000 00:00 0 
2bcf25016000-2bcf2501e000 rw-p 00000000 00:00 0 
2bcf3d01e000-2bcf3d026000 rw-p 00000000 00:00 0 
2bcf55026000-2bcf5502e000 rw-p 00000000 00:00 0 
2bcf6d02e000-2bcf6d036000 rw-p 00000000 00:00 0 
2bcf85036000-2bcf8503e000 rw-p 00000000 00:00 0 
2bcf9d03e000-2bcf9d046000 rw-p 00000000 00:00 0 
2bcfb5046000-2bcfb504e000 rw-p 00000000 00:00 0 
2bcfcd04e000-2bcfcd056000 rw-p 00000000 00:00 0 
7ffcbab09000-7ffcbab21000 rw-p 00000000 00:00 0                          [stack]
7ffcbab43000-7ffcbab44000 r-xp 00000000 00:00 0                          [vdso]
ffffffffff600000-ffffffffff601000 r-xp 00000000 00:00 0                  [vsyscall]

VM Arguments:
java_command: /projects/ps-lalexandrov/shared/GenomeAnalysisTK-3.8-1-0-gf15c1c3ef/GenomeAnalysisTK.jar --version
java_class_path (initial): /projects/ps-lalexandrov/shared/GenomeAnalysisTK-3.8-1-0-gf15c1c3ef/GenomeAnalysisTK.jar
Launcher Type: SUN_STANDARD

Environment Variables:
JAVA_HOME=/home/heyudou/miniconda3/envs/evc_gatk3
PATH=/home/heyudou/tools/IGV_2.6.2:/home/heyudou/tools/jdk-12/bin:/home/heyudou/tools/score-client-1.6.1/bin:/home/heyudou/.local/bin:/home/heyudou/.aspera/connect/bin:/home/heyudou/restricted_home/precancer/ega/EgaDemoClient:/restricted/alexandrov-group/heyudou/precancer/sra/sratoolkit.2.9.6-1-centos_linux64/bin:/home/heyudou/miniconda3/envs/evc_gatk3/bin:/home/heyudou/miniconda3/condabin:/opt/openmpi/intel/ib/bin:/opt/intel/composer_xe_2013_sp1.2.144/bin/intel64:/opt/intel/composer_xe_2013_sp1.2.144/mpirt/bin/intel64:/opt/intel/composer_xe_2013_sp1.2.144/debugger/gdb/intel64_mic/bin:/usr/lib64/qt-3.3/bin:/usr/local/bin:/bin:/usr/bin:/usr/local/sbin:/usr/sbin:/sbin:/opt/sdsc/bin:/opt/sdsc/sbin:/opt/bio/ncbi/bin:/opt/bio/mpiblast/bin:/opt/bio/EMBOSS/bin:/opt/bio/clustalw/bin:/opt/bio/tcoffee/bin:/opt/bio/hmmer/bin:/opt/bio/phylip/exe:/opt/bio/mrbayes:/opt/bio/fasta:/opt/bio/glimmer/bin:/opt/bio/glimmer/scripts:/opt/bio/gromacs/bin:/opt/bio/gmap/bin:/opt/bio/tigr/bin:/opt/bio/autodocksuite/bin:/opt/bio/wgs/bin:/opt/gold/bin:/opt/gold/sbin:.:/usr/java/latest/bin:/opt/maui/bin:/opt/torque/bin:/opt/torque/sbin:/opt/pdsh/bin:/opt/rocks/bin:/opt/rocks/sbin:/home/heyudou/bin
LD_LIBRARY_PATH=/opt/openmpi/intel/ib/lib:/opt/intel/composer_xe_2013_sp1.2.144/compiler/lib/intel64:/opt/intel/composer_xe_2013_sp1.2.144/mpirt/lib/intel64:/opt/intel/composer_xe_2013_sp1.2.144/ipp/../compiler/lib/intel64:/opt/intel/composer_xe_2013_sp1.2.144/ipp/lib/intel64:/opt/intel/composer_xe_2013_sp1.2.144/compiler/lib/intel64:/opt/intel/composer_xe_2013_sp1.2.144/mkl/lib/intel64:/opt/intel/composer_xe_2013_sp1.2.144/tbb/lib/intel64/gcc4.4:/opt/gnu/gcc/lib64:/opt/gnu/gmp/lib:/opt/gnu/mpfr/lib:/opt/gnu/mpc/lib:/opt/sdsc/lib
SHELL=/bin/bash

Signal Handlers:
SIGSEGV: [libjvm.so+0xa42360], sa_mask[0]=11111111011111111101111111111110, sa_flags=SA_RESTART|SA_SIGINFO
SIGBUS: [libjvm.so+0xa42360], sa_mask[0]=11111111011111111101111111111110, sa_flags=SA_RESTART|SA_SIGINFO
SIGFPE: [libjvm.so+0x8abc50], sa_mask[0]=11111111011111111101111111111110, sa_flags=SA_RESTART|SA_SIGINFO
SIGPIPE: [libjvm.so+0x8abc50], sa_mask[0]=11111111011111111101111111111110, sa_flags=SA_RESTART|SA_SIGINFO
SIGXFSZ: [libjvm.so+0x8abc50], sa_mask[0]=11111111011111111101111111111110, sa_flags=SA_RESTART|SA_SIGINFO
SIGILL: [libjvm.so+0x8abc50], sa_mask[0]=11111111011111111101111111111110, sa_flags=SA_RESTART|SA_SIGINFO
SIGUSR1: SIG_DFL, sa_mask[0]=00000000000000000000000000000000, sa_flags=none
SIGUSR2: [libjvm.so+0x8ad350], sa_mask[0]=00000000000000000000000000000000, sa_flags=SA_RESTART|SA_SIGINFO
SIGHUP: [libjvm.so+0x8aece0], sa_mask[0]=11111111011111111101111111111110, sa_flags=SA_RESTART|SA_SIGINFO
SIGINT: [libjvm.so+0x8aece0], sa_mask[0]=11111111011111111101111111111110, sa_flags=SA_RESTART|SA_SIGINFO
SIGTERM: [libjvm.so+0x8aece0], sa_mask[0]=11111111011111111101111111111110, sa_flags=SA_RESTART|SA_SIGINFO
SIGQUIT: [libjvm.so+0x8aece0], sa_mask[0]=11111111011111111101111111111110, sa_flags=SA_RESTART|SA_SIGINFO


---------------  S Y S T E M  ---------------

OS:CentOS release 6.6 (Final)

uname:Linux 2.6.32-696.18.7.el6.x86_64 #1 SMP Thu Jan 4 17:31:22 UTC 2018 x86_64
libc:glibc 2.12 NPTL 2.12 
rlimit: STACK infinity, CORE 0k, NPROC 1024, NOFILE 4096, AS 4194304k
load average:26.49 28.62 34.41

/proc/meminfo:
MemTotal:       41277172 kB
MemFree:        12257144 kB
Buffers:          164760 kB
Cached:         14577876 kB
SwapCached:        10148 kB
Active:         11278928 kB
Inactive:       16431912 kB
Active(anon):    9913036 kB
Inactive(anon):  3056516 kB
Active(file):    1365892 kB
Inactive(file): 13375396 kB
Unevictable:           0 kB
Mlocked:               0 kB
SwapTotal:       3072276 kB
SwapFree:              0 kB
Dirty:               156 kB
Writeback:             0 kB
AnonPages:      12958252 kB
Mapped:            63364 kB
Shmem:              1376 kB
Slab:             511816 kB
SReclaimable:     341144 kB
SUnreclaim:       170672 kB
KernelStack:       11872 kB
PageTables:       330656 kB
NFS_Unstable:          0 kB
Bounce:                0 kB
WritebackTmp:          0 kB
CommitLimit:    23710860 kB
Committed_AS:   144850372 kB
VmallocTotal:   34359738367 kB
VmallocUsed:      410240 kB
VmallocChunk:   34341980920 kB
HardwareCorrupted:     0 kB
AnonHugePages:   3995648 kB
HugePages_Total:       0
HugePages_Free:        0
HugePages_Rsvd:        0
HugePages_Surp:        0
Hugepagesize:       2048 kB
DirectMap4k:        7872 kB
DirectMap2M:    41926656 kB


CPU:total 8 (initial active 8) (4 cores per cpu, 2 threads per core) family 6 model 26 stepping 5, cmov, cx8, fxsr, mmx, sse, sse2, sse3, ssse3, sse4.1, sse4.2, popcnt, ht, tsc, tscinvbit, tscinv

/proc/cpuinfo:
processor	: 0
vendor_id	: GenuineIntel
cpu family	: 6
model		: 26
model name	: Intel(R) Xeon(R) CPU           E5530  @ 2.40GHz
stepping	: 5
microcode	: 25
cpu MHz		: 2400.171
cache size	: 8192 KB
physical id	: 1
siblings	: 4
core id		: 0
cpu cores	: 4
apicid		: 16
initial apicid	: 16
fpu		: yes
fpu_exception	: yes
cpuid level	: 11
wp		: yes
flags		: fpu vme de pse tsc msr pae mce cx8 apic sep mtrr pge mca cmov pat pse36 clflush dts acpi mmx fxsr sse sse2 ss ht tm pbe syscall nx rdtscp lm constant_tsc arch_perfmon pebs bts rep_good xtopology nonstop_tsc aperfmperf pni dtes64 monitor ds_cpl vmx est tm2 ssse3 cx16 xtpr pdcm dca sse4_1 sse4_2 popcnt lahf_lm ida dtherm tpr_shadow vnmi flexpriority ept vpid
bogomips	: 4800.34
clflush size	: 64
cache_alignment	: 64
address sizes	: 40 bits physical, 48 bits virtual
power management:

processor	: 1
vendor_id	: GenuineIntel
cpu family	: 6
model		: 26
model name	: Intel(R) Xeon(R) CPU           E5530  @ 2.40GHz
stepping	: 5
microcode	: 25
cpu MHz		: 2400.171
cache size	: 8192 KB
physical id	: 1
siblings	: 4
core id		: 1
cpu cores	: 4
apicid		: 18
initial apicid	: 18
fpu		: yes
fpu_exception	: yes
cpuid level	: 11
wp		: yes
flags		: fpu vme de pse tsc msr pae mce cx8 apic sep mtrr pge mca cmov pat pse36 clflush dts acpi mmx fxsr sse sse2 ss ht tm pbe syscall nx rdtscp lm constant_tsc arch_perfmon pebs bts rep_good xtopology nonstop_tsc aperfmperf pni dtes64 monitor ds_cpl vmx est tm2 ssse3 cx16 xtpr pdcm dca sse4_1 sse4_2 popcnt lahf_lm ida dtherm tpr_shadow vnmi flexpriority ept vpid
bogomips	: 4800.34
clflush size	: 64
cache_alignment	: 64
address sizes	: 40 bits physical, 48 bits virtual
power management:

processor	: 2
vendor_id	: GenuineIntel
cpu family	: 6
model		: 26
model name	: Intel(R) Xeon(R) CPU           E5530  @ 2.40GHz
stepping	: 5
microcode	: 25
cpu MHz		: 2400.171
cache size	: 8192 KB
physical id	: 1
siblings	: 4
core id		: 2
cpu cores	: 4
apicid		: 20
initial apicid	: 20
fpu		: yes
fpu_exception	: yes
cpuid level	: 11
wp		: yes
flags		: fpu vme de pse tsc msr pae mce cx8 apic sep mtrr pge mca cmov pat pse36 clflush dts acpi mmx fxsr sse sse2 ss ht tm pbe syscall nx rdtscp lm constant_tsc arch_perfmon pebs bts rep_good xtopology nonstop_tsc aperfmperf pni dtes64 monitor ds_cpl vmx est tm2 ssse3 cx16 xtpr pdcm dca sse4_1 sse4_2 popcnt lahf_lm ida dtherm tpr_shadow vnmi flexpriority ept vpid
bogomips	: 4800.34
clflush size	: 64
cache_alignment	: 64
address sizes	: 40 bits physical, 48 bits virtual
power management:

processor	: 3
vendor_id	: GenuineIntel
cpu family	: 6
model		: 26
model name	: Intel(R) Xeon(R) CPU           E5530  @ 2.40GHz
stepping	: 5
microcode	: 25
cpu MHz		: 2400.171
cache size	: 8192 KB
physical id	: 1
siblings	: 4
core id		: 3
cpu cores	: 4
apicid		: 22
initial apicid	: 22
fpu		: yes
fpu_exception	: yes
cpuid level	: 11
wp		: yes
flags		: fpu vme de pse tsc msr pae mce cx8 apic sep mtrr pge mca cmov pat pse36 clflush dts acpi mmx fxsr sse sse2 ss ht tm pbe syscall nx rdtscp lm constant_tsc arch_perfmon pebs bts rep_good xtopology nonstop_tsc aperfmperf pni dtes64 monitor ds_cpl vmx est tm2 ssse3 cx16 xtpr pdcm dca sse4_1 sse4_2 popcnt lahf_lm ida dtherm tpr_shadow vnmi flexpriority ept vpid
bogomips	: 4800.34
clflush size	: 64
cache_alignment	: 64
address sizes	: 40 bits physical, 48 bits virtual
power management:

processor	: 4
vendor_id	: GenuineIntel
cpu family	: 6
model		: 26
model name	: Intel(R) Xeon(R) CPU           E5530  @ 2.40GHz
stepping	: 5
microcode	: 25
cpu MHz		: 2400.171
cache size	: 8192 KB
physical id	: 0
siblings	: 4
core id		: 0
cpu cores	: 4
apicid		: 0
initial apicid	: 0
fpu		: yes
fpu_exception	: yes
cpuid level	: 11
wp		: yes
flags		: fpu vme de pse tsc msr pae mce cx8 apic sep mtrr pge mca cmov pat pse36 clflush dts acpi mmx fxsr sse sse2 ss ht tm pbe syscall nx rdtscp lm constant_tsc arch_perfmon pebs bts rep_good xtopology nonstop_tsc aperfmperf pni dtes64 monitor ds_cpl vmx est tm2 ssse3 cx16 xtpr pdcm dca sse4_1 sse4_2 popcnt lahf_lm ida dtherm tpr_shadow vnmi flexpriority ept vpid
bogomips	: 4799.35
clflush size	: 64
cache_alignment	: 64
address sizes	: 40 bits physical, 48 bits virtual
power management:

processor	: 5
vendor_id	: GenuineIntel
cpu family	: 6
model		: 26
model name	: Intel(R) Xeon(R) CPU           E5530  @ 2.40GHz
stepping	: 5
microcode	: 25
cpu MHz		: 2400.171
cache size	: 8192 KB
physical id	: 0
siblings	: 4
core id		: 1
cpu cores	: 4
apicid		: 2
initial apicid	: 2
fpu		: yes
fpu_exception	: yes
cpuid level	: 11
wp		: yes
flags		: fpu vme de pse tsc msr pae mce cx8 apic sep mtrr pge mca cmov pat pse36 clflush dts acpi mmx fxsr sse sse2 ss ht tm pbe syscall nx rdtscp lm constant_tsc arch_perfmon pebs bts rep_good xtopology nonstop_tsc aperfmperf pni dtes64 monitor ds_cpl vmx est tm2 ssse3 cx16 xtpr pdcm dca sse4_1 sse4_2 popcnt lahf_lm ida dtherm tpr_shadow vnmi flexpriority ept vpid
bogomips	: 4799.35
clflush size	: 64
cache_alignment	: 64
address sizes	: 40 bits physical, 48 bits virtual
power management:

processor	: 6
vendor_id	: GenuineIntel
cpu family	: 6
model		: 26
model name	: Intel(R) Xeon(R) CPU           E5530  @ 2.40GHz
stepping	: 5
microcode	: 25
cpu MHz		: 2400.171
cache size	: 8192 KB
physical id	: 0
siblings	: 4
core id		: 2
cpu cores	: 4
apicid		: 4
initial apicid	: 4
fpu		: yes
fpu_exception	: yes
cpuid level	: 11
wp		: yes
flags		: fpu vme de pse tsc msr pae mce cx8 apic sep mtrr pge mca cmov pat pse36 clflush dts acpi mmx fxsr sse sse2 ss ht tm pbe syscall nx rdtscp lm constant_tsc arch_perfmon pebs bts rep_good xtopology nonstop_tsc aperfmperf pni dtes64 monitor ds_cpl vmx est tm2 ssse3 cx16 xtpr pdcm dca sse4_1 sse4_2 popcnt lahf_lm ida dtherm tpr_shadow vnmi flexpriority ept vpid
bogomips	: 4799.35
clflush size	: 64
cache_alignment	: 64
address sizes	: 40 bits physical, 48 bits virtual
power management:

processor	: 7
vendor_id	: GenuineIntel
cpu family	: 6
model		: 26
model name	: Intel(R) Xeon(R) CPU           E5530  @ 2.40GHz
stepping	: 5
microcode	: 25
cpu MHz		: 2400.171
cache size	: 8192 KB
physical id	: 0
siblings	: 4
core id		: 3
cpu cores	: 4
apicid		: 6
initial apicid	: 6
fpu		: yes
fpu_exception	: yes
cpuid level	: 11
wp		: yes
flags		: fpu vme de pse tsc msr pae mce cx8 apic sep mtrr pge mca cmov pat pse36 clflush dts acpi mmx fxsr sse sse2 ss ht tm pbe syscall nx rdtscp lm constant_tsc arch_perfmon pebs bts rep_good xtopology nonstop_tsc aperfmperf pni dtes64 monitor ds_cpl vmx est tm2 ssse3 cx16 xtpr pdcm dca sse4_1 sse4_2 popcnt lahf_lm ida dtherm tpr_shadow vnmi flexpriority ept vpid
bogomips	: 4799.35
clflush size	: 64
cache_alignment	: 64
address sizes	: 40 bits physical, 48 bits virtual
power management:



Memory: 4k page, physical 41277172k(12257144k free), swap 3072276k(0k free)

vm_info: OpenJDK 64-Bit Server VM (25.192-b01) for linux-amd64 JRE (1.8.0_192-b01), built on Oct 17 2018 08:31:20 by "zulu_re" with gcc 4.4.7 20120313 (Red Hat 4.4.7-3)

time: Thu Dec 19 23:34:25 2019
timezone: PST
elapsed time: 6 seconds (0d 0h 0m 6s)

